2025-05-07 19:27:30 [INFO] 启动视觉方案助手应用程序
2025-05-07 19:27:30 [INFO] 正在初始化数据库...
2025-05-07 19:27:30 [INFO] 数据库初始化完成
2025-05-07 19:27:30 [INFO] 正在创建应用实例...
2025-05-07 19:27:30 [INFO] 已设置应用程序图标
2025-05-07 19:27:30 [INFO] 初始化主窗口
2025-05-07 19:27:30 [INFO] 项目列表已刷新
2025-05-07 19:27:30 [INFO] 主窗口初始化完成
2025-05-07 19:27:30 [INFO] 应用程序界面已显示
2025-05-07 19:27:38 [INFO] 切换到首页
2025-05-07 19:27:39 [INFO] 切换到设置页面
2025-05-07 19:27:51 [INFO] 已选择项目文件夹: /home/unitx/桌面
2025-05-07 19:27:53 [INFO] 设置已保存
2025-05-07 19:27:57 [INFO] 切换到首页
2025-05-07 19:29:04 [INFO] 项目创建成功: /home/unitx/桌面/超煜_电子金属壳体节拍分析_V1_20250507
2025-05-07 19:29:06 [INFO] 项目列表已刷新
2025-05-07 19:29:08 [INFO] 项目列表已刷新
2025-05-07 19:29:14 [INFO] 切换到POC制作页面
2025-05-07 19:29:44 [INFO] 尝试访问开发中的缺陷分析功能
2025-05-07 19:29:46 [INFO] 切换到配置记录页面
2025-05-07 19:30:11 [INFO] 启动视觉方案助手应用程序
2025-05-07 19:30:11 [INFO] 正在初始化数据库...
2025-05-07 19:30:11 [INFO] 数据库初始化完成
2025-05-07 19:30:11 [INFO] 正在创建应用实例...
2025-05-07 19:30:11 [INFO] 已设置应用程序图标
2025-05-07 19:30:11 [INFO] 初始化主窗口
2025-05-07 19:30:11 [INFO] 项目列表已刷新
2025-05-07 19:30:11 [INFO] 主窗口初始化完成
2025-05-07 19:30:11 [INFO] 应用程序界面已显示
2025-05-07 19:30:15 [INFO] 切换到POC制作页面
2025-05-07 19:33:10 [INFO] 切换到首页
2025-05-07 19:33:16 [INFO] 切换到设置页面
2025-05-07 19:33:20 [INFO] 已选择项目文件夹: /home/unitx/桌面/workflows
2025-05-07 19:33:21 [INFO] 设置已保存
2025-05-07 19:33:23 [INFO] 切换到首页
2025-05-07 19:33:25 [INFO] 项目列表已刷新
2025-05-07 19:33:26 [INFO] 项目列表已刷新
2025-05-07 19:33:32 [INFO] 切换到设置页面
2025-05-07 19:33:38 [INFO] 已选择项目文件夹: /home/unitx/桌面
2025-05-07 19:33:39 [INFO] 设置已保存
2025-05-07 19:33:41 [INFO] 切换到首页
2025-05-07 19:33:42 [INFO] 项目列表已刷新
2025-05-07 19:42:40 [INFO] 启动视觉方案助手应用程序
2025-05-07 19:42:40 [INFO] 正在初始化数据库...
2025-05-07 19:42:40 [INFO] 数据库初始化完成
2025-05-07 19:42:40 [INFO] 正在创建应用实例...
2025-05-07 19:42:40 [INFO] 已设置应用程序图标
2025-05-07 19:42:40 [INFO] 初始化主窗口
2025-05-07 19:42:40 [INFO] 项目列表已刷新
2025-05-07 19:42:40 [INFO] 主窗口初始化完成
2025-05-07 19:42:40 [INFO] 应用程序界面已显示
2025-05-07 19:42:48 [INFO] 启动视觉方案助手应用程序
2025-05-07 19:42:48 [INFO] 正在初始化数据库...
2025-05-07 19:42:48 [INFO] 数据库初始化完成
2025-05-07 19:42:48 [INFO] 正在创建应用实例...
2025-05-07 19:42:48 [INFO] 已设置应用程序图标
2025-05-07 19:42:48 [INFO] 初始化主窗口
2025-05-07 19:42:48 [INFO] 项目列表已刷新
2025-05-07 19:42:48 [INFO] 主窗口初始化完成
2025-05-07 19:42:48 [INFO] 应用程序界面已显示
2025-05-07 19:43:02 [INFO] 启动视觉方案助手应用程序
2025-05-07 19:43:02 [INFO] 正在初始化数据库...
2025-05-07 19:43:02 [INFO] 数据库初始化完成
2025-05-07 19:43:02 [INFO] 正在创建应用实例...
2025-05-07 19:43:02 [INFO] 已设置应用程序图标
2025-05-07 19:43:02 [INFO] 初始化主窗口
2025-05-07 19:43:02 [INFO] 项目列表已刷新
2025-05-07 19:43:02 [INFO] 主窗口初始化完成
2025-05-07 19:43:02 [INFO] 应用程序界面已显示
2025-05-07 19:44:21 [INFO] 启动视觉方案助手应用程序
2025-05-07 19:44:21 [INFO] 正在初始化数据库...
2025-05-07 19:44:21 [INFO] 数据库初始化完成
2025-05-07 19:44:21 [INFO] 正在创建应用实例...
2025-05-07 19:44:21 [INFO] 已设置应用程序图标
2025-05-07 19:44:26 [INFO] 初始化主窗口
2025-05-07 19:44:27 [INFO] 项目列表已刷新
2025-05-07 19:44:27 [INFO] 主窗口初始化完成
2025-05-07 19:44:27 [INFO] 应用程序界面已显示
2025-05-07 19:44:57 [INFO] 启动视觉方案助手应用程序
2025-05-07 19:44:57 [INFO] 正在初始化数据库...
2025-05-07 19:44:57 [INFO] 数据库初始化完成
2025-05-07 19:44:57 [INFO] 正在创建应用实例...
2025-05-07 19:44:57 [INFO] 已设置应用程序图标
2025-05-07 19:44:58 [INFO] 初始化主窗口
2025-05-07 19:44:58 [INFO] 项目列表已刷新
2025-05-07 19:44:58 [INFO] 主窗口初始化完成
2025-05-07 19:44:58 [INFO] 应用程序界面已显示
2025-05-07 19:47:00 [INFO] 启动视觉方案助手应用程序
2025-05-07 19:47:00 [INFO] 正在初始化数据库...
2025-05-07 19:47:00 [INFO] 数据库初始化完成
2025-05-07 19:47:00 [INFO] 正在创建应用实例...
2025-05-07 19:47:00 [INFO] 已设置应用程序图标
2025-05-07 19:47:00 [INFO] 初始化主窗口
2025-05-07 19:47:00 [INFO] 项目列表已刷新
2025-05-07 19:47:00 [INFO] 主窗口初始化完成
2025-05-07 19:47:00 [INFO] 应用程序界面已显示
2025-05-07 19:47:07 [INFO] 启动视觉方案助手应用程序
2025-05-07 19:47:07 [INFO] 正在初始化数据库...
2025-05-07 19:47:07 [INFO] 数据库初始化完成
2025-05-07 19:47:07 [INFO] 正在创建应用实例...
2025-05-07 19:47:07 [INFO] 已设置应用程序图标
2025-05-07 19:47:07 [INFO] 初始化主窗口
2025-05-07 19:47:07 [INFO] 项目列表已刷新
2025-05-07 19:47:07 [INFO] 主窗口初始化完成
2025-05-07 19:47:07 [INFO] 应用程序界面已显示
2025-05-07 19:48:47 [INFO] 启动视觉方案助手应用程序
2025-05-07 19:48:47 [INFO] 正在初始化数据库...
2025-05-07 19:48:47 [INFO] 数据库初始化完成
2025-05-07 19:48:47 [INFO] 正在创建应用实例...
2025-05-07 19:48:47 [INFO] 已设置应用程序图标
2025-05-07 19:48:47 [INFO] 初始化主窗口
2025-05-07 19:48:47 [INFO] 项目列表已刷新
2025-05-07 19:48:47 [INFO] 主窗口初始化完成
2025-05-07 19:48:49 [INFO] 应用程序界面已显示
2025-05-07 19:52:01 [INFO] 启动视觉方案助手应用程序
2025-05-07 19:52:01 [INFO] 正在初始化数据库...
2025-05-07 19:52:01 [INFO] 数据库初始化完成
2025-05-07 19:52:01 [INFO] 正在创建应用实例...
2025-05-07 19:52:01 [INFO] 已设置应用程序图标
2025-05-07 19:52:01 [INFO] 初始化主窗口
2025-05-07 19:52:01 [INFO] 项目列表已刷新
2025-05-07 19:52:01 [INFO] 主窗口初始化完成
2025-05-07 19:52:04 [INFO] 应用程序界面已显示
2025-05-07 19:53:50 [INFO] 启动视觉方案助手应用程序
2025-05-07 19:53:50 [INFO] 正在初始化数据库...
2025-05-07 19:53:50 [INFO] 数据库初始化完成
2025-05-07 19:53:50 [INFO] 正在创建应用实例...
2025-05-07 19:53:50 [INFO] 已设置应用程序图标
2025-05-07 19:53:50 [INFO] 初始化主窗口
2025-05-07 19:53:50 [INFO] 项目列表已刷新
2025-05-07 19:53:50 [INFO] 主窗口初始化完成
2025-05-07 19:53:52 [INFO] 应用程序界面已显示
2025-05-07 19:54:02 [INFO] 启动视觉方案助手应用程序
2025-05-07 19:54:02 [INFO] 正在初始化数据库...
2025-05-07 19:54:02 [INFO] 数据库初始化完成
2025-05-07 19:54:02 [INFO] 正在创建应用实例...
2025-05-07 19:54:02 [INFO] 已设置应用程序图标
2025-05-07 19:54:02 [INFO] 初始化主窗口
2025-05-07 19:54:02 [INFO] 项目列表已刷新
2025-05-07 19:54:02 [INFO] 主窗口初始化完成
2025-05-07 19:54:04 [INFO] 应用程序界面已显示
2025-05-07 19:55:15 [INFO] 启动视觉方案助手应用程序
2025-05-07 19:55:15 [INFO] 正在初始化数据库...
2025-05-07 19:55:15 [INFO] 数据库初始化完成
2025-05-07 19:55:15 [INFO] 正在创建应用实例...
2025-05-07 19:55:15 [INFO] 已设置应用程序图标
2025-05-07 19:55:15 [INFO] 初始化主窗口
2025-05-07 19:55:15 [INFO] 项目列表已刷新
2025-05-07 19:55:15 [INFO] 主窗口初始化完成
2025-05-07 19:55:17 [INFO] 应用程序界面已显示
2025-05-07 19:55:25 [INFO] 启动视觉方案助手应用程序
2025-05-07 19:55:25 [INFO] 正在初始化数据库...
2025-05-07 19:55:25 [INFO] 数据库初始化完成
2025-05-07 19:55:25 [INFO] 正在创建应用实例...
2025-05-07 19:55:25 [INFO] 已设置应用程序图标
2025-05-07 19:55:25 [INFO] 初始化主窗口
2025-05-07 19:55:25 [INFO] 项目列表已刷新
2025-05-07 19:55:25 [INFO] 主窗口初始化完成
2025-05-07 19:55:27 [INFO] 应用程序界面已显示
2025-05-07 19:55:32 [INFO] 启动视觉方案助手应用程序
2025-05-07 19:55:32 [INFO] 正在初始化数据库...
2025-05-07 19:55:32 [INFO] 数据库初始化完成
2025-05-07 19:55:32 [INFO] 正在创建应用实例...
2025-05-07 19:55:32 [INFO] 已设置应用程序图标
2025-05-07 19:55:32 [INFO] 初始化主窗口
2025-05-07 19:55:32 [INFO] 项目列表已刷新
2025-05-07 19:55:32 [INFO] 主窗口初始化完成
2025-05-07 19:55:34 [INFO] 应用程序界面已显示
2025-05-07 19:55:41 [INFO] 启动视觉方案助手应用程序
2025-05-07 19:55:41 [INFO] 正在初始化数据库...
2025-05-07 19:55:41 [INFO] 数据库初始化完成
2025-05-07 19:55:41 [INFO] 正在创建应用实例...
2025-05-07 19:55:41 [INFO] 已设置应用程序图标
2025-05-07 19:55:41 [INFO] 初始化主窗口
2025-05-07 19:55:41 [INFO] 项目列表已刷新
2025-05-07 19:55:41 [INFO] 主窗口初始化完成
2025-05-07 19:55:43 [INFO] 应用程序界面已显示
2025-05-07 19:56:22 [INFO] 启动视觉方案助手应用程序
2025-05-07 19:56:22 [INFO] 正在初始化数据库...
2025-05-07 19:56:22 [INFO] 数据库初始化完成
2025-05-07 19:56:22 [INFO] 正在创建应用实例...
2025-05-07 19:56:22 [INFO] 已设置应用程序图标
2025-05-07 19:56:22 [INFO] 初始化主窗口
2025-05-07 19:56:22 [INFO] 项目列表已刷新
2025-05-07 19:56:22 [INFO] 主窗口初始化完成
2025-05-07 19:56:24 [INFO] 应用程序界面已显示
2025-05-07 19:56:58 [INFO] 启动视觉方案助手应用程序
2025-05-07 19:56:58 [INFO] 正在初始化数据库...
2025-05-07 19:56:58 [INFO] 数据库初始化完成
2025-05-07 19:56:58 [INFO] 正在创建应用实例...
2025-05-07 19:56:58 [INFO] 已设置应用程序图标
2025-05-07 19:56:58 [INFO] 初始化主窗口
2025-05-07 19:56:58 [INFO] 项目列表已刷新
2025-05-07 19:56:58 [INFO] 主窗口初始化完成
2025-05-07 19:57:00 [INFO] 应用程序界面已显示
2025-05-07 19:59:18 [INFO] 启动视觉方案助手应用程序
2025-05-07 19:59:18 [INFO] 正在初始化数据库...
2025-05-07 19:59:18 [INFO] 数据库初始化完成
2025-05-07 19:59:18 [INFO] 正在创建应用实例...
2025-05-07 19:59:18 [INFO] 已设置应用程序图标
2025-05-07 19:59:18 [INFO] 初始化主窗口
2025-05-07 19:59:18 [INFO] 项目列表已刷新
2025-05-07 19:59:18 [INFO] 主窗口初始化完成
2025-05-07 19:59:21 [INFO] 应用程序界面已显示
2025-05-07 19:59:25 [INFO] 启动视觉方案助手应用程序
2025-05-07 19:59:25 [INFO] 正在初始化数据库...
2025-05-07 19:59:25 [INFO] 数据库初始化完成
2025-05-07 19:59:25 [INFO] 正在创建应用实例...
2025-05-07 19:59:25 [INFO] 已设置应用程序图标
2025-05-07 19:59:25 [INFO] 初始化主窗口
2025-05-07 19:59:25 [INFO] 项目列表已刷新
2025-05-07 19:59:25 [INFO] 主窗口初始化完成
2025-05-07 19:59:27 [INFO] 应用程序界面已显示
2025-05-07 20:00:39 [INFO] 启动视觉方案助手应用程序
2025-05-07 20:00:39 [INFO] 正在初始化数据库...
2025-05-07 20:00:39 [INFO] 数据库初始化完成
2025-05-07 20:00:39 [INFO] 正在创建应用实例...
2025-05-07 20:00:39 [INFO] 已设置应用程序图标
2025-05-07 20:00:39 [INFO] 初始化主窗口
2025-05-07 20:00:39 [INFO] 项目列表已刷新
2025-05-07 20:00:39 [INFO] 主窗口初始化完成
2025-05-07 20:00:41 [INFO] 应用程序界面已显示
2025-05-07 20:00:58 [INFO] 启动视觉方案助手应用程序
2025-05-07 20:00:58 [INFO] 正在初始化数据库...
2025-05-07 20:00:58 [INFO] 数据库初始化完成
2025-05-07 20:00:58 [INFO] 正在创建应用实例...
2025-05-07 20:00:58 [INFO] 已设置应用程序图标
2025-05-07 20:00:58 [INFO] 初始化主窗口
2025-05-07 20:00:58 [INFO] 项目列表已刷新
2025-05-07 20:00:58 [INFO] 主窗口初始化完成
2025-05-07 20:01:01 [INFO] 应用程序界面已显示
2025-05-07 20:01:14 [INFO] 启动视觉方案助手应用程序
2025-05-07 20:01:14 [INFO] 正在初始化数据库...
2025-05-07 20:01:14 [INFO] 数据库初始化完成
2025-05-07 20:01:14 [INFO] 正在创建应用实例...
2025-05-07 20:01:14 [INFO] 已设置应用程序图标
2025-05-07 20:01:14 [INFO] 初始化主窗口
2025-05-07 20:01:14 [INFO] 项目列表已刷新
2025-05-07 20:01:14 [INFO] 主窗口初始化完成
2025-05-07 20:01:16 [INFO] 应用程序界面已显示
2025-05-07 20:01:31 [INFO] 启动视觉方案助手应用程序
2025-05-07 20:01:31 [INFO] 正在初始化数据库...
2025-05-07 20:01:31 [INFO] 数据库初始化完成
2025-05-07 20:01:31 [INFO] 正在创建应用实例...
2025-05-07 20:01:31 [INFO] 已设置应用程序图标
2025-05-07 20:01:31 [INFO] 初始化主窗口
2025-05-07 20:01:31 [INFO] 项目列表已刷新
2025-05-07 20:01:31 [INFO] 主窗口初始化完成
2025-05-07 20:01:32 [INFO] 应用程序界面已显示
2025-05-07 20:01:46 [INFO] 启动视觉方案助手应用程序
2025-05-07 20:01:46 [INFO] 正在初始化数据库...
2025-05-07 20:01:46 [INFO] 数据库初始化完成
2025-05-07 20:01:46 [INFO] 正在创建应用实例...
2025-05-07 20:01:46 [INFO] 已设置应用程序图标
2025-05-07 20:01:46 [INFO] 初始化主窗口
2025-05-07 20:01:46 [INFO] 项目列表已刷新
2025-05-07 20:01:46 [INFO] 主窗口初始化完成
2025-05-07 20:01:48 [INFO] 应用程序界面已显示
2025-05-07 20:01:55 [INFO] 启动视觉方案助手应用程序
2025-05-07 20:01:55 [INFO] 正在初始化数据库...
2025-05-07 20:01:55 [INFO] 数据库初始化完成
2025-05-07 20:01:55 [INFO] 正在创建应用实例...
2025-05-07 20:01:55 [INFO] 已设置应用程序图标
2025-05-07 20:01:55 [INFO] 初始化主窗口
2025-05-07 20:01:55 [INFO] 项目列表已刷新
2025-05-07 20:01:55 [INFO] 主窗口初始化完成
2025-05-07 20:01:56 [INFO] 应用程序界面已显示
2025-05-07 20:02:03 [INFO] 启动视觉方案助手应用程序
2025-05-07 20:02:03 [INFO] 正在初始化数据库...
2025-05-07 20:02:03 [INFO] 数据库初始化完成
2025-05-07 20:02:03 [INFO] 正在创建应用实例...
2025-05-07 20:02:03 [INFO] 已设置应用程序图标
2025-05-07 20:02:03 [INFO] 初始化主窗口
2025-05-07 20:02:03 [INFO] 项目列表已刷新
2025-05-07 20:02:03 [INFO] 主窗口初始化完成
2025-05-07 20:02:05 [INFO] 应用程序界面已显示
2025-05-07 20:02:11 [INFO] 启动视觉方案助手应用程序
2025-05-07 20:02:11 [INFO] 正在初始化数据库...
2025-05-07 20:02:11 [INFO] 数据库初始化完成
2025-05-07 20:02:11 [INFO] 正在创建应用实例...
2025-05-07 20:02:11 [INFO] 已设置应用程序图标
2025-05-07 20:02:11 [INFO] 初始化主窗口
2025-05-07 20:02:11 [INFO] 项目列表已刷新
2025-05-07 20:02:11 [INFO] 主窗口初始化完成
2025-05-07 20:02:13 [INFO] 应用程序界面已显示
2025-05-07 20:02:20 [INFO] 启动视觉方案助手应用程序
2025-05-07 20:02:20 [INFO] 正在初始化数据库...
2025-05-07 20:02:20 [INFO] 数据库初始化完成
2025-05-07 20:02:20 [INFO] 正在创建应用实例...
2025-05-07 20:02:20 [INFO] 已设置应用程序图标
2025-05-07 20:02:20 [INFO] 初始化主窗口
2025-05-07 20:02:20 [INFO] 项目列表已刷新
2025-05-07 20:02:20 [INFO] 主窗口初始化完成
2025-05-07 20:02:22 [INFO] 应用程序界面已显示
2025-05-07 20:02:26 [INFO] 启动视觉方案助手应用程序
2025-05-07 20:02:26 [INFO] 正在初始化数据库...
2025-05-07 20:02:26 [INFO] 数据库初始化完成
2025-05-07 20:02:26 [INFO] 正在创建应用实例...
2025-05-07 20:02:26 [INFO] 已设置应用程序图标
2025-05-07 20:02:26 [INFO] 初始化主窗口
2025-05-07 20:02:26 [INFO] 项目列表已刷新
2025-05-07 20:02:26 [INFO] 主窗口初始化完成
2025-05-07 20:02:28 [INFO] 应用程序界面已显示
2025-05-07 20:03:34 [INFO] 启动视觉方案助手应用程序
2025-05-07 20:03:34 [INFO] 正在初始化数据库...
2025-05-07 20:03:34 [INFO] 数据库初始化完成
2025-05-07 20:03:34 [INFO] 正在创建应用实例...
2025-05-07 20:03:34 [INFO] 已设置应用程序图标
2025-05-07 20:03:34 [INFO] 初始化主窗口
2025-05-07 20:03:34 [INFO] 项目列表已刷新
2025-05-07 20:03:34 [INFO] 主窗口初始化完成
2025-05-07 20:03:36 [INFO] 应用程序界面已显示
2025-05-07 20:03:40 [INFO] 启动视觉方案助手应用程序
2025-05-07 20:03:40 [INFO] 正在初始化数据库...
2025-05-07 20:03:40 [INFO] 数据库初始化完成
2025-05-07 20:03:40 [INFO] 正在创建应用实例...
2025-05-07 20:03:40 [INFO] 已设置应用程序图标
2025-05-07 20:03:40 [INFO] 初始化主窗口
2025-05-07 20:03:40 [INFO] 项目列表已刷新
2025-05-07 20:03:40 [INFO] 主窗口初始化完成
2025-05-07 20:03:42 [INFO] 应用程序界面已显示
2025-05-07 20:03:46 [INFO] 启动视觉方案助手应用程序
2025-05-07 20:03:46 [INFO] 正在初始化数据库...
2025-05-07 20:03:46 [INFO] 数据库初始化完成
2025-05-07 20:03:46 [INFO] 正在创建应用实例...
2025-05-07 20:03:46 [INFO] 已设置应用程序图标
2025-05-07 20:03:46 [INFO] 初始化主窗口
2025-05-07 20:03:46 [INFO] 项目列表已刷新
2025-05-07 20:03:46 [INFO] 主窗口初始化完成
2025-05-07 20:03:48 [INFO] 应用程序界面已显示
2025-05-07 20:03:53 [INFO] 启动视觉方案助手应用程序
2025-05-07 20:03:53 [INFO] 正在初始化数据库...
2025-05-07 20:03:53 [INFO] 数据库初始化完成
2025-05-07 20:03:53 [INFO] 正在创建应用实例...
2025-05-07 20:03:53 [INFO] 已设置应用程序图标
2025-05-07 20:03:53 [INFO] 初始化主窗口
2025-05-07 20:03:53 [INFO] 项目列表已刷新
2025-05-07 20:03:53 [INFO] 主窗口初始化完成
2025-05-07 20:03:55 [INFO] 应用程序界面已显示
2025-05-07 20:06:00 [INFO] 启动视觉方案助手应用程序
2025-05-07 20:06:00 [INFO] 正在初始化数据库...
2025-05-07 20:06:00 [INFO] 数据库初始化完成
2025-05-07 20:06:00 [INFO] 正在创建应用实例...
2025-05-07 20:06:00 [INFO] 已设置应用程序图标
2025-05-07 20:06:00 [INFO] 初始化主窗口
2025-05-07 20:06:00 [INFO] 项目列表已刷新
2025-05-07 20:06:00 [INFO] 主窗口初始化完成
2025-05-07 20:06:01 [INFO] 应用程序界面已显示
2025-05-07 20:06:43 [INFO] 启动视觉方案助手应用程序
2025-05-07 20:06:43 [INFO] 正在初始化数据库...
2025-05-07 20:06:43 [INFO] 数据库初始化完成
2025-05-07 20:06:43 [INFO] 正在创建应用实例...
2025-05-07 20:06:43 [INFO] 已设置应用程序图标
2025-05-07 20:06:43 [INFO] 初始化主窗口
2025-05-07 20:06:43 [INFO] 项目列表已刷新
2025-05-07 20:06:43 [INFO] 主窗口初始化完成
2025-05-07 20:06:44 [INFO] 应用程序界面已显示
2025-05-07 20:06:57 [INFO] 启动视觉方案助手应用程序
2025-05-07 20:06:57 [INFO] 正在初始化数据库...
2025-05-07 20:06:57 [INFO] 数据库初始化完成
2025-05-07 20:06:57 [INFO] 正在创建应用实例...
2025-05-07 20:06:57 [INFO] 已设置应用程序图标
2025-05-07 20:06:57 [INFO] 初始化主窗口
2025-05-07 20:06:57 [INFO] 项目列表已刷新
2025-05-07 20:06:57 [INFO] 主窗口初始化完成
2025-05-07 20:06:58 [INFO] 应用程序界面已显示
2025-05-07 20:07:27 [INFO] 启动视觉方案助手应用程序
2025-05-07 20:07:27 [INFO] 正在初始化数据库...
2025-05-07 20:07:27 [INFO] 数据库初始化完成
2025-05-07 20:07:27 [INFO] 正在创建应用实例...
2025-05-07 20:07:27 [INFO] 已设置应用程序图标
2025-05-07 20:07:27 [INFO] 初始化主窗口
2025-05-07 20:07:27 [INFO] 项目列表已刷新
2025-05-07 20:07:27 [INFO] 主窗口初始化完成
2025-05-07 20:07:28 [INFO] 应用程序界面已显示
2025-05-07 20:11:09 [INFO] 启动视觉方案助手应用程序
2025-05-07 20:11:09 [INFO] 正在初始化数据库...
2025-05-07 20:11:09 [INFO] 数据库初始化完成
2025-05-07 20:11:09 [INFO] 正在创建应用实例...
2025-05-07 20:11:09 [INFO] 已设置应用程序图标
2025-05-07 20:11:09 [INFO] 初始化主窗口
2025-05-07 20:11:09 [INFO] 项目列表已刷新
2025-05-07 20:11:09 [INFO] 主窗口初始化完成
2025-05-07 20:11:11 [INFO] 应用程序界面已显示
2025-05-07 20:11:17 [INFO] 启动视觉方案助手应用程序
2025-05-07 20:11:17 [INFO] 正在初始化数据库...
2025-05-07 20:11:17 [INFO] 数据库初始化完成
2025-05-07 20:11:17 [INFO] 正在创建应用实例...
2025-05-07 20:11:17 [INFO] 已设置应用程序图标
2025-05-07 20:11:17 [INFO] 初始化主窗口
2025-05-07 20:11:17 [INFO] 项目列表已刷新
2025-05-07 20:11:17 [INFO] 主窗口初始化完成
2025-05-07 20:11:19 [INFO] 应用程序界面已显示
2025-05-07 20:11:24 [INFO] 切换到POC制作页面
2025-05-07 20:11:25 [INFO] 尝试访问开发中的缺陷分析功能
2025-05-07 20:11:27 [INFO] 切换到配置记录页面
2025-05-07 20:11:29 [INFO] 切换到设置页面
2025-05-07 20:11:30 [INFO] 切换到首页
2025-05-07 20:11:31 [INFO] 切换到POC制作页面
2025-05-07 20:11:35 [INFO] 启动视觉方案助手应用程序
2025-05-07 20:11:35 [INFO] 正在初始化数据库...
2025-05-07 20:11:35 [INFO] 数据库初始化完成
2025-05-07 20:11:35 [INFO] 正在创建应用实例...
2025-05-07 20:11:35 [INFO] 已设置应用程序图标
2025-05-07 20:11:35 [INFO] 初始化主窗口
2025-05-07 20:11:35 [INFO] 项目列表已刷新
2025-05-07 20:11:35 [INFO] 主窗口初始化完成
2025-05-07 20:11:37 [INFO] 应用程序界面已显示
2025-05-07 20:11:40 [INFO] 启动视觉方案助手应用程序
2025-05-07 20:11:40 [INFO] 正在初始化数据库...
2025-05-07 20:11:40 [INFO] 数据库初始化完成
2025-05-07 20:11:40 [INFO] 正在创建应用实例...
2025-05-07 20:11:40 [INFO] 已设置应用程序图标
2025-05-07 20:11:40 [INFO] 初始化主窗口
2025-05-07 20:11:40 [INFO] 项目列表已刷新
2025-05-07 20:11:40 [INFO] 主窗口初始化完成
2025-05-07 20:11:43 [INFO] 应用程序界面已显示
2025-05-07 20:11:55 [INFO] 启动视觉方案助手应用程序
2025-05-07 20:11:55 [INFO] 正在初始化数据库...
2025-05-07 20:11:55 [INFO] 数据库初始化完成
2025-05-07 20:11:55 [INFO] 正在创建应用实例...
2025-05-07 20:11:55 [INFO] 已设置应用程序图标
2025-05-07 20:11:55 [INFO] 初始化主窗口
2025-05-07 20:11:55 [INFO] 项目列表已刷新
2025-05-07 20:11:55 [INFO] 主窗口初始化完成
2025-05-07 20:11:57 [INFO] 应用程序界面已显示
2025-05-07 20:12:04 [INFO] 启动视觉方案助手应用程序
2025-05-07 20:12:04 [INFO] 正在初始化数据库...
2025-05-07 20:12:04 [INFO] 数据库初始化完成
2025-05-07 20:12:04 [INFO] 正在创建应用实例...
2025-05-07 20:12:04 [INFO] 已设置应用程序图标
2025-05-07 20:12:04 [INFO] 初始化主窗口
2025-05-07 20:12:04 [INFO] 项目列表已刷新
2025-05-07 20:12:04 [INFO] 主窗口初始化完成
2025-05-07 20:12:06 [INFO] 应用程序界面已显示
2025-05-07 20:12:16 [INFO] 切换到POC制作页面
2025-05-07 20:12:54 [INFO] 启动视觉方案助手应用程序
2025-05-07 20:12:54 [INFO] 正在初始化数据库...
2025-05-07 20:12:54 [INFO] 数据库初始化完成
2025-05-07 20:12:54 [INFO] 正在创建应用实例...
2025-05-07 20:12:54 [INFO] 已设置应用程序图标
2025-05-07 20:12:54 [INFO] 初始化主窗口
2025-05-07 20:12:54 [INFO] 项目列表已刷新
2025-05-07 20:12:54 [INFO] 主窗口初始化完成
2025-05-07 20:12:56 [INFO] 应用程序界面已显示
2025-05-07 20:13:07 [INFO] 启动视觉方案助手应用程序
2025-05-07 20:13:07 [INFO] 正在初始化数据库...
2025-05-07 20:13:07 [INFO] 数据库初始化完成
2025-05-07 20:13:07 [INFO] 正在创建应用实例...
2025-05-07 20:13:07 [INFO] 已设置应用程序图标
2025-05-07 20:13:07 [INFO] 初始化主窗口
2025-05-07 20:13:07 [INFO] 项目列表已刷新
2025-05-07 20:13:07 [INFO] 主窗口初始化完成
2025-05-07 20:13:09 [INFO] 应用程序界面已显示
2025-05-07 20:13:11 [INFO] 切换到POC制作页面
2025-05-07 20:13:12 [INFO] 尝试访问开发中的缺陷分析功能
2025-05-07 20:13:18 [INFO] 切换到首页
2025-05-07 20:13:19 [INFO] 切换到POC制作页面
2025-05-07 20:16:57 [INFO] 启动视觉方案助手应用程序
2025-05-07 20:16:57 [INFO] 正在初始化数据库...
2025-05-07 20:16:57 [INFO] 数据库初始化完成
2025-05-07 20:16:57 [INFO] 正在创建应用实例...
2025-05-07 20:16:57 [INFO] 已设置应用程序图标
2025-05-07 20:16:57 [INFO] 初始化主窗口
2025-05-07 20:16:57 [INFO] 项目列表已刷新
2025-05-07 20:16:57 [INFO] 主窗口初始化完成
2025-05-07 20:16:59 [INFO] 应用程序界面已显示
2025-05-07 20:17:01 [INFO] 切换到POC制作页面
2025-05-07 20:19:09 [INFO] 启动视觉方案助手应用程序
2025-05-07 20:19:09 [INFO] 正在初始化数据库...
2025-05-07 20:19:09 [INFO] 数据库初始化完成
2025-05-07 20:19:09 [INFO] 正在创建应用实例...
2025-05-07 20:19:09 [INFO] 已设置应用程序图标
2025-05-07 20:19:09 [INFO] 初始化主窗口
2025-05-07 20:19:09 [INFO] 项目列表已刷新
2025-05-07 20:19:09 [INFO] 主窗口初始化完成
2025-05-07 20:19:11 [INFO] 应用程序界面已显示
2025-05-07 20:19:14 [INFO] 切换到POC制作页面
2025-05-07 20:19:15 [INFO] 尝试访问开发中的缺陷分析功能
2025-05-07 20:19:31 [INFO] 切换到首页
2025-05-07 20:34:51 [INFO] 启动视觉方案助手应用程序
2025-05-07 20:34:51 [INFO] 正在初始化数据库...
2025-05-07 20:34:51 [INFO] 数据库初始化完成
2025-05-07 20:34:51 [INFO] 正在创建应用实例...
2025-05-07 20:34:51 [INFO] 已设置应用程序图标
2025-05-07 20:34:51 [INFO] 初始化主窗口
2025-05-07 20:34:51 [INFO] 项目列表已刷新
2025-05-07 20:34:51 [ERROR] 刷新项目列表失败: name 'QProgressBar' is not defined
2025-05-07 20:34:58 [INFO] 主窗口初始化完成
2025-05-07 20:35:00 [INFO] 应用程序界面已显示
2025-05-07 20:35:05 [INFO] 启动视觉方案助手应用程序
2025-05-07 20:35:05 [INFO] 正在初始化数据库...
2025-05-07 20:35:05 [INFO] 数据库初始化完成
2025-05-07 20:35:05 [INFO] 正在创建应用实例...
2025-05-07 20:35:05 [INFO] 已设置应用程序图标
2025-05-07 20:35:05 [INFO] 初始化主窗口
2025-05-07 20:35:05 [INFO] 项目列表已刷新
2025-05-07 20:35:05 [ERROR] 刷新项目列表失败: name 'QProgressBar' is not defined
2025-05-07 20:35:54 [INFO] 主窗口初始化完成
2025-05-07 20:35:56 [INFO] 应用程序界面已显示
2025-05-07 20:36:53 [INFO] 启动视觉方案助手应用程序
2025-05-07 20:36:53 [INFO] 正在初始化数据库...
2025-05-07 20:36:53 [INFO] 数据库初始化完成
2025-05-07 20:36:53 [INFO] 正在创建应用实例...
2025-05-07 20:36:53 [INFO] 已设置应用程序图标
2025-05-07 20:36:53 [INFO] 初始化主窗口
2025-05-07 20:36:53 [INFO] 项目列表已刷新
2025-05-07 20:36:53 [ERROR] 刷新项目列表失败: name 'QProgressBar' is not defined
2025-05-07 20:37:05 [INFO] 主窗口初始化完成
2025-05-07 20:37:07 [INFO] 应用程序界面已显示
2025-05-07 20:37:22 [INFO] 启动视觉方案助手应用程序
2025-05-07 20:37:22 [INFO] 正在初始化数据库...
2025-05-07 20:37:22 [INFO] 数据库初始化完成
2025-05-07 20:37:22 [INFO] 正在创建应用实例...
2025-05-07 20:37:22 [INFO] 已设置应用程序图标
2025-05-07 20:37:22 [INFO] 初始化主窗口
2025-05-07 20:37:22 [INFO] 项目列表已刷新
2025-05-07 20:37:22 [ERROR] 刷新项目列表失败: name 'QProgressBar' is not defined
2025-05-07 20:37:26 [INFO] 主窗口初始化完成
2025-05-07 20:37:28 [INFO] 应用程序界面已显示
2025-05-07 20:38:08 [INFO] 启动视觉方案助手应用程序
2025-05-07 20:38:08 [INFO] 正在初始化数据库...
2025-05-07 20:38:08 [INFO] 数据库初始化完成
2025-05-07 20:38:08 [INFO] 正在创建应用实例...
2025-05-07 20:38:08 [INFO] 已设置应用程序图标
2025-05-07 20:38:08 [INFO] 初始化主窗口
2025-05-07 20:38:08 [INFO] 项目列表已刷新
2025-05-07 20:38:08 [INFO] 项目列表已刷新
2025-05-07 20:38:08 [INFO] 主窗口初始化完成
2025-05-07 20:38:10 [INFO] 应用程序界面已显示
2025-05-07 20:38:14 [INFO] 启动视觉方案助手应用程序
2025-05-07 20:38:14 [INFO] 正在初始化数据库...
2025-05-07 20:38:14 [INFO] 数据库初始化完成
2025-05-07 20:38:14 [INFO] 正在创建应用实例...
2025-05-07 20:38:14 [INFO] 已设置应用程序图标
2025-05-07 20:38:14 [INFO] 初始化主窗口
2025-05-07 20:38:14 [INFO] 项目列表已刷新
2025-05-07 20:38:14 [INFO] 项目列表已刷新
2025-05-07 20:38:14 [INFO] 主窗口初始化完成
2025-05-07 20:38:16 [INFO] 应用程序界面已显示
2025-05-07 20:38:22 [INFO] 切换到设置页面
2025-05-07 20:38:23 [INFO] 切换到首页
2025-05-07 20:38:25 [INFO] 切换到POC制作页面
2025-05-07 20:38:26 [INFO] 尝试访问开发中的缺陷分析功能
2025-05-07 20:38:28 [INFO] 切换到首页
2025-05-07 20:38:40 [INFO] 切换到POC制作页面
2025-05-07 20:38:46 [INFO] 切换到首页
2025-05-07 20:54:05 [INFO] 启动视觉方案助手应用程序
2025-05-07 20:54:05 [INFO] 正在初始化数据库...
2025-05-07 20:54:05 [INFO] 数据库初始化完成
2025-05-07 20:54:05 [INFO] 正在创建应用实例...
2025-05-07 20:54:05 [INFO] 已设置应用程序图标
2025-05-07 20:54:05 [INFO] 初始化主窗口
2025-05-07 20:54:05 [INFO] 项目列表已刷新
2025-05-07 20:54:05 [INFO] 项目列表已刷新
2025-05-07 20:54:05 [INFO] 主窗口初始化完成
2025-05-07 20:54:07 [INFO] 应用程序界面已显示
2025-05-07 20:54:09 [INFO] 切换到POC制作页面
2025-05-07 20:54:10 [INFO] 切换到首页
2025-05-07 20:54:31 [INFO] 项目创建成功: /home/unitx/桌面/测试_测试_V1_20250507
2025-05-07 20:55:42 [INFO] 启动视觉方案助手应用程序
2025-05-07 20:55:42 [INFO] 正在初始化数据库...
2025-05-07 20:55:42 [INFO] 数据库初始化完成
2025-05-07 20:55:42 [INFO] 正在创建应用实例...
2025-05-07 20:55:42 [INFO] 已设置应用程序图标
2025-05-07 20:55:42 [INFO] 初始化主窗口
2025-05-07 20:55:42 [INFO] 项目列表已刷新
2025-05-07 20:55:42 [INFO] 项目列表已刷新
2025-05-07 20:55:42 [INFO] 主窗口初始化完成
2025-05-07 20:55:44 [INFO] 应用程序界面已显示
2025-05-07 20:55:56 [INFO] 项目列表已刷新
2025-05-07 21:03:40 [INFO] 启动视觉方案助手应用程序
2025-05-07 21:03:40 [INFO] 正在初始化数据库...
2025-05-07 21:03:40 [INFO] 数据库初始化完成
2025-05-07 21:03:40 [INFO] 正在创建应用实例...
2025-05-07 21:03:40 [INFO] 已设置应用程序图标
2025-05-07 21:03:40 [INFO] 初始化主窗口
2025-05-07 21:03:40 [INFO] 项目列表已刷新
2025-05-07 21:03:40 [INFO] 项目列表已刷新
2025-05-07 21:03:40 [INFO] 主窗口初始化完成
2025-05-07 21:03:42 [INFO] 应用程序界面已显示
2025-05-07 21:08:16 [INFO] 启动视觉方案助手应用程序
2025-05-07 21:08:16 [INFO] 正在初始化数据库...
2025-05-07 21:08:16 [INFO] 数据库初始化完成
2025-05-07 21:08:16 [INFO] 正在创建应用实例...
2025-05-07 21:08:16 [INFO] 已设置应用程序图标
2025-05-07 21:08:16 [INFO] 初始化主窗口
2025-05-07 21:08:16 [INFO] 项目列表已刷新
2025-05-07 21:08:16 [INFO] 项目列表已刷新
2025-05-07 21:08:16 [INFO] 主窗口初始化完成
2025-05-07 21:08:18 [INFO] 应用程序界面已显示
2025-05-07 21:08:56 [INFO] 项目创建成功: /home/unitx/桌面/测试2_哈哈_V2_20250507
2025-05-07 21:09:19 [INFO] 启动视觉方案助手应用程序
2025-05-07 21:09:19 [INFO] 正在初始化数据库...
2025-05-07 21:09:19 [INFO] 数据库初始化完成
2025-05-07 21:09:19 [INFO] 正在创建应用实例...
2025-05-07 21:09:19 [INFO] 已设置应用程序图标
2025-05-07 21:09:19 [INFO] 初始化主窗口
2025-05-07 21:09:19 [INFO] 项目列表已刷新
2025-05-07 21:09:19 [INFO] 项目列表已刷新
2025-05-07 21:09:19 [INFO] 主窗口初始化完成
2025-05-07 21:09:21 [INFO] 应用程序界面已显示
2025-05-07 21:09:54 [INFO] 启动视觉方案助手应用程序
2025-05-07 21:09:54 [INFO] 正在初始化数据库...
2025-05-07 21:09:54 [INFO] 数据库初始化完成
2025-05-07 21:09:54 [INFO] 正在创建应用实例...
2025-05-07 21:09:54 [INFO] 已设置应用程序图标
2025-05-07 21:09:54 [INFO] 初始化主窗口
2025-05-07 21:09:54 [INFO] 项目列表已刷新
2025-05-07 21:09:54 [INFO] 项目列表已刷新
2025-05-07 21:09:54 [INFO] 主窗口初始化完成
2025-05-07 21:09:56 [INFO] 应用程序界面已显示
2025-05-07 21:15:55 [INFO] 启动视觉方案助手应用程序
2025-05-07 21:15:55 [INFO] 正在初始化数据库...
2025-05-07 21:15:55 [INFO] 数据库初始化完成
2025-05-07 21:15:55 [INFO] 正在创建应用实例...
2025-05-07 21:15:55 [INFO] 已设置应用程序图标
2025-05-07 21:15:55 [INFO] 初始化主窗口
2025-05-07 21:15:55 [INFO] 项目列表已刷新
2025-05-07 21:15:55 [INFO] 项目列表已刷新
2025-05-07 21:15:55 [INFO] 主窗口初始化完成
2025-05-07 21:15:57 [INFO] 应用程序界面已显示
2025-05-07 21:17:10 [INFO] 启动视觉方案助手应用程序
2025-05-07 21:17:10 [INFO] 正在初始化数据库...
2025-05-07 21:17:10 [INFO] 数据库初始化完成
2025-05-07 21:17:10 [INFO] 正在创建应用实例...
2025-05-07 21:17:10 [INFO] 已设置应用程序图标
2025-05-07 21:17:10 [INFO] 初始化主窗口
2025-05-07 21:17:10 [INFO] 项目列表已刷新
2025-05-07 21:17:10 [INFO] 项目列表已刷新
2025-05-07 21:17:10 [INFO] 主窗口初始化完成
2025-05-07 21:17:12 [INFO] 应用程序界面已显示
2025-05-07 21:18:06 [INFO] 项目创建成功: /home/unitx/桌面/个元_手机中框检测_V1_20250507
2025-05-07 21:21:19 [INFO] 启动视觉方案助手应用程序
2025-05-07 21:21:19 [INFO] 正在初始化数据库...
2025-05-07 21:21:19 [INFO] 数据库初始化完成
2025-05-07 21:21:19 [INFO] 正在创建应用实例...
2025-05-07 21:21:19 [INFO] 已设置应用程序图标
2025-05-07 21:21:19 [INFO] 初始化主窗口
2025-05-07 21:21:19 [INFO] 项目列表已刷新
2025-05-07 21:21:19 [INFO] 项目列表已刷新
2025-05-07 21:21:19 [INFO] 主窗口初始化完成
2025-05-07 21:21:21 [INFO] 应用程序界面已显示
2025-05-07 21:22:02 [INFO] 项目创建成功: /home/unitx/桌面/华为_手机屏幕检测_V1_20250507
2025-05-07 21:26:20 [INFO] 启动视觉方案助手应用程序
2025-05-07 21:26:20 [INFO] 正在初始化数据库...
2025-05-07 21:26:20 [INFO] 数据库初始化完成
2025-05-07 21:26:20 [INFO] 正在创建应用实例...
2025-05-07 21:26:20 [INFO] 已设置应用程序图标
2025-05-07 21:26:20 [INFO] 初始化主窗口
2025-05-07 21:26:20 [INFO] 项目列表已刷新
2025-05-07 21:26:20 [INFO] 项目列表已刷新
2025-05-07 21:26:20 [INFO] 主窗口初始化完成
2025-05-07 21:26:22 [INFO] 应用程序界面已显示
2025-05-07 21:26:52 [INFO] 项目创建成功: /home/unitx/桌面/华为2_手机屏幕检测_V2_20250507
2025-05-07 21:26:53 [INFO] 项目列表已刷新
2025-05-07 21:32:14 [INFO] 启动视觉方案助手应用程序
2025-05-07 21:32:14 [INFO] 正在初始化数据库...
2025-05-07 21:32:14 [INFO] 数据库初始化完成
2025-05-07 21:32:14 [INFO] 正在创建应用实例...
2025-05-07 21:32:14 [INFO] 已设置应用程序图标
2025-05-07 21:32:14 [INFO] 初始化主窗口
2025-05-07 21:32:14 [INFO] 项目列表已刷新
2025-05-07 21:32:14 [INFO] 项目列表已刷新
2025-05-07 21:32:14 [INFO] 主窗口初始化完成
2025-05-07 21:32:16 [INFO] 应用程序界面已显示
2025-05-07 21:32:49 [INFO] 项目创建成功: /home/unitx/桌面/华为3_华为屏幕3_V3_20250507
2025-05-07 21:32:50 [INFO] 项目列表已刷新
2025-05-07 21:40:41 [INFO] 启动视觉方案助手应用程序
2025-05-07 21:40:41 [INFO] 正在初始化数据库...
2025-05-07 21:40:41 [INFO] 数据库初始化完成
2025-05-07 21:40:41 [INFO] 正在创建应用实例...
2025-05-07 21:40:41 [INFO] 已设置应用程序图标
2025-05-07 21:40:41 [INFO] 初始化主窗口
2025-05-07 21:40:41 [INFO] 项目列表已刷新
2025-05-07 21:40:41 [INFO] 项目列表已刷新
2025-05-07 21:40:41 [INFO] 主窗口初始化完成
2025-05-07 21:40:43 [INFO] 应用程序界面已显示
2025-05-07 21:41:29 [INFO] 项目创建成功: /home/unitx/桌面/华为_华为屏幕_V1_20250507
2025-05-07 21:41:31 [INFO] 项目列表已刷新
2025-05-07 21:42:43 [INFO] 项目创建成功: /home/unitx/桌面/个元_个元屏幕_V2_20250507
2025-05-07 21:42:44 [INFO] 项目列表已刷新
2025-05-07 21:43:36 [INFO] 启动视觉方案助手应用程序
2025-05-07 21:43:36 [INFO] 正在初始化数据库...
2025-05-07 21:43:36 [INFO] 数据库初始化完成
2025-05-07 21:43:36 [INFO] 正在创建应用实例...
2025-05-07 21:43:36 [INFO] 已设置应用程序图标
2025-05-07 21:43:36 [INFO] 初始化主窗口
2025-05-07 21:43:36 [INFO] 项目列表已刷新
2025-05-07 21:43:36 [INFO] 项目列表已刷新
2025-05-07 21:43:36 [INFO] 主窗口初始化完成
2025-05-07 21:43:38 [INFO] 应用程序界面已显示
2025-05-07 21:43:41 [INFO] 切换到设置页面
2025-05-07 21:43:45 [INFO] 已选择项目文件夹: /home/unitx/桌面/workflows
2025-05-07 21:43:47 [INFO] 设置已保存
2025-05-07 21:43:49 [INFO] 切换到首页
2025-05-07 21:45:02 [INFO] 启动视觉方案助手应用程序
2025-05-07 21:45:02 [INFO] 正在初始化数据库...
2025-05-07 21:45:02 [INFO] 数据库初始化完成
2025-05-07 21:45:02 [INFO] 正在创建应用实例...
2025-05-07 21:45:02 [INFO] 已设置应用程序图标
2025-05-07 21:45:02 [INFO] 初始化主窗口
2025-05-07 21:45:02 [INFO] 项目列表已刷新
2025-05-07 21:45:02 [INFO] 项目列表已刷新
2025-05-07 21:45:02 [INFO] 主窗口初始化完成
2025-05-07 21:45:04 [INFO] 应用程序界面已显示
2025-05-07 21:45:06 [INFO] 切换到POC制作页面
2025-05-07 21:45:07 [INFO] 切换到首页
2025-05-07 21:51:41 [INFO] 启动视觉方案助手应用程序
2025-05-07 21:51:41 [INFO] 正在初始化数据库...
2025-05-07 21:51:41 [INFO] 数据库初始化完成
2025-05-07 21:51:41 [INFO] 正在创建应用实例...
2025-05-07 21:51:41 [INFO] 已设置应用程序图标
2025-05-07 21:51:41 [INFO] 初始化主窗口
2025-05-07 21:51:41 [INFO] 项目列表已刷新
2025-05-07 21:51:41 [INFO] 项目列表已刷新
2025-05-07 21:51:41 [INFO] 主窗口初始化完成
2025-05-07 21:51:43 [INFO] 应用程序界面已显示
2025-05-07 21:54:32 [INFO] 启动视觉方案助手应用程序
2025-05-07 21:54:32 [INFO] 正在初始化数据库...
2025-05-07 21:54:32 [INFO] 数据库初始化完成
2025-05-07 21:54:32 [INFO] 正在创建应用实例...
2025-05-07 21:54:32 [INFO] 已设置应用程序图标
2025-05-07 21:54:32 [INFO] 初始化主窗口
2025-05-07 21:54:32 [INFO] 项目列表已刷新
2025-05-07 21:54:32 [INFO] 项目列表已刷新
2025-05-07 21:54:32 [INFO] 主窗口初始化完成
2025-05-07 21:54:34 [INFO] 应用程序界面已显示
2025-05-07 21:56:18 [INFO] 切换到POC制作页面
2025-05-07 21:57:21 [INFO] 切换到设置页面
2025-05-07 21:57:34 [INFO] 切换到首页
2025-05-07 21:57:36 [INFO] 切换到POC制作页面
2025-05-07 22:01:24 [INFO] 启动视觉方案助手应用程序
2025-05-07 22:01:24 [INFO] 正在初始化数据库...
2025-05-07 22:01:24 [INFO] 数据库初始化完成
2025-05-07 22:01:24 [INFO] 正在创建应用实例...
2025-05-07 22:01:24 [INFO] 已设置应用程序图标
2025-05-07 22:01:24 [INFO] 初始化主窗口
2025-05-07 22:01:24 [INFO] 项目列表已刷新
2025-05-07 22:01:24 [INFO] 项目列表已刷新
2025-05-07 22:01:24 [INFO] 主窗口初始化完成
2025-05-07 22:01:26 [INFO] 应用程序界面已显示
2025-05-07 22:01:27 [INFO] 切换到设置页面
2025-05-07 22:03:25 [INFO] 切换到首页
2025-05-07 22:03:26 [INFO] 切换到POC制作页面
2025-05-07 22:03:29 [INFO] 启动视觉方案助手应用程序
2025-05-07 22:03:29 [INFO] 正在初始化数据库...
2025-05-07 22:03:29 [INFO] 数据库初始化完成
2025-05-07 22:03:29 [INFO] 正在创建应用实例...
2025-05-07 22:03:29 [INFO] 已设置应用程序图标
2025-05-07 22:03:29 [INFO] 初始化主窗口
2025-05-07 22:03:29 [INFO] 项目列表已刷新
2025-05-07 22:03:29 [INFO] 项目列表已刷新
2025-05-07 22:03:29 [INFO] 主窗口初始化完成
2025-05-07 22:03:31 [INFO] 应用程序界面已显示
2025-05-07 22:04:54 [INFO] 启动视觉方案助手应用程序
2025-05-07 22:04:54 [INFO] 正在初始化数据库...
2025-05-07 22:04:54 [INFO] 数据库初始化完成
2025-05-07 22:04:54 [INFO] 正在创建应用实例...
2025-05-07 22:04:54 [INFO] 已设置应用程序图标
2025-05-07 22:04:54 [INFO] 初始化主窗口
2025-05-07 22:04:54 [WARNING] 项目路径不存在
2025-05-07 22:04:54 [INFO] 项目列表已刷新
2025-05-07 22:04:54 [INFO] 主窗口初始化完成
2025-05-07 22:04:56 [INFO] 应用程序界面已显示
2025-05-07 22:04:58 [INFO] 切换到设置页面
2025-05-07 22:05:58 [INFO] 已选择项目文件夹: /home/unitx/桌面/workflows
2025-05-07 22:06:00 [INFO] 设置已保存
2025-05-07 22:07:18 [INFO] 启动视觉方案助手应用程序
2025-05-07 22:07:18 [INFO] 正在初始化数据库...
2025-05-07 22:07:18 [INFO] 数据库初始化完成
2025-05-07 22:07:18 [INFO] 正在创建应用实例...
2025-05-07 22:07:18 [INFO] 已设置应用程序图标
2025-05-07 22:07:18 [INFO] 初始化主窗口
2025-05-07 22:07:18 [INFO] 项目列表已刷新
2025-05-07 22:07:18 [INFO] 项目列表已刷新
2025-05-07 22:07:18 [INFO] 主窗口初始化完成
2025-05-07 22:07:20 [INFO] 应用程序界面已显示
2025-05-07 22:07:22 [INFO] 切换到POC制作页面
2025-05-07 22:07:29 [INFO] 切换到首页
2025-05-07 22:07:39 [INFO] 切换到POC制作页面
2025-05-07 22:12:28 [INFO] 启动视觉方案助手应用程序
2025-05-07 22:12:28 [INFO] 正在初始化数据库...
2025-05-07 22:12:28 [INFO] 数据库初始化完成
2025-05-07 22:12:28 [INFO] 正在创建应用实例...
2025-05-07 22:12:28 [INFO] 已设置应用程序图标
2025-05-07 22:12:28 [INFO] 初始化主窗口
2025-05-07 22:12:28 [INFO] 项目列表已刷新
2025-05-07 22:12:28 [INFO] 项目列表已刷新
2025-05-07 22:12:28 [INFO] 主窗口初始化完成
2025-05-07 22:12:30 [INFO] 应用程序界面已显示
2025-05-07 22:12:32 [INFO] 切换到POC制作页面
2025-05-07 22:15:59 [INFO] 启动视觉方案助手应用程序
2025-05-07 22:15:59 [INFO] 正在初始化数据库...
2025-05-07 22:15:59 [INFO] 数据库初始化完成
2025-05-07 22:15:59 [INFO] 正在创建应用实例...
2025-05-07 22:15:59 [INFO] 已设置应用程序图标
2025-05-07 22:15:59 [INFO] 初始化主窗口
2025-05-07 22:15:59 [INFO] 项目列表已刷新
2025-05-07 22:15:59 [INFO] 项目列表已刷新
2025-05-07 22:15:59 [INFO] 主窗口初始化完成
2025-05-07 22:16:01 [INFO] 应用程序界面已显示
2025-05-07 22:16:04 [INFO] 切换到POC制作页面
2025-05-07 22:19:58 [INFO] 启动视觉方案助手应用程序
2025-05-07 22:19:58 [INFO] 正在初始化数据库...
2025-05-07 22:19:58 [INFO] 数据库初始化完成
2025-05-07 22:19:58 [INFO] 正在创建应用实例...
2025-05-07 22:19:58 [INFO] 已设置应用程序图标
2025-05-07 22:19:58 [INFO] 初始化主窗口
2025-05-07 22:19:58 [INFO] 项目列表已刷新
2025-05-07 22:19:58 [INFO] 项目列表已刷新
2025-05-07 22:19:58 [INFO] 主窗口初始化完成
2025-05-07 22:20:00 [INFO] 应用程序界面已显示
2025-05-07 22:20:02 [INFO] 切换到POC制作页面
2025-05-07 22:29:55 [INFO] 启动视觉方案助手应用程序
2025-05-07 22:29:55 [INFO] 正在初始化数据库...
2025-05-07 22:29:55 [INFO] 数据库初始化完成
2025-05-07 22:29:55 [INFO] 正在创建应用实例...
2025-05-07 22:29:55 [INFO] 已设置应用程序图标
2025-05-07 22:29:55 [INFO] 初始化主窗口
2025-05-07 22:29:56 [INFO] 项目列表已刷新
2025-05-07 22:29:56 [INFO] 项目列表已刷新
2025-05-07 22:29:56 [INFO] 主窗口初始化完成
2025-05-07 22:29:58 [INFO] 应用程序界面已显示
2025-05-07 22:30:00 [INFO] 切换到POC制作页面
2025-05-07 22:34:58 [INFO] 启动视觉方案助手应用程序
2025-05-07 22:34:58 [INFO] 正在初始化数据库...
2025-05-07 22:34:58 [INFO] 数据库初始化完成
2025-05-07 22:34:58 [INFO] 正在创建应用实例...
2025-05-07 22:34:58 [INFO] 已设置应用程序图标
2025-05-07 22:34:58 [INFO] 初始化主窗口
2025-05-07 22:34:58 [INFO] 项目列表已刷新
2025-05-07 22:34:58 [INFO] 项目列表已刷新
2025-05-07 22:34:58 [INFO] 主窗口初始化完成
2025-05-07 22:35:00 [INFO] 应用程序界面已显示
2025-05-07 22:35:02 [INFO] 切换到POC制作页面
2025-05-07 22:36:26 [INFO] 启动视觉方案助手应用程序
2025-05-07 22:36:26 [INFO] 正在初始化数据库...
2025-05-07 22:36:26 [INFO] 数据库初始化完成
2025-05-07 22:36:26 [INFO] 正在创建应用实例...
2025-05-07 22:36:26 [INFO] 已设置应用程序图标
2025-05-07 22:36:26 [INFO] 初始化主窗口
2025-05-07 22:36:27 [INFO] 项目列表已刷新
2025-05-07 22:36:27 [INFO] 项目列表已刷新
2025-05-07 22:36:27 [INFO] 主窗口初始化完成
2025-05-07 22:36:29 [INFO] 应用程序界面已显示
2025-05-07 22:36:30 [INFO] 切换到POC制作页面
2025-05-07 22:44:36 [INFO] 启动视觉方案助手应用程序
2025-05-07 22:44:36 [INFO] 正在初始化数据库...
2025-05-07 22:44:36 [INFO] 数据库初始化完成
2025-05-07 22:44:36 [INFO] 正在创建应用实例...
2025-05-07 22:44:36 [INFO] 已设置应用程序图标
2025-05-07 22:44:36 [INFO] 初始化主窗口
2025-05-07 22:44:36 [INFO] 项目列表已刷新
2025-05-07 22:44:36 [INFO] 项目列表已刷新
2025-05-07 22:44:36 [INFO] 主窗口初始化完成
2025-05-07 22:44:39 [INFO] 应用程序界面已显示
2025-05-07 22:44:40 [INFO] 切换到POC制作页面
2025-05-07 22:52:03 [INFO] 启动视觉方案助手应用程序
2025-05-07 22:52:03 [INFO] 正在初始化数据库...
2025-05-07 22:52:03 [INFO] 数据库初始化完成
2025-05-07 22:52:03 [INFO] 正在创建应用实例...
2025-05-07 22:52:03 [INFO] 已设置应用程序图标
2025-05-07 22:52:03 [INFO] 初始化主窗口
2025-05-07 22:52:03 [INFO] 项目列表已刷新
2025-05-07 22:52:03 [INFO] 项目列表已刷新
2025-05-07 22:52:03 [INFO] 主窗口初始化完成
2025-05-07 22:52:05 [INFO] 应用程序界面已显示
2025-05-07 22:52:08 [INFO] 切换到POC制作页面
2025-05-07 22:55:00 [INFO] 启动视觉方案助手应用程序
2025-05-07 22:55:00 [INFO] 正在初始化数据库...
2025-05-07 22:55:00 [INFO] 数据库初始化完成
2025-05-07 22:55:00 [INFO] 正在创建应用实例...
2025-05-07 22:55:00 [INFO] 已设置应用程序图标
2025-05-07 22:55:00 [INFO] 初始化主窗口
2025-05-07 22:55:01 [INFO] 项目列表已刷新
2025-05-07 22:55:01 [INFO] 项目列表已刷新
2025-05-07 22:55:01 [INFO] 主窗口初始化完成
2025-05-07 22:55:03 [INFO] 应用程序界面已显示
2025-05-07 22:55:04 [INFO] 切换到POC制作页面
2025-05-07 22:58:33 [INFO] 启动视觉方案助手应用程序
2025-05-07 22:58:33 [INFO] 正在初始化数据库...
2025-05-07 22:58:33 [INFO] 数据库初始化完成
2025-05-07 22:58:33 [INFO] 正在创建应用实例...
2025-05-07 22:58:33 [INFO] 已设置应用程序图标
2025-05-07 22:58:33 [INFO] 初始化主窗口
2025-05-07 22:58:33 [INFO] 项目列表已刷新
2025-05-07 22:58:33 [INFO] 项目列表已刷新
2025-05-07 22:58:33 [INFO] 主窗口初始化完成
2025-05-07 22:58:35 [INFO] 应用程序界面已显示
2025-05-07 22:58:37 [INFO] 切换到POC制作页面
2025-05-07 23:02:42 [INFO] 启动视觉方案助手应用程序
2025-05-07 23:02:42 [INFO] 正在初始化数据库...
2025-05-07 23:02:42 [INFO] 数据库初始化完成
2025-05-07 23:02:42 [INFO] 正在创建应用实例...
2025-05-07 23:02:42 [INFO] 已设置应用程序图标
2025-05-07 23:02:42 [INFO] 初始化主窗口
2025-05-07 23:02:42 [INFO] 项目列表已刷新
2025-05-07 23:02:42 [INFO] 项目列表已刷新
2025-05-07 23:02:42 [INFO] 主窗口初始化完成
2025-05-07 23:02:44 [INFO] 应用程序界面已显示
2025-05-07 23:03:05 [INFO] 项目创建成功: /home/unitx/桌面/workflows/测试1_测试1_V1_20250507
2025-05-07 23:03:06 [INFO] 项目列表已刷新
2025-05-07 23:03:11 [INFO] 切换到POC制作页面
