2025-05-08 10:12:37 [INFO] 启动视觉方案助手应用程序
2025-05-08 10:12:37 [INFO] 正在初始化数据库...
2025-05-08 10:12:37 [INFO] 数据库初始化完成
2025-05-08 10:12:37 [INFO] 正在创建应用实例...
2025-05-08 10:12:37 [INFO] 已设置应用程序图标
2025-05-08 10:12:37 [INFO] 初始化主窗口
2025-05-08 10:12:37 [INFO] 项目列表已刷新
2025-05-08 10:12:37 [INFO] 项目列表已刷新
2025-05-08 10:12:37 [INFO] 主窗口初始化完成
2025-05-08 10:12:39 [INFO] 应用程序界面已显示
2025-05-08 10:12:51 [INFO] 项目列表已刷新
2025-05-08 10:12:54 [INFO] 项目列表已刷新
2025-05-08 10:13:00 [INFO] 项目列表已刷新
2025-05-08 10:13:09 [INFO] 切换到设置页面
2025-05-08 10:13:18 [INFO] 已选择项目文件夹: /home/unitx/桌面
2025-05-08 10:13:19 [INFO] 设置已保存
2025-05-08 10:13:22 [INFO] 切换到首页
2025-05-08 10:13:24 [INFO] 项目列表已刷新
2025-05-08 10:13:32 [INFO] 项目列表已刷新
2025-05-08 10:13:38 [INFO] 切换到设置页面
2025-05-08 10:13:43 [INFO] 已选择项目文件夹: /home/unitx/桌面/workflows
2025-05-08 10:13:44 [INFO] 设置已保存
2025-05-08 10:13:46 [INFO] 切换到首页
2025-05-08 10:14:05 [INFO] 项目列表已刷新
2025-05-08 10:15:25 [INFO] 项目创建成功: /home/unitx/桌面/workflows/洽兴_240141&240142瓶身盖杆检测_V2_20250508
2025-05-08 10:15:26 [INFO] 项目列表已刷新
2025-05-08 10:15:29 [INFO] 切换到POC制作页面
2025-05-08 13:37:26 [INFO] 尝试访问开发中的缺陷分析功能
2025-05-08 13:37:34 [INFO] 尝试访问开发中的缺陷分析功能
2025-05-08 13:37:36 [INFO] 切换到配置记录页面
2025-05-08 13:37:52 [INFO] 尝试访问开发中的集成分析功能
2025-05-08 13:37:55 [INFO] 尝试访问开发中的功能拓展功能
2025-05-08 13:37:57 [INFO] 尝试访问开发中的缺陷分析功能
2025-05-08 13:38:25 [INFO] 切换到POC制作页面
2025-05-08 15:13:49 [INFO] 启动视觉方案助手应用程序
2025-05-08 15:13:49 [INFO] 正在初始化数据库...
2025-05-08 15:13:49 [INFO] 数据库初始化完成
2025-05-08 15:13:49 [INFO] 正在创建应用实例...
2025-05-08 15:13:49 [INFO] 已设置应用程序图标
2025-05-08 15:13:49 [INFO] 初始化主窗口
2025-05-08 15:13:49 [INFO] 项目列表已刷新
2025-05-08 15:13:49 [INFO] 项目列表已刷新
2025-05-08 15:13:49 [INFO] 主窗口初始化完成
2025-05-08 15:13:51 [INFO] 应用程序界面已显示
2025-05-08 15:14:03 [INFO] 项目列表已刷新
2025-05-08 15:14:06 [INFO] 项目列表已刷新
2025-05-08 15:14:09 [INFO] 切换到POC制作页面
2025-05-08 15:21:24 [INFO] 启动视觉方案助手应用程序
2025-05-08 15:21:24 [INFO] 正在初始化数据库...
2025-05-08 15:21:24 [INFO] 数据库初始化完成
2025-05-08 15:21:24 [INFO] 正在创建应用实例...
2025-05-08 15:21:24 [INFO] 已设置应用程序图标
2025-05-08 15:21:24 [INFO] 初始化主窗口
2025-05-08 15:21:24 [INFO] 项目列表已刷新
2025-05-08 15:21:24 [INFO] 项目列表已刷新
2025-05-08 15:21:24 [INFO] 主窗口初始化完成
2025-05-08 15:21:26 [INFO] 应用程序界面已显示
2025-05-08 15:21:30 [INFO] 切换到POC制作页面
2025-05-08 15:45:56 [INFO] 启动视觉方案助手应用程序
2025-05-08 15:45:56 [INFO] 正在初始化数据库...
2025-05-08 15:45:56 [INFO] 数据库初始化完成
2025-05-08 15:45:56 [INFO] 正在创建应用实例...
2025-05-08 15:45:56 [INFO] 已设置应用程序图标
2025-05-08 15:45:56 [INFO] 初始化主窗口
2025-05-08 15:45:56 [INFO] 项目列表已刷新
2025-05-08 15:45:56 [INFO] 项目列表已刷新
2025-05-08 15:45:56 [INFO] 主窗口初始化完成
2025-05-08 15:45:58 [INFO] 应用程序界面已显示
2025-05-08 15:46:02 [INFO] 项目列表已刷新
2025-05-08 15:46:06 [INFO] 项目列表已刷新
2025-05-08 15:47:43 [INFO] 项目创建成功: /home/unitx/桌面/workflows/洽兴_240102瓶身检测_V3_20250508
2025-05-08 15:47:44 [INFO] 项目列表已刷新
2025-05-08 15:47:49 [INFO] 切换到POC制作页面
2025-05-08 16:48:33 [INFO] 切换到首页
2025-05-08 16:48:38 [INFO] 项目列表已刷新
2025-05-08 16:50:56 [INFO] 项目创建成功: /home/unitx/桌面/workflows/洽兴_232417-E瓶身检测_V4_20250508
2025-05-08 16:50:57 [INFO] 项目列表已刷新
