2025-05-09 10:00:52 [INFO] 启动视觉方案助手应用程序
2025-05-09 10:00:52 [INFO] 正在初始化数据库...
2025-05-09 10:00:52 [INFO] 数据库初始化完成
2025-05-09 10:00:52 [INFO] 正在创建应用实例...
2025-05-09 10:00:52 [INFO] 已设置应用程序图标
2025-05-09 10:00:52 [INFO] 初始化主窗口
2025-05-09 10:00:52 [INFO] 项目列表已刷新
2025-05-09 10:00:52 [INFO] 项目列表已刷新
2025-05-09 10:00:52 [INFO] 主窗口初始化完成
2025-05-09 10:00:54 [INFO] 应用程序界面已显示
2025-05-09 10:01:00 [INFO] 切换到POC制作页面
2025-05-09 10:01:02 [INFO] 尝试访问开发中的缺陷分析功能
2025-05-09 10:01:04 [INFO] 切换到配置记录页面
2025-05-09 10:01:48 [INFO] 启动视觉方案助手应用程序
2025-05-09 10:01:48 [INFO] 正在初始化数据库...
2025-05-09 10:01:48 [INFO] 数据库初始化完成
2025-05-09 10:01:48 [INFO] 正在创建应用实例...
2025-05-09 10:01:48 [INFO] 已设置应用程序图标
2025-05-09 10:01:48 [INFO] 初始化主窗口
2025-05-09 10:01:48 [INFO] 项目列表已刷新
2025-05-09 10:01:48 [INFO] 项目列表已刷新
2025-05-09 10:01:48 [INFO] 主窗口初始化完成
2025-05-09 10:01:50 [INFO] 应用程序界面已显示
2025-05-09 14:01:20 [INFO] 启动视觉方案助手应用程序
2025-05-09 14:01:20 [INFO] 正在初始化数据库...
2025-05-09 14:01:20 [INFO] 数据库初始化完成
2025-05-09 14:01:20 [INFO] 正在创建应用实例...
2025-05-09 14:01:20 [INFO] 已设置应用程序图标
2025-05-09 14:01:20 [INFO] 初始化主窗口
2025-05-09 14:01:20 [INFO] 项目列表已刷新
2025-05-09 14:01:20 [INFO] 项目列表已刷新
2025-05-09 14:01:20 [INFO] 主窗口初始化完成
2025-05-09 14:01:22 [INFO] 应用程序界面已显示
2025-05-09 14:01:26 [INFO] 切换到首页
2025-05-09 14:01:26 [INFO] 切换到设置页面
2025-05-09 14:01:33 [INFO] 已选择项目文件夹: /home/unitx/桌面/workflows
2025-05-09 14:01:35 [INFO] 设置已保存
2025-05-09 14:01:38 [INFO] 切换到首页
2025-05-09 14:01:41 [INFO] 切换到首页
2025-05-09 14:02:29 [INFO] 项目创建成功: /home/unitx/桌面/workflows/华为_手机屏幕检测_V1_20250509
2025-05-09 14:02:31 [INFO] 项目列表已刷新
2025-05-09 14:03:03 [INFO] 切换到POC制作页面
2025-05-09 14:04:37 [INFO] 切换到首页
2025-05-09 14:04:52 [INFO] 切换到POC制作页面
2025-05-09 14:05:15 [INFO] 切换到首页
2025-05-09 14:05:25 [INFO] 切换到POC制作页面
2025-05-09 14:09:29 [INFO] 尝试访问开发中的缺陷分析功能
2025-05-09 14:09:32 [INFO] 切换到配置记录页面
2025-05-09 14:11:36 [INFO] 尝试访问开发中的集成分析功能
2025-05-09 14:11:38 [INFO] 尝试访问开发中的功能拓展功能
2025-05-09 14:46:34 [INFO] 启动视觉方案助手应用程序
2025-05-09 14:46:34 [INFO] 正在初始化数据库...
2025-05-09 14:46:34 [INFO] 数据库初始化完成
2025-05-09 14:46:34 [INFO] 正在创建应用实例...
2025-05-09 14:46:34 [INFO] 已设置应用程序图标
2025-05-09 14:46:34 [INFO] 初始化主窗口
2025-05-09 14:46:34 [INFO] 项目列表已刷新
2025-05-09 14:46:34 [INFO] 项目列表已刷新
2025-05-09 14:46:34 [INFO] 主窗口初始化完成
2025-05-09 14:46:37 [INFO] 应用程序界面已显示
2025-05-09 15:22:19 [INFO] 启动视觉方案助手应用程序
2025-05-09 15:22:19 [INFO] 正在初始化数据库...
2025-05-09 15:22:19 [INFO] 数据库初始化完成
2025-05-09 15:22:19 [INFO] 正在创建应用实例...
2025-05-09 15:22:19 [INFO] 已设置应用程序图标
2025-05-09 15:22:19 [INFO] 初始化主窗口
2025-05-09 15:22:19 [INFO] 项目列表已刷新
2025-05-09 15:22:19 [INFO] 项目列表已刷新
2025-05-09 15:22:19 [INFO] 主窗口初始化完成
2025-05-09 15:22:22 [INFO] 应用程序界面已显示
2025-05-09 15:25:09 [INFO] 项目创建成功: /home/unitx/桌面/workflows/超煜电子_金属壳体节拍分析_V1_20250509
2025-05-09 15:25:11 [INFO] 项目列表已刷新
2025-05-09 15:25:17 [INFO] 项目列表已刷新
2025-05-09 15:26:22 [INFO] 切换到POC制作页面
