2025-05-06 09:47:18 [INFO] 启动视觉方案助手应用程序
2025-05-06 09:47:18 [INFO] 正在初始化数据库...
2025-05-06 09:47:18 [INFO] 数据库初始化完成
2025-05-06 09:47:18 [INFO] 正在创建应用实例...
2025-05-06 09:47:18 [INFO] 已设置应用程序图标
2025-05-06 09:47:18 [INFO] 初始化主窗口
2025-05-06 09:47:18 [INFO] 项目列表已刷新
2025-05-06 09:47:18 [INFO] 主窗口初始化完成
2025-05-06 09:47:18 [INFO] 应用程序界面已显示
2025-05-06 09:47:48 [INFO] 切换到POC制作页面
2025-05-06 09:48:59 [INFO] 切换到设置页面
2025-05-06 09:49:00 [INFO] 切换到首页
2025-05-06 09:49:02 [INFO] 切换到POC制作页面
2025-05-06 15:40:21 [INFO] 启动视觉方案助手应用程序
2025-05-06 15:40:21 [INFO] 正在初始化数据库...
2025-05-06 15:40:21 [INFO] 数据库初始化完成
2025-05-06 15:40:21 [INFO] 正在创建应用实例...
2025-05-06 15:40:21 [INFO] 已设置应用程序图标
2025-05-06 15:40:21 [INFO] 初始化主窗口
2025-05-06 15:40:21 [INFO] 项目列表已刷新
2025-05-06 15:40:21 [INFO] 主窗口初始化完成
2025-05-06 15:40:21 [INFO] 应用程序界面已显示
2025-05-06 15:44:49 [INFO] 项目创建成功: /home/unitx/桌面/workflows/励上_手表外壳外观检测_V1_20250506
2025-05-06 15:44:50 [INFO] 项目列表已刷新
2025-05-06 15:45:05 [INFO] 切换到设置页面
2025-05-06 15:45:07 [INFO] 切换到首页
2025-05-06 15:45:21 [INFO] 切换到POC制作页面
2025-05-06 15:54:24 [INFO] 切换到首页
2025-05-06 17:00:47 [INFO] 启动视觉方案助手应用程序
2025-05-06 17:00:47 [INFO] 正在初始化数据库...
2025-05-06 17:00:47 [INFO] 数据库初始化完成
2025-05-06 17:00:47 [INFO] 正在创建应用实例...
2025-05-06 17:00:47 [INFO] 已设置应用程序图标
2025-05-06 17:00:47 [INFO] 初始化主窗口
2025-05-06 17:00:47 [INFO] 项目列表已刷新
2025-05-06 17:00:47 [INFO] 主窗口初始化完成
2025-05-06 17:00:47 [INFO] 应用程序界面已显示
2025-05-06 17:00:49 [INFO] 切换到POC制作页面
2025-05-06 17:02:55 [INFO] 启动视觉方案助手应用程序
2025-05-06 17:02:55 [INFO] 正在初始化数据库...
2025-05-06 17:02:55 [INFO] 数据库初始化完成
2025-05-06 17:02:55 [INFO] 正在创建应用实例...
2025-05-06 17:02:55 [INFO] 已设置应用程序图标
2025-05-06 17:02:55 [INFO] 初始化主窗口
2025-05-06 17:02:55 [INFO] 项目列表已刷新
2025-05-06 17:02:55 [INFO] 主窗口初始化完成
2025-05-06 17:02:55 [INFO] 应用程序界面已显示
2025-05-06 17:03:48 [INFO] 启动视觉方案助手应用程序
2025-05-06 17:03:48 [INFO] 正在初始化数据库...
2025-05-06 17:03:48 [INFO] 数据库初始化完成
2025-05-06 17:03:48 [INFO] 正在创建应用实例...
2025-05-06 17:03:48 [INFO] 已设置应用程序图标
2025-05-06 17:03:48 [INFO] 初始化主窗口
2025-05-06 17:03:48 [INFO] 项目列表已刷新
2025-05-06 17:03:48 [INFO] 主窗口初始化完成
2025-05-06 17:03:48 [INFO] 应用程序界面已显示
2025-05-06 17:03:49 [INFO] 切换到POC制作页面
2025-05-06 17:07:08 [INFO] 启动视觉方案助手应用程序
2025-05-06 17:07:08 [INFO] 正在初始化数据库...
2025-05-06 17:07:08 [INFO] 数据库初始化完成
2025-05-06 17:07:08 [INFO] 正在创建应用实例...
2025-05-06 17:07:08 [INFO] 已设置应用程序图标
2025-05-06 17:07:08 [INFO] 初始化主窗口
2025-05-06 17:07:08 [INFO] 项目列表已刷新
2025-05-06 17:07:08 [INFO] 主窗口初始化完成
2025-05-06 17:07:08 [INFO] 应用程序界面已显示
2025-05-06 17:07:13 [INFO] 切换到POC制作页面
2025-05-06 17:29:03 [INFO] 启动视觉方案助手应用程序
2025-05-06 17:29:03 [INFO] 正在初始化数据库...
2025-05-06 17:29:03 [INFO] 数据库初始化完成
2025-05-06 17:29:03 [INFO] 正在创建应用实例...
2025-05-06 17:29:03 [INFO] 已设置应用程序图标
2025-05-06 17:29:03 [INFO] 初始化主窗口
2025-05-06 17:29:03 [INFO] 项目列表已刷新
2025-05-06 17:29:03 [INFO] 主窗口初始化完成
2025-05-06 17:29:03 [INFO] 应用程序界面已显示
2025-05-06 17:29:08 [INFO] 切换到POC制作页面
2025-05-06 17:29:41 [INFO] 启动视觉方案助手应用程序
2025-05-06 17:29:41 [INFO] 正在初始化数据库...
2025-05-06 17:29:41 [INFO] 数据库初始化完成
2025-05-06 17:29:41 [INFO] 正在创建应用实例...
2025-05-06 17:29:41 [INFO] 已设置应用程序图标
2025-05-06 17:29:41 [INFO] 初始化主窗口
2025-05-06 17:29:41 [INFO] 项目列表已刷新
2025-05-06 17:29:41 [INFO] 主窗口初始化完成
2025-05-06 17:29:41 [INFO] 应用程序界面已显示
2025-05-06 17:29:43 [INFO] 切换到POC制作页面
2025-05-06 17:30:22 [INFO] 尝试访问开发中的缺陷分析功能
2025-05-06 17:30:26 [INFO] 尝试访问开发中的缺陷分析功能
2025-05-06 17:30:29 [INFO] 切换到配置记录页面
2025-05-06 17:30:34 [INFO] 切换到POC制作页面
2025-05-06 17:31:13 [INFO] 切换到配置记录页面
2025-05-06 17:31:48 [INFO] 切换到首页
2025-05-06 17:31:51 [INFO] 切换到POC制作页面
2025-05-06 17:31:54 [INFO] 尝试访问开发中的缺陷分析功能
2025-05-06 17:31:56 [INFO] 切换到配置记录页面
2025-05-06 17:31:58 [INFO] 切换到集成分析页面
2025-05-06 17:31:59 [INFO] 切换到功能拓展页面
2025-05-06 17:32:17 [INFO] 切换到设置页面
2025-05-06 17:32:23 [INFO] 切换到首页
2025-05-06 17:32:25 [INFO] 项目列表已刷新
2025-05-06 17:32:33 [INFO] 项目列表已刷新
2025-05-06 17:33:00 [INFO] 切换到POC制作页面
2025-05-06 17:33:06 [INFO] 切换到首页
2025-05-06 17:33:08 [INFO] 切换到POC制作页面
2025-05-06 17:33:10 [INFO] 尝试访问开发中的缺陷分析功能
2025-05-06 17:33:32 [INFO] 切换到功能拓展页面
2025-05-06 17:33:46 [INFO] 切换到首页
2025-05-06 17:35:35 [INFO] 启动视觉方案助手应用程序
2025-05-06 17:35:35 [INFO] 正在初始化数据库...
2025-05-06 17:35:35 [INFO] 数据库初始化完成
2025-05-06 17:35:35 [INFO] 正在创建应用实例...
2025-05-06 17:35:35 [INFO] 已设置应用程序图标
2025-05-06 17:35:35 [INFO] 初始化主窗口
2025-05-06 17:35:35 [INFO] 项目列表已刷新
2025-05-06 17:35:35 [INFO] 主窗口初始化完成
2025-05-06 17:35:35 [INFO] 应用程序界面已显示
2025-05-06 17:35:42 [INFO] 切换到POC制作页面
2025-05-06 17:35:48 [INFO] 切换到首页
2025-05-06 17:36:30 [INFO] 启动视觉方案助手应用程序
2025-05-06 17:36:30 [INFO] 正在初始化数据库...
2025-05-06 17:36:30 [INFO] 数据库初始化完成
2025-05-06 17:36:30 [INFO] 正在创建应用实例...
2025-05-06 17:36:30 [INFO] 已设置应用程序图标
2025-05-06 17:36:30 [INFO] 初始化主窗口
2025-05-06 17:36:30 [INFO] 项目列表已刷新
2025-05-06 17:36:30 [INFO] 主窗口初始化完成
2025-05-06 17:36:30 [INFO] 应用程序界面已显示
2025-05-06 17:40:20 [INFO] 启动视觉方案助手应用程序
2025-05-06 17:40:20 [INFO] 正在初始化数据库...
2025-05-06 17:40:20 [INFO] 数据库初始化完成
2025-05-06 17:40:20 [INFO] 正在创建应用实例...
2025-05-06 17:40:20 [INFO] 已设置应用程序图标
2025-05-06 17:40:20 [INFO] 初始化主窗口
2025-05-06 17:40:20 [INFO] 项目列表已刷新
2025-05-06 17:40:20 [INFO] 主窗口初始化完成
2025-05-06 17:40:20 [INFO] 应用程序界面已显示
2025-05-06 17:40:33 [INFO] 切换到首页
2025-05-06 17:40:39 [INFO] 切换到首页
2025-05-06 17:40:46 [INFO] 启动视觉方案助手应用程序
2025-05-06 17:40:46 [INFO] 正在初始化数据库...
2025-05-06 17:40:46 [INFO] 数据库初始化完成
2025-05-06 17:40:46 [INFO] 正在创建应用实例...
2025-05-06 17:40:46 [INFO] 已设置应用程序图标
2025-05-06 17:40:46 [INFO] 初始化主窗口
2025-05-06 17:40:46 [INFO] 项目列表已刷新
2025-05-06 17:40:46 [INFO] 主窗口初始化完成
2025-05-06 17:40:46 [INFO] 应用程序界面已显示
2025-05-06 17:46:24 [INFO] 启动视觉方案助手应用程序
2025-05-06 17:46:24 [INFO] 正在初始化数据库...
2025-05-06 17:46:24 [INFO] 数据库初始化完成
2025-05-06 17:46:24 [INFO] 正在创建应用实例...
2025-05-06 17:46:24 [INFO] 已设置应用程序图标
2025-05-06 17:46:24 [INFO] 初始化主窗口
2025-05-06 17:46:24 [INFO] 项目列表已刷新
2025-05-06 17:46:24 [INFO] 主窗口初始化完成
2025-05-06 17:46:24 [INFO] 应用程序界面已显示
2025-05-06 17:46:45 [INFO] 切换到POC制作页面
2025-05-06 17:46:50 [INFO] 切换到设置页面
2025-05-06 17:46:53 [INFO] 切换到首页
2025-05-06 17:52:06 [INFO] 启动视觉方案助手应用程序
2025-05-06 17:52:06 [INFO] 正在初始化数据库...
2025-05-06 17:52:06 [INFO] 数据库初始化完成
2025-05-06 17:52:06 [INFO] 正在创建应用实例...
2025-05-06 17:52:06 [INFO] 已设置应用程序图标
2025-05-06 17:52:06 [INFO] 初始化主窗口
2025-05-06 17:52:06 [INFO] 项目列表已刷新
2025-05-06 17:52:06 [INFO] 主窗口初始化完成
2025-05-06 17:52:06 [INFO] 应用程序界面已显示
2025-05-06 17:52:14 [INFO] 切换到首页
2025-05-06 17:52:22 [INFO] 切换到首页
2025-05-06 17:52:29 [INFO] 切换到首页
2025-05-06 17:52:41 [INFO] 切换到首页
2025-05-06 17:52:54 [INFO] 切换到POC制作页面
2025-05-06 17:53:02 [INFO] 切换到首页
2025-05-06 17:53:32 [INFO] 启动视觉方案助手应用程序
2025-05-06 17:53:32 [INFO] 正在初始化数据库...
2025-05-06 17:53:32 [INFO] 数据库初始化完成
2025-05-06 17:53:32 [INFO] 正在创建应用实例...
2025-05-06 17:53:32 [INFO] 已设置应用程序图标
2025-05-06 17:53:32 [INFO] 初始化主窗口
2025-05-06 17:53:32 [INFO] 项目列表已刷新
2025-05-06 17:53:32 [INFO] 主窗口初始化完成
2025-05-06 17:53:32 [INFO] 应用程序界面已显示
2025-05-06 17:53:39 [INFO] 切换到首页
2025-05-06 17:53:41 [INFO] 切换到首页
2025-05-06 17:53:42 [INFO] 切换到首页
2025-05-06 17:53:45 [INFO] 切换到首页
2025-05-06 17:54:25 [INFO] 启动视觉方案助手应用程序
2025-05-06 17:54:25 [INFO] 正在初始化数据库...
2025-05-06 17:54:25 [INFO] 数据库初始化完成
2025-05-06 17:54:25 [INFO] 正在创建应用实例...
2025-05-06 17:54:25 [INFO] 已设置应用程序图标
2025-05-06 17:54:25 [INFO] 初始化主窗口
2025-05-06 17:54:25 [INFO] 项目列表已刷新
2025-05-06 17:54:25 [INFO] 主窗口初始化完成
2025-05-06 17:54:25 [INFO] 应用程序界面已显示
2025-05-06 17:54:30 [INFO] 切换到首页
2025-05-06 17:54:32 [INFO] 切换到POC制作页面
2025-05-06 17:54:35 [INFO] 切换到首页
2025-05-06 17:56:28 [INFO] 切换到首页
2025-05-06 17:56:47 [INFO] 切换到首页
2025-05-06 18:00:11 [INFO] 启动视觉方案助手应用程序
2025-05-06 18:00:11 [INFO] 正在初始化数据库...
2025-05-06 18:00:11 [INFO] 数据库初始化完成
2025-05-06 18:00:11 [INFO] 正在创建应用实例...
2025-05-06 18:00:11 [INFO] 已设置应用程序图标
2025-05-06 18:00:11 [INFO] 初始化主窗口
2025-05-06 18:00:11 [INFO] 项目列表已刷新
2025-05-06 18:00:11 [INFO] 主窗口初始化完成
2025-05-06 18:00:11 [INFO] 应用程序界面已显示
2025-05-06 18:01:15 [INFO] 启动视觉方案助手应用程序
2025-05-06 18:01:15 [INFO] 正在初始化数据库...
2025-05-06 18:01:15 [INFO] 数据库初始化完成
2025-05-06 18:01:15 [INFO] 正在创建应用实例...
2025-05-06 18:01:15 [INFO] 已设置应用程序图标
2025-05-06 18:01:15 [INFO] 初始化主窗口
2025-05-06 18:01:15 [INFO] 项目列表已刷新
2025-05-06 18:01:15 [INFO] 主窗口初始化完成
2025-05-06 18:01:15 [INFO] 应用程序界面已显示
2025-05-06 18:01:52 [INFO] 启动视觉方案助手应用程序
2025-05-06 18:01:52 [INFO] 正在初始化数据库...
2025-05-06 18:01:52 [INFO] 数据库初始化完成
2025-05-06 18:01:52 [INFO] 正在创建应用实例...
2025-05-06 18:01:52 [INFO] 已设置应用程序图标
2025-05-06 18:01:52 [INFO] 初始化主窗口
2025-05-06 18:01:52 [INFO] 项目列表已刷新
2025-05-06 18:01:52 [INFO] 主窗口初始化完成
2025-05-06 18:01:52 [INFO] 应用程序界面已显示
2025-05-06 18:01:55 [INFO] 切换到首页
2025-05-06 18:01:57 [INFO] 切换到首页
2025-05-06 18:03:04 [INFO] 启动视觉方案助手应用程序
2025-05-06 18:03:04 [INFO] 正在初始化数据库...
2025-05-06 18:03:04 [INFO] 数据库初始化完成
2025-05-06 18:03:04 [INFO] 正在创建应用实例...
2025-05-06 18:03:04 [INFO] 已设置应用程序图标
2025-05-06 18:03:04 [INFO] 初始化主窗口
2025-05-06 18:03:04 [INFO] 项目列表已刷新
2025-05-06 18:03:04 [INFO] 主窗口初始化完成
2025-05-06 18:03:04 [INFO] 应用程序界面已显示
2025-05-06 18:05:49 [INFO] 切换到首页
2025-05-06 18:06:07 [INFO] 切换到POC制作页面
2025-05-06 18:06:10 [INFO] 切换到首页
2025-05-06 18:06:33 [INFO] 启动视觉方案助手应用程序
2025-05-06 18:06:33 [INFO] 正在初始化数据库...
2025-05-06 18:06:33 [INFO] 数据库初始化完成
2025-05-06 18:06:33 [INFO] 正在创建应用实例...
2025-05-06 18:06:33 [INFO] 已设置应用程序图标
2025-05-06 18:06:33 [INFO] 初始化主窗口
2025-05-06 18:06:33 [INFO] 项目列表已刷新
2025-05-06 18:06:33 [INFO] 主窗口初始化完成
2025-05-06 18:06:33 [INFO] 应用程序界面已显示
2025-05-06 18:06:44 [INFO] 切换到POC制作页面
2025-05-06 18:06:45 [INFO] 切换到首页
2025-05-06 18:06:57 [INFO] 启动视觉方案助手应用程序
2025-05-06 18:06:57 [INFO] 正在初始化数据库...
2025-05-06 18:06:57 [INFO] 数据库初始化完成
2025-05-06 18:06:57 [INFO] 正在创建应用实例...
2025-05-06 18:06:57 [INFO] 已设置应用程序图标
2025-05-06 18:06:57 [INFO] 初始化主窗口
2025-05-06 18:06:57 [INFO] 项目列表已刷新
2025-05-06 18:06:57 [INFO] 主窗口初始化完成
2025-05-06 18:06:57 [INFO] 应用程序界面已显示
2025-05-06 18:08:47 [INFO] 启动视觉方案助手应用程序
2025-05-06 18:08:47 [INFO] 正在初始化数据库...
2025-05-06 18:08:47 [INFO] 数据库初始化完成
2025-05-06 18:08:47 [INFO] 正在创建应用实例...
2025-05-06 18:08:47 [INFO] 已设置应用程序图标
2025-05-06 18:08:47 [INFO] 初始化主窗口
2025-05-06 18:08:47 [INFO] 项目列表已刷新
2025-05-06 18:08:47 [INFO] 主窗口初始化完成
2025-05-06 18:08:47 [INFO] 应用程序界面已显示
2025-05-06 18:40:05 [INFO] 启动视觉方案助手应用程序
2025-05-06 18:40:05 [INFO] 正在初始化数据库...
2025-05-06 18:40:05 [INFO] 数据库初始化完成
2025-05-06 18:40:05 [INFO] 正在创建应用实例...
2025-05-06 18:40:05 [INFO] 已设置应用程序图标
2025-05-06 18:40:05 [INFO] 初始化主窗口
2025-05-06 18:40:05 [INFO] 项目列表已刷新
2025-05-06 18:40:05 [INFO] 主窗口初始化完成
2025-05-06 18:40:05 [INFO] 应用程序界面已显示
2025-05-06 18:42:57 [INFO] 启动视觉方案助手应用程序
2025-05-06 18:42:57 [INFO] 正在初始化数据库...
2025-05-06 18:42:57 [INFO] 数据库初始化完成
2025-05-06 18:42:57 [INFO] 正在创建应用实例...
2025-05-06 18:42:57 [INFO] 已设置应用程序图标
2025-05-06 18:42:57 [INFO] 初始化主窗口
2025-05-06 18:42:57 [INFO] 项目列表已刷新
2025-05-06 18:42:57 [INFO] 主窗口初始化完成
2025-05-06 18:42:57 [INFO] 应用程序界面已显示
2025-05-06 18:46:55 [INFO] 启动视觉方案助手应用程序
2025-05-06 18:46:55 [INFO] 正在初始化数据库...
2025-05-06 18:46:55 [INFO] 数据库初始化完成
2025-05-06 18:46:55 [INFO] 正在创建应用实例...
2025-05-06 18:46:55 [INFO] 已设置应用程序图标
2025-05-06 18:46:55 [INFO] 初始化主窗口
2025-05-06 18:46:55 [INFO] 项目列表已刷新
2025-05-06 18:46:55 [INFO] 主窗口初始化完成
2025-05-06 18:46:55 [INFO] 应用程序界面已显示
2025-05-06 18:47:07 [INFO] 切换到POC制作页面
2025-05-06 18:47:20 [INFO] 切换到首页
2025-05-06 18:47:21 [INFO] 切换到POC制作页面
2025-05-06 18:47:36 [INFO] 切换到首页
2025-05-06 18:48:00 [INFO] 项目创建成功: /home/unitx/桌面/workflows/测试1_测试2_V1_20250506
2025-05-06 18:48:01 [INFO] 项目列表已刷新
2025-05-06 18:48:52 [INFO] 切换到POC制作页面
2025-05-06 18:49:09 [INFO] 切换到首页
2025-05-06 18:49:11 [INFO] 切换到POC制作页面
2025-05-06 18:49:23 [INFO] 切换到首页
2025-05-06 18:49:24 [INFO] 切换到POC制作页面
2025-05-06 18:49:25 [INFO] 切换到首页
2025-05-06 18:49:26 [INFO] 切换到POC制作页面
2025-05-06 18:49:27 [INFO] 切换到首页
2025-05-06 18:49:30 [INFO] 切换到POC制作页面
2025-05-06 18:50:09 [INFO] 切换到首页
2025-05-06 18:50:12 [INFO] 项目列表已刷新
2025-05-06 18:50:15 [INFO] 项目列表已刷新
2025-05-06 19:11:39 [INFO] 启动视觉方案助手应用程序
2025-05-06 19:11:39 [INFO] 正在初始化数据库...
2025-05-06 19:11:39 [INFO] 数据库初始化完成
2025-05-06 19:11:39 [INFO] 正在创建应用实例...
2025-05-06 19:11:39 [INFO] 已设置应用程序图标
2025-05-06 19:11:39 [INFO] 初始化主窗口
2025-05-06 19:11:39 [INFO] 项目列表已刷新
2025-05-06 19:11:39 [INFO] 主窗口初始化完成
2025-05-06 19:11:39 [INFO] 应用程序界面已显示
2025-05-06 19:11:44 [INFO] 项目列表已刷新
2025-05-06 19:11:45 [INFO] 切换到POC制作页面
2025-05-06 19:11:49 [INFO] 项目列表已刷新
2025-05-06 19:11:54 [INFO] 项目列表已刷新
2025-05-06 19:11:56 [INFO] 切换到首页
2025-05-06 19:11:57 [INFO] 切换到POC制作页面
2025-05-06 19:11:59 [INFO] 项目列表已刷新
2025-05-06 19:12:04 [INFO] 项目列表已刷新
2025-05-06 19:12:09 [INFO] 项目列表已刷新
2025-05-06 19:12:14 [INFO] 项目列表已刷新
2025-05-06 19:12:16 [INFO] 切换到首页
2025-05-06 19:12:17 [INFO] 切换到POC制作页面
2025-05-06 19:12:19 [INFO] 项目列表已刷新
2025-05-06 19:12:24 [INFO] 切换到首页
2025-05-06 19:12:24 [INFO] 项目列表已刷新
2025-05-06 19:12:29 [INFO] 项目列表已刷新
2025-05-06 19:12:34 [INFO] 项目列表已刷新
2025-05-06 19:12:35 [INFO] 项目创建成功: /home/unitx/桌面/workflows/1_1_1_20250506
2025-05-06 19:12:36 [INFO] 项目列表已刷新
2025-05-06 19:12:39 [INFO] 项目列表已刷新
2025-05-06 19:14:58 [INFO] 启动视觉方案助手应用程序
2025-05-06 19:14:58 [INFO] 正在初始化数据库...
2025-05-06 19:14:58 [INFO] 数据库初始化完成
2025-05-06 19:14:58 [INFO] 正在创建应用实例...
2025-05-06 19:14:58 [INFO] 已设置应用程序图标
2025-05-06 19:14:58 [INFO] 初始化主窗口
2025-05-06 19:14:58 [INFO] 项目列表已刷新
2025-05-06 19:14:58 [INFO] 主窗口初始化完成
2025-05-06 19:14:58 [INFO] 应用程序界面已显示
2025-05-06 19:15:00 [INFO] 点击项目卡片: 测试1_测试2_V1
2025-05-06 19:15:03 [INFO] 项目列表已刷新
2025-05-06 19:15:07 [INFO] 项目列表已刷新
2025-05-06 19:15:08 [INFO] 项目列表已刷新
2025-05-06 19:15:11 [INFO] 切换到POC制作页面
2025-05-06 19:15:13 [INFO] 项目列表已刷新
2025-05-06 19:15:18 [INFO] 项目列表已刷新
2025-05-06 19:15:23 [INFO] 项目列表已刷新
2025-05-06 19:15:28 [INFO] 项目列表已刷新
2025-05-06 19:15:33 [INFO] 项目列表已刷新
2025-05-06 19:15:38 [INFO] 项目列表已刷新
2025-05-06 19:15:43 [INFO] 项目列表已刷新
2025-05-06 19:15:48 [INFO] 项目列表已刷新
2025-05-06 19:15:53 [INFO] 项目列表已刷新
2025-05-06 19:15:58 [INFO] 项目列表已刷新
2025-05-06 19:16:03 [INFO] 项目列表已刷新
2025-05-06 19:16:08 [INFO] 项目列表已刷新
2025-05-06 19:16:11 [INFO] 切换到首页
2025-05-06 19:16:12 [INFO] 切换到POC制作页面
2025-05-06 19:16:13 [INFO] 项目列表已刷新
2025-05-06 19:16:14 [INFO] 切换到首页
2025-05-06 19:16:16 [INFO] 点击项目卡片: 测试1_测试2_V1
2025-05-06 19:16:18 [INFO] 项目列表已刷新
2025-05-06 19:16:18 [INFO] 点击项目卡片: 测试1_测试2_V1
2025-05-06 19:16:23 [INFO] 项目列表已刷新
2025-05-06 19:16:28 [INFO] 项目列表已刷新
2025-05-06 19:16:33 [INFO] 项目列表已刷新
2025-05-06 19:16:38 [INFO] 项目列表已刷新
2025-05-06 19:16:41 [INFO] 切换到首页
2025-05-06 19:16:43 [INFO] 项目列表已刷新
2025-05-06 19:16:48 [INFO] 项目列表已刷新
2025-05-06 19:17:33 [INFO] 启动视觉方案助手应用程序
2025-05-06 19:17:33 [INFO] 正在初始化数据库...
2025-05-06 19:17:33 [INFO] 数据库初始化完成
2025-05-06 19:17:33 [INFO] 正在创建应用实例...
2025-05-06 19:17:33 [INFO] 已设置应用程序图标
2025-05-06 19:17:33 [INFO] 初始化主窗口
2025-05-06 19:17:33 [INFO] 项目列表已刷新
2025-05-06 19:17:33 [INFO] 主窗口初始化完成
2025-05-06 19:17:33 [INFO] 应用程序界面已显示
2025-05-06 19:17:38 [INFO] 项目列表已刷新
2025-05-06 19:17:42 [INFO] 项目列表已刷新
2025-05-06 19:18:26 [INFO] 启动视觉方案助手应用程序
2025-05-06 19:18:26 [INFO] 正在初始化数据库...
2025-05-06 19:18:26 [INFO] 数据库初始化完成
2025-05-06 19:18:26 [INFO] 正在创建应用实例...
2025-05-06 19:18:26 [INFO] 已设置应用程序图标
2025-05-06 19:18:26 [INFO] 初始化主窗口
2025-05-06 19:18:26 [INFO] 项目列表已刷新
2025-05-06 19:18:26 [INFO] 主窗口初始化完成
2025-05-06 19:18:26 [INFO] 应用程序界面已显示
2025-05-06 19:18:31 [INFO] 项目列表已刷新
2025-05-06 19:18:36 [INFO] 项目列表已刷新
2025-05-06 19:18:36 [INFO] 切换到集成分析页面
2025-05-06 19:18:40 [INFO] 切换到功能拓展页面
2025-05-06 19:18:41 [INFO] 项目列表已刷新
2025-05-06 19:18:43 [INFO] 切换到集成分析页面
2025-05-06 19:18:46 [INFO] 项目列表已刷新
2025-05-06 19:18:46 [INFO] 切换到功能拓展页面
2025-05-06 19:18:49 [INFO] 尝试访问开发中的缺陷分析功能
2025-05-06 19:18:51 [INFO] 项目列表已刷新
2025-05-06 19:18:56 [INFO] 项目列表已刷新
2025-05-06 19:18:58 [INFO] 切换到集成分析页面
2025-05-06 19:18:59 [INFO] 切换到功能拓展页面
2025-05-06 19:19:01 [INFO] 项目列表已刷新
2025-05-06 19:19:06 [INFO] 项目列表已刷新
2025-05-06 19:20:43 [INFO] 启动视觉方案助手应用程序
2025-05-06 19:20:43 [INFO] 正在初始化数据库...
2025-05-06 19:20:43 [INFO] 数据库初始化完成
2025-05-06 19:20:43 [INFO] 正在创建应用实例...
2025-05-06 19:20:43 [INFO] 已设置应用程序图标
2025-05-06 19:20:43 [INFO] 初始化主窗口
2025-05-06 19:20:43 [INFO] 项目列表已刷新
2025-05-06 19:20:43 [INFO] 主窗口初始化完成
2025-05-06 19:20:43 [INFO] 应用程序界面已显示
2025-05-06 19:20:55 [INFO] 尝试访问开发中的集成分析功能
2025-05-06 19:20:59 [INFO] 尝试访问开发中的功能拓展功能
2025-05-06 19:21:12 [INFO] 项目列表已刷新
2025-05-06 19:21:15 [INFO] 项目列表已刷新
2025-05-06 19:21:16 [INFO] 切换到POC制作页面
2025-05-06 19:21:36 [INFO] 切换到首页
2025-05-06 19:21:38 [INFO] 切换到首页
2025-05-06 19:21:39 [INFO] 切换到POC制作页面
2025-05-06 19:21:43 [INFO] 切换到首页
2025-05-06 19:21:44 [INFO] 切换到配置记录页面
2025-05-06 19:21:49 [INFO] 切换到首页
2025-05-06 19:21:52 [INFO] 切换到设置页面
2025-05-06 19:22:05 [INFO] 切换到首页
2025-05-06 19:22:18 [INFO] 切换到POC制作页面
2025-05-06 19:22:19 [INFO] 尝试访问开发中的缺陷分析功能
2025-05-06 19:22:21 [INFO] 切换到配置记录页面
2025-05-06 19:22:28 [INFO] 切换到首页
2025-05-06 19:24:09 [INFO] 项目列表已刷新
2025-05-06 19:24:10 [INFO] 项目列表已刷新
2025-05-06 19:24:11 [INFO] 项目列表已刷新
2025-05-06 19:25:09 [INFO] 切换到配置记录页面
2025-05-06 19:26:11 [INFO] 切换到首页
2025-05-06 19:26:12 [INFO] 切换到POC制作页面
2025-05-06 19:26:13 [INFO] 尝试访问开发中的缺陷分析功能
2025-05-06 19:26:15 [INFO] 切换到配置记录页面
2025-05-06 19:26:16 [INFO] 尝试访问开发中的集成分析功能
2025-05-06 19:26:18 [INFO] 尝试访问开发中的功能拓展功能
2025-05-06 19:26:20 [INFO] 尝试访问开发中的缺陷分析功能
2025-05-06 19:26:22 [INFO] 切换到首页
2025-05-06 19:26:23 [INFO] 切换到POC制作页面
2025-05-06 19:26:31 [INFO] 切换到首页
2025-05-06 19:27:33 [INFO] 切换到设置页面
2025-05-06 19:27:35 [INFO] 切换到首页
2025-05-06 19:28:49 [INFO] 启动视觉方案助手应用程序
2025-05-06 19:28:49 [INFO] 正在初始化数据库...
2025-05-06 19:28:49 [INFO] 数据库初始化完成
2025-05-06 19:28:49 [INFO] 正在创建应用实例...
2025-05-06 19:28:49 [INFO] 已设置应用程序图标
2025-05-06 19:28:49 [INFO] 初始化主窗口
2025-05-06 19:28:49 [INFO] 项目列表已刷新
2025-05-06 19:28:49 [INFO] 主窗口初始化完成
2025-05-06 19:28:49 [INFO] 应用程序界面已显示
2025-05-06 19:28:55 [INFO] 切换到配置记录页面
2025-05-06 19:32:16 [INFO] 启动视觉方案助手应用程序
2025-05-06 19:32:16 [INFO] 正在初始化数据库...
2025-05-06 19:32:16 [INFO] 数据库初始化完成
2025-05-06 19:32:16 [INFO] 正在创建应用实例...
2025-05-06 19:32:16 [INFO] 已设置应用程序图标
2025-05-06 19:32:16 [INFO] 初始化主窗口
2025-05-06 19:32:16 [INFO] 项目列表已刷新
2025-05-06 19:32:16 [INFO] 主窗口初始化完成
2025-05-06 19:32:16 [INFO] 应用程序界面已显示
2025-05-06 19:32:19 [INFO] 切换到配置记录页面
2025-05-06 19:32:42 [INFO] 切换到首页
2025-05-06 19:32:47 [INFO] 切换到配置记录页面
2025-05-06 19:34:24 [INFO] 启动视觉方案助手应用程序
2025-05-06 19:34:24 [INFO] 正在初始化数据库...
2025-05-06 19:34:24 [INFO] 数据库初始化完成
2025-05-06 19:34:24 [INFO] 正在创建应用实例...
2025-05-06 19:34:24 [INFO] 已设置应用程序图标
2025-05-06 19:34:24 [INFO] 初始化主窗口
2025-05-06 19:34:24 [INFO] 项目列表已刷新
2025-05-06 19:34:24 [INFO] 主窗口初始化完成
2025-05-06 19:34:24 [INFO] 应用程序界面已显示
2025-05-06 19:34:26 [INFO] 切换到配置记录页面
2025-05-06 19:34:33 [INFO] 切换到首页
2025-05-06 19:34:34 [INFO] 切换到POC制作页面
2025-05-06 19:34:36 [INFO] 尝试访问开发中的缺陷分析功能
2025-05-06 19:34:38 [INFO] 切换到配置记录页面
2025-05-06 19:34:39 [INFO] 尝试访问开发中的集成分析功能
2025-05-06 19:34:42 [INFO] 尝试访问开发中的功能拓展功能
2025-05-06 19:34:44 [INFO] 切换到POC制作页面
2025-05-06 19:35:04 [INFO] 尝试访问开发中的缺陷分析功能
2025-05-06 19:35:06 [INFO] 切换到配置记录页面
2025-05-06 19:36:43 [INFO] 启动视觉方案助手应用程序
2025-05-06 19:36:43 [INFO] 正在初始化数据库...
2025-05-06 19:36:43 [INFO] 数据库初始化完成
2025-05-06 19:36:43 [INFO] 正在创建应用实例...
2025-05-06 19:36:43 [INFO] 已设置应用程序图标
2025-05-06 19:36:43 [INFO] 初始化主窗口
2025-05-06 19:36:43 [INFO] 项目列表已刷新
2025-05-06 19:36:43 [INFO] 主窗口初始化完成
2025-05-06 19:36:43 [INFO] 应用程序界面已显示
2025-05-06 19:36:44 [INFO] 切换到配置记录页面
2025-05-06 19:36:56 [INFO] 启动视觉方案助手应用程序
2025-05-06 19:36:56 [INFO] 正在初始化数据库...
2025-05-06 19:36:56 [INFO] 数据库初始化完成
2025-05-06 19:36:56 [INFO] 正在创建应用实例...
2025-05-06 19:36:56 [INFO] 已设置应用程序图标
2025-05-06 19:36:56 [INFO] 初始化主窗口
2025-05-06 19:36:56 [INFO] 项目列表已刷新
2025-05-06 19:36:56 [INFO] 主窗口初始化完成
2025-05-06 19:36:56 [INFO] 应用程序界面已显示
2025-05-06 19:36:58 [INFO] 切换到配置记录页面
2025-05-06 19:39:29 [INFO] 启动视觉方案助手应用程序
2025-05-06 19:39:29 [INFO] 正在初始化数据库...
2025-05-06 19:39:29 [INFO] 数据库初始化完成
2025-05-06 19:39:29 [INFO] 正在创建应用实例...
2025-05-06 19:39:29 [INFO] 已设置应用程序图标
2025-05-06 19:39:29 [INFO] 初始化主窗口
2025-05-06 19:39:29 [INFO] 项目列表已刷新
2025-05-06 19:39:29 [INFO] 主窗口初始化完成
2025-05-06 19:39:29 [INFO] 应用程序界面已显示
2025-05-06 19:39:30 [INFO] 切换到配置记录页面
2025-05-06 19:40:34 [INFO] 尝试访问开发中的集成分析功能
2025-05-06 19:41:39 [INFO] 启动视觉方案助手应用程序
2025-05-06 19:41:39 [INFO] 正在初始化数据库...
2025-05-06 19:41:39 [INFO] 数据库初始化完成
2025-05-06 19:41:39 [INFO] 正在创建应用实例...
2025-05-06 19:41:39 [INFO] 已设置应用程序图标
2025-05-06 19:41:39 [INFO] 初始化主窗口
2025-05-06 19:41:39 [INFO] 项目列表已刷新
2025-05-06 19:41:39 [INFO] 主窗口初始化完成
2025-05-06 19:41:39 [INFO] 应用程序界面已显示
2025-05-06 19:41:42 [INFO] 切换到配置记录页面
2025-05-06 19:42:39 [INFO] 启动视觉方案助手应用程序
2025-05-06 19:42:39 [INFO] 正在初始化数据库...
2025-05-06 19:42:39 [INFO] 数据库初始化完成
2025-05-06 19:42:39 [INFO] 正在创建应用实例...
2025-05-06 19:42:39 [INFO] 已设置应用程序图标
2025-05-06 19:42:39 [INFO] 初始化主窗口
2025-05-06 19:42:39 [INFO] 项目列表已刷新
2025-05-06 19:42:39 [INFO] 主窗口初始化完成
2025-05-06 19:42:39 [INFO] 应用程序界面已显示
2025-05-06 19:42:41 [INFO] 切换到配置记录页面
2025-05-06 19:42:52 [INFO] 切换到POC制作页面
2025-05-06 19:42:54 [INFO] 尝试访问开发中的缺陷分析功能
2025-05-06 19:42:56 [INFO] 尝试访问开发中的集成分析功能
2025-05-06 19:42:57 [INFO] 切换到配置记录页面
2025-05-06 19:48:52 [INFO] 启动视觉方案助手应用程序
2025-05-06 19:48:52 [INFO] 正在初始化数据库...
2025-05-06 19:48:52 [INFO] 数据库初始化完成
2025-05-06 19:48:52 [INFO] 正在创建应用实例...
2025-05-06 19:48:52 [INFO] 已设置应用程序图标
2025-05-06 19:48:52 [INFO] 初始化主窗口
2025-05-06 19:48:52 [INFO] 项目列表已刷新
2025-05-06 19:48:52 [INFO] 主窗口初始化完成
2025-05-06 19:48:52 [INFO] 应用程序界面已显示
2025-05-06 19:48:55 [INFO] 切换到配置记录页面
2025-05-06 19:50:06 [INFO] 启动视觉方案助手应用程序
2025-05-06 19:50:06 [INFO] 正在初始化数据库...
2025-05-06 19:50:06 [INFO] 数据库初始化完成
2025-05-06 19:50:06 [INFO] 正在创建应用实例...
2025-05-06 19:50:06 [INFO] 已设置应用程序图标
2025-05-06 19:50:06 [INFO] 初始化主窗口
2025-05-06 19:50:06 [INFO] 项目列表已刷新
2025-05-06 19:50:06 [INFO] 主窗口初始化完成
2025-05-06 19:50:06 [INFO] 应用程序界面已显示
2025-05-06 19:50:08 [INFO] 切换到配置记录页面
2025-05-06 19:55:12 [INFO] 启动视觉方案助手应用程序
2025-05-06 19:55:12 [INFO] 正在初始化数据库...
2025-05-06 19:55:12 [INFO] 数据库初始化完成
2025-05-06 19:55:12 [INFO] 正在创建应用实例...
2025-05-06 19:55:12 [INFO] 已设置应用程序图标
2025-05-06 19:55:12 [INFO] 初始化主窗口
2025-05-06 19:55:12 [INFO] 项目列表已刷新
2025-05-06 19:55:12 [INFO] 主窗口初始化完成
2025-05-06 19:55:12 [INFO] 应用程序界面已显示
2025-05-06 19:55:15 [INFO] 切换到配置记录页面
2025-05-06 19:56:58 [INFO] 启动视觉方案助手应用程序
2025-05-06 19:56:58 [INFO] 正在初始化数据库...
2025-05-06 19:56:58 [INFO] 数据库初始化完成
2025-05-06 19:56:58 [INFO] 正在创建应用实例...
2025-05-06 19:56:58 [INFO] 已设置应用程序图标
2025-05-06 19:56:58 [INFO] 初始化主窗口
2025-05-06 19:56:59 [INFO] 项目列表已刷新
2025-05-06 19:56:59 [INFO] 主窗口初始化完成
2025-05-06 19:56:59 [INFO] 应用程序界面已显示
2025-05-06 19:57:02 [INFO] 切换到配置记录页面
2025-05-06 19:59:00 [INFO] 启动视觉方案助手应用程序
2025-05-06 19:59:00 [INFO] 正在初始化数据库...
2025-05-06 19:59:00 [INFO] 数据库初始化完成
2025-05-06 19:59:00 [INFO] 正在创建应用实例...
2025-05-06 19:59:00 [INFO] 已设置应用程序图标
2025-05-06 19:59:00 [INFO] 初始化主窗口
2025-05-06 19:59:00 [INFO] 项目列表已刷新
2025-05-06 19:59:00 [INFO] 主窗口初始化完成
2025-05-06 19:59:00 [INFO] 应用程序界面已显示
2025-05-06 19:59:02 [INFO] 切换到配置记录页面
2025-05-06 20:00:52 [INFO] 启动视觉方案助手应用程序
2025-05-06 20:00:52 [INFO] 正在初始化数据库...
2025-05-06 20:00:52 [INFO] 数据库初始化完成
2025-05-06 20:00:52 [INFO] 正在创建应用实例...
2025-05-06 20:00:52 [INFO] 已设置应用程序图标
2025-05-06 20:00:52 [INFO] 初始化主窗口
2025-05-06 20:00:52 [INFO] 项目列表已刷新
2025-05-06 20:00:52 [INFO] 主窗口初始化完成
2025-05-06 20:00:52 [INFO] 应用程序界面已显示
2025-05-06 20:00:53 [INFO] 切换到配置记录页面
2025-05-06 20:04:50 [INFO] 启动视觉方案助手应用程序
2025-05-06 20:04:50 [INFO] 正在初始化数据库...
2025-05-06 20:04:50 [INFO] 数据库初始化完成
2025-05-06 20:04:50 [INFO] 正在创建应用实例...
2025-05-06 20:04:50 [INFO] 已设置应用程序图标
2025-05-06 20:04:50 [INFO] 初始化主窗口
2025-05-06 20:04:50 [INFO] 项目列表已刷新
2025-05-06 20:04:50 [INFO] 主窗口初始化完成
2025-05-06 20:04:50 [INFO] 应用程序界面已显示
2025-05-06 20:04:51 [INFO] 切换到配置记录页面
2025-05-06 20:09:23 [INFO] 启动视觉方案助手应用程序
2025-05-06 20:09:23 [INFO] 正在初始化数据库...
2025-05-06 20:09:23 [INFO] 数据库初始化完成
2025-05-06 20:09:23 [INFO] 正在创建应用实例...
2025-05-06 20:09:23 [INFO] 已设置应用程序图标
2025-05-06 20:09:23 [INFO] 初始化主窗口
2025-05-06 20:09:23 [INFO] 项目列表已刷新
2025-05-06 20:09:23 [INFO] 主窗口初始化完成
2025-05-06 20:09:23 [INFO] 应用程序界面已显示
2025-05-06 20:09:24 [INFO] 切换到配置记录页面
2025-05-06 20:10:13 [INFO] 启动视觉方案助手应用程序
2025-05-06 20:10:13 [INFO] 正在初始化数据库...
2025-05-06 20:10:13 [INFO] 数据库初始化完成
2025-05-06 20:10:13 [INFO] 正在创建应用实例...
2025-05-06 20:10:13 [INFO] 已设置应用程序图标
2025-05-06 20:10:13 [INFO] 初始化主窗口
2025-05-06 20:10:14 [INFO] 项目列表已刷新
2025-05-06 20:10:14 [INFO] 主窗口初始化完成
2025-05-06 20:10:14 [INFO] 应用程序界面已显示
2025-05-06 20:10:15 [INFO] 切换到配置记录页面
2025-05-06 20:10:41 [INFO] 启动视觉方案助手应用程序
2025-05-06 20:10:41 [INFO] 正在初始化数据库...
2025-05-06 20:10:41 [INFO] 数据库初始化完成
2025-05-06 20:10:41 [INFO] 正在创建应用实例...
2025-05-06 20:10:41 [INFO] 已设置应用程序图标
2025-05-06 20:10:41 [INFO] 初始化主窗口
2025-05-06 20:10:41 [INFO] 项目列表已刷新
2025-05-06 20:10:41 [INFO] 主窗口初始化完成
2025-05-06 20:10:41 [INFO] 应用程序界面已显示
2025-05-06 20:10:42 [INFO] 切换到配置记录页面
2025-05-06 20:12:56 [INFO] 启动视觉方案助手应用程序
2025-05-06 20:12:56 [INFO] 正在初始化数据库...
2025-05-06 20:12:56 [INFO] 数据库初始化完成
2025-05-06 20:12:56 [INFO] 正在创建应用实例...
2025-05-06 20:12:56 [INFO] 已设置应用程序图标
2025-05-06 20:12:56 [INFO] 初始化主窗口
2025-05-06 20:12:56 [INFO] 项目列表已刷新
2025-05-06 20:12:56 [INFO] 主窗口初始化完成
2025-05-06 20:12:56 [INFO] 应用程序界面已显示
2025-05-06 20:12:59 [INFO] 切换到配置记录页面
2025-05-06 20:13:04 [INFO] 启动视觉方案助手应用程序
2025-05-06 20:13:04 [INFO] 正在初始化数据库...
2025-05-06 20:13:04 [INFO] 数据库初始化完成
2025-05-06 20:13:04 [INFO] 正在创建应用实例...
2025-05-06 20:13:04 [INFO] 已设置应用程序图标
2025-05-06 20:13:04 [INFO] 初始化主窗口
2025-05-06 20:13:04 [INFO] 项目列表已刷新
2025-05-06 20:13:04 [INFO] 主窗口初始化完成
2025-05-06 20:13:04 [INFO] 应用程序界面已显示
2025-05-06 20:13:06 [INFO] 切换到配置记录页面
2025-05-06 20:13:52 [INFO] 启动视觉方案助手应用程序
2025-05-06 20:13:52 [INFO] 正在初始化数据库...
2025-05-06 20:13:52 [INFO] 数据库初始化完成
2025-05-06 20:13:52 [INFO] 正在创建应用实例...
2025-05-06 20:13:52 [INFO] 已设置应用程序图标
2025-05-06 20:13:52 [INFO] 初始化主窗口
2025-05-06 20:13:52 [INFO] 项目列表已刷新
2025-05-06 20:13:52 [INFO] 主窗口初始化完成
2025-05-06 20:13:52 [INFO] 应用程序界面已显示
2025-05-06 20:13:53 [INFO] 切换到配置记录页面
2025-05-06 20:23:19 [INFO] 启动视觉方案助手应用程序
2025-05-06 20:23:19 [INFO] 正在初始化数据库...
2025-05-06 20:23:19 [INFO] 数据库初始化完成
2025-05-06 20:23:19 [INFO] 正在创建应用实例...
2025-05-06 20:23:19 [INFO] 已设置应用程序图标
2025-05-06 20:23:19 [INFO] 初始化主窗口
2025-05-06 20:23:19 [INFO] 项目列表已刷新
2025-05-06 20:23:19 [INFO] 主窗口初始化完成
2025-05-06 20:23:19 [INFO] 应用程序界面已显示
2025-05-06 20:23:21 [INFO] 切换到配置记录页面
2025-05-06 20:28:06 [INFO] 启动视觉方案助手应用程序
2025-05-06 20:28:06 [INFO] 正在初始化数据库...
2025-05-06 20:28:06 [INFO] 数据库初始化完成
2025-05-06 20:28:06 [INFO] 正在创建应用实例...
2025-05-06 20:28:06 [INFO] 已设置应用程序图标
2025-05-06 20:28:06 [INFO] 初始化主窗口
2025-05-06 20:28:06 [INFO] 项目列表已刷新
2025-05-06 20:28:06 [INFO] 主窗口初始化完成
2025-05-06 20:28:06 [INFO] 应用程序界面已显示
2025-05-06 20:28:09 [INFO] 切换到配置记录页面
2025-05-06 20:30:08 [INFO] 启动视觉方案助手应用程序
2025-05-06 20:30:08 [INFO] 正在初始化数据库...
2025-05-06 20:30:08 [INFO] 数据库初始化完成
2025-05-06 20:30:08 [INFO] 正在创建应用实例...
2025-05-06 20:30:08 [INFO] 已设置应用程序图标
2025-05-06 20:30:08 [INFO] 初始化主窗口
2025-05-06 20:30:08 [INFO] 项目列表已刷新
2025-05-06 20:30:08 [INFO] 主窗口初始化完成
2025-05-06 20:30:08 [INFO] 应用程序界面已显示
2025-05-06 20:30:10 [INFO] 切换到配置记录页面
2025-05-06 20:33:15 [INFO] 启动视觉方案助手应用程序
2025-05-06 20:33:15 [INFO] 正在初始化数据库...
2025-05-06 20:33:15 [INFO] 数据库初始化完成
2025-05-06 20:33:15 [INFO] 正在创建应用实例...
2025-05-06 20:33:15 [INFO] 已设置应用程序图标
2025-05-06 20:33:15 [INFO] 初始化主窗口
2025-05-06 20:33:15 [INFO] 项目列表已刷新
2025-05-06 20:33:15 [INFO] 主窗口初始化完成
2025-05-06 20:33:15 [INFO] 应用程序界面已显示
2025-05-06 20:33:16 [INFO] 切换到配置记录页面
2025-05-06 20:34:40 [INFO] 切换到POC制作页面
2025-05-06 20:34:44 [INFO] 切换到首页
2025-05-06 20:34:49 [INFO] 启动视觉方案助手应用程序
2025-05-06 20:34:49 [INFO] 正在初始化数据库...
2025-05-06 20:34:49 [INFO] 数据库初始化完成
2025-05-06 20:34:49 [INFO] 正在创建应用实例...
2025-05-06 20:34:49 [INFO] 已设置应用程序图标
2025-05-06 20:34:49 [INFO] 初始化主窗口
2025-05-06 20:34:49 [INFO] 项目列表已刷新
2025-05-06 20:34:49 [INFO] 主窗口初始化完成
2025-05-06 20:34:49 [INFO] 应用程序界面已显示
2025-05-06 20:34:52 [INFO] 切换到配置记录页面
2025-05-06 20:35:49 [INFO] 启动视觉方案助手应用程序
2025-05-06 20:35:49 [INFO] 正在初始化数据库...
2025-05-06 20:35:49 [INFO] 数据库初始化完成
2025-05-06 20:35:49 [INFO] 正在创建应用实例...
2025-05-06 20:35:49 [INFO] 已设置应用程序图标
2025-05-06 20:35:49 [INFO] 初始化主窗口
2025-05-06 20:35:49 [INFO] 项目列表已刷新
2025-05-06 20:35:49 [INFO] 主窗口初始化完成
2025-05-06 20:35:49 [INFO] 应用程序界面已显示
2025-05-06 20:35:51 [INFO] 切换到配置记录页面
2025-05-06 20:42:36 [INFO] 启动视觉方案助手应用程序
2025-05-06 20:42:36 [INFO] 正在初始化数据库...
2025-05-06 20:42:36 [INFO] 数据库初始化完成
2025-05-06 20:42:36 [INFO] 正在创建应用实例...
2025-05-06 20:42:36 [INFO] 已设置应用程序图标
2025-05-06 20:42:36 [INFO] 初始化主窗口
2025-05-06 20:42:36 [INFO] 项目列表已刷新
2025-05-06 20:42:36 [INFO] 主窗口初始化完成
2025-05-06 20:42:36 [INFO] 应用程序界面已显示
2025-05-06 20:42:37 [INFO] 切换到配置记录页面
2025-05-06 20:43:09 [INFO] 启动视觉方案助手应用程序
2025-05-06 20:43:09 [INFO] 正在初始化数据库...
2025-05-06 20:43:09 [INFO] 数据库初始化完成
2025-05-06 20:43:09 [INFO] 正在创建应用实例...
2025-05-06 20:43:09 [INFO] 已设置应用程序图标
2025-05-06 20:43:09 [INFO] 初始化主窗口
2025-05-06 20:43:09 [INFO] 项目列表已刷新
2025-05-06 20:43:09 [INFO] 主窗口初始化完成
2025-05-06 20:43:09 [INFO] 应用程序界面已显示
2025-05-06 20:43:10 [INFO] 切换到配置记录页面
2025-05-06 20:53:54 [INFO] 启动视觉方案助手应用程序
2025-05-06 20:53:54 [INFO] 正在初始化数据库...
2025-05-06 20:53:54 [INFO] 数据库初始化完成
2025-05-06 20:53:54 [INFO] 正在创建应用实例...
2025-05-06 20:53:54 [INFO] 已设置应用程序图标
2025-05-06 20:53:54 [INFO] 初始化主窗口
2025-05-06 20:53:54 [INFO] 项目列表已刷新
2025-05-06 20:53:54 [INFO] 主窗口初始化完成
2025-05-06 20:53:54 [INFO] 应用程序界面已显示
2025-05-06 20:53:57 [INFO] 切换到配置记录页面
2025-05-06 20:57:46 [INFO] 启动视觉方案助手应用程序
2025-05-06 20:57:46 [INFO] 正在初始化数据库...
2025-05-06 20:57:46 [INFO] 数据库初始化完成
2025-05-06 20:57:46 [INFO] 正在创建应用实例...
2025-05-06 20:57:46 [INFO] 已设置应用程序图标
2025-05-06 20:57:46 [INFO] 初始化主窗口
2025-05-06 20:57:46 [INFO] 项目列表已刷新
2025-05-06 20:57:46 [INFO] 主窗口初始化完成
2025-05-06 20:57:46 [INFO] 应用程序界面已显示
2025-05-06 20:57:47 [INFO] 切换到配置记录页面
2025-05-06 21:00:13 [INFO] 启动视觉方案助手应用程序
2025-05-06 21:00:13 [INFO] 正在初始化数据库...
2025-05-06 21:00:13 [INFO] 数据库初始化完成
2025-05-06 21:00:13 [INFO] 正在创建应用实例...
2025-05-06 21:00:13 [INFO] 已设置应用程序图标
2025-05-06 21:00:13 [INFO] 初始化主窗口
2025-05-06 21:00:13 [INFO] 项目列表已刷新
2025-05-06 21:00:13 [INFO] 主窗口初始化完成
2025-05-06 21:00:13 [INFO] 应用程序界面已显示
2025-05-06 21:00:15 [INFO] 切换到配置记录页面
2025-05-06 21:03:28 [INFO] 启动视觉方案助手应用程序
2025-05-06 21:03:28 [INFO] 正在初始化数据库...
2025-05-06 21:03:28 [INFO] 数据库初始化完成
2025-05-06 21:03:28 [INFO] 正在创建应用实例...
2025-05-06 21:03:28 [INFO] 已设置应用程序图标
2025-05-06 21:03:28 [INFO] 初始化主窗口
2025-05-06 21:03:28 [INFO] 项目列表已刷新
2025-05-06 21:03:28 [INFO] 主窗口初始化完成
2025-05-06 21:03:28 [INFO] 应用程序界面已显示
2025-05-06 21:03:29 [INFO] 切换到配置记录页面
2025-05-06 21:05:03 [INFO] 启动视觉方案助手应用程序
2025-05-06 21:05:03 [INFO] 正在初始化数据库...
2025-05-06 21:05:03 [INFO] 数据库初始化完成
2025-05-06 21:05:03 [INFO] 正在创建应用实例...
2025-05-06 21:05:03 [INFO] 已设置应用程序图标
2025-05-06 21:05:03 [INFO] 初始化主窗口
2025-05-06 21:05:03 [INFO] 项目列表已刷新
2025-05-06 21:05:03 [INFO] 主窗口初始化完成
2025-05-06 21:05:03 [INFO] 应用程序界面已显示
2025-05-06 21:05:05 [INFO] 切换到配置记录页面
2025-05-06 21:06:29 [INFO] 启动视觉方案助手应用程序
2025-05-06 21:06:29 [INFO] 正在初始化数据库...
2025-05-06 21:06:29 [INFO] 数据库初始化完成
2025-05-06 21:06:29 [INFO] 正在创建应用实例...
2025-05-06 21:06:29 [INFO] 已设置应用程序图标
2025-05-06 21:06:29 [INFO] 初始化主窗口
2025-05-06 21:06:29 [INFO] 项目列表已刷新
2025-05-06 21:06:29 [INFO] 主窗口初始化完成
2025-05-06 21:06:29 [INFO] 应用程序界面已显示
2025-05-06 21:06:30 [INFO] 切换到配置记录页面
2025-05-06 21:08:19 [INFO] 启动视觉方案助手应用程序
2025-05-06 21:08:19 [INFO] 正在初始化数据库...
2025-05-06 21:08:19 [INFO] 数据库初始化完成
2025-05-06 21:08:19 [INFO] 正在创建应用实例...
2025-05-06 21:08:19 [INFO] 已设置应用程序图标
2025-05-06 21:08:19 [INFO] 初始化主窗口
2025-05-06 21:08:19 [INFO] 项目列表已刷新
2025-05-06 21:08:19 [INFO] 主窗口初始化完成
2025-05-06 21:08:19 [INFO] 应用程序界面已显示
2025-05-06 21:08:20 [INFO] 切换到配置记录页面
2025-05-06 21:12:41 [INFO] 启动视觉方案助手应用程序
2025-05-06 21:12:41 [INFO] 正在初始化数据库...
2025-05-06 21:12:41 [INFO] 数据库初始化完成
2025-05-06 21:12:41 [INFO] 正在创建应用实例...
2025-05-06 21:12:41 [INFO] 已设置应用程序图标
2025-05-06 21:12:41 [INFO] 初始化主窗口
2025-05-06 21:12:41 [INFO] 项目列表已刷新
2025-05-06 21:12:41 [INFO] 主窗口初始化完成
2025-05-06 21:12:41 [INFO] 应用程序界面已显示
2025-05-06 21:12:42 [INFO] 切换到配置记录页面
2025-05-06 21:16:46 [INFO] 启动视觉方案助手应用程序
2025-05-06 21:16:46 [INFO] 正在初始化数据库...
2025-05-06 21:16:46 [INFO] 数据库初始化完成
2025-05-06 21:16:46 [INFO] 正在创建应用实例...
2025-05-06 21:16:46 [INFO] 已设置应用程序图标
2025-05-06 21:16:46 [INFO] 初始化主窗口
2025-05-06 21:16:46 [INFO] 项目列表已刷新
2025-05-06 21:16:46 [INFO] 主窗口初始化完成
2025-05-06 21:16:46 [INFO] 应用程序界面已显示
2025-05-06 21:16:47 [INFO] 切换到配置记录页面
2025-05-06 21:18:23 [INFO] 启动视觉方案助手应用程序
2025-05-06 21:18:23 [INFO] 正在初始化数据库...
2025-05-06 21:18:23 [INFO] 数据库初始化完成
2025-05-06 21:18:23 [INFO] 正在创建应用实例...
2025-05-06 21:18:23 [INFO] 已设置应用程序图标
2025-05-06 21:18:23 [INFO] 初始化主窗口
2025-05-06 21:18:23 [INFO] 项目列表已刷新
2025-05-06 21:18:23 [INFO] 主窗口初始化完成
2025-05-06 21:18:23 [INFO] 应用程序界面已显示
2025-05-06 21:18:25 [INFO] 切换到配置记录页面
2025-05-06 21:37:16 [INFO] 启动视觉方案助手应用程序
2025-05-06 21:37:16 [INFO] 正在初始化数据库...
2025-05-06 21:37:16 [INFO] 数据库初始化完成
2025-05-06 21:37:16 [INFO] 正在创建应用实例...
2025-05-06 21:37:16 [INFO] 已设置应用程序图标
2025-05-06 21:37:16 [INFO] 初始化主窗口
2025-05-06 21:37:16 [INFO] 项目列表已刷新
2025-05-06 21:37:16 [INFO] 主窗口初始化完成
2025-05-06 21:37:16 [INFO] 应用程序界面已显示
2025-05-06 21:37:17 [INFO] 切换到配置记录页面
2025-05-06 21:45:30 [INFO] 启动视觉方案助手应用程序
2025-05-06 21:45:30 [INFO] 正在初始化数据库...
2025-05-06 21:45:30 [INFO] 数据库初始化完成
2025-05-06 21:45:30 [INFO] 正在创建应用实例...
2025-05-06 21:45:30 [INFO] 已设置应用程序图标
2025-05-06 21:45:30 [INFO] 初始化主窗口
2025-05-06 21:45:30 [INFO] 项目列表已刷新
2025-05-06 21:45:30 [INFO] 主窗口初始化完成
2025-05-06 21:45:30 [INFO] 应用程序界面已显示
2025-05-06 21:45:31 [INFO] 切换到配置记录页面
2025-05-06 21:55:15 [INFO] 启动视觉方案助手应用程序
2025-05-06 21:55:15 [INFO] 正在初始化数据库...
2025-05-06 21:55:15 [INFO] 数据库初始化完成
2025-05-06 21:55:15 [INFO] 正在创建应用实例...
2025-05-06 21:55:15 [INFO] 已设置应用程序图标
2025-05-06 21:55:15 [INFO] 初始化主窗口
2025-05-06 21:55:15 [INFO] 项目列表已刷新
2025-05-06 21:55:15 [INFO] 主窗口初始化完成
2025-05-06 21:55:15 [INFO] 应用程序界面已显示
2025-05-06 21:55:18 [INFO] 切换到配置记录页面
2025-05-06 21:59:20 [INFO] 启动视觉方案助手应用程序
2025-05-06 21:59:20 [INFO] 正在初始化数据库...
2025-05-06 21:59:20 [INFO] 数据库初始化完成
2025-05-06 21:59:20 [INFO] 正在创建应用实例...
2025-05-06 21:59:20 [INFO] 已设置应用程序图标
2025-05-06 21:59:20 [INFO] 初始化主窗口
2025-05-06 21:59:20 [INFO] 项目列表已刷新
2025-05-06 21:59:20 [INFO] 主窗口初始化完成
2025-05-06 21:59:20 [INFO] 应用程序界面已显示
2025-05-06 21:59:21 [INFO] 切换到配置记录页面
2025-05-06 22:01:31 [INFO] 启动视觉方案助手应用程序
2025-05-06 22:01:31 [INFO] 正在初始化数据库...
2025-05-06 22:01:31 [INFO] 数据库初始化完成
2025-05-06 22:01:31 [INFO] 正在创建应用实例...
2025-05-06 22:01:31 [INFO] 已设置应用程序图标
2025-05-06 22:01:31 [INFO] 初始化主窗口
2025-05-06 22:01:31 [INFO] 项目列表已刷新
2025-05-06 22:01:31 [INFO] 主窗口初始化完成
2025-05-06 22:01:31 [INFO] 应用程序界面已显示
2025-05-06 22:01:32 [INFO] 切换到配置记录页面
2025-05-06 22:06:59 [INFO] 启动视觉方案助手应用程序
2025-05-06 22:06:59 [INFO] 正在初始化数据库...
2025-05-06 22:06:59 [INFO] 数据库初始化完成
2025-05-06 22:06:59 [INFO] 正在创建应用实例...
2025-05-06 22:06:59 [INFO] 已设置应用程序图标
2025-05-06 22:06:59 [INFO] 初始化主窗口
2025-05-06 22:06:59 [INFO] 项目列表已刷新
2025-05-06 22:06:59 [INFO] 主窗口初始化完成
2025-05-06 22:06:59 [INFO] 应用程序界面已显示
2025-05-06 22:07:01 [INFO] 切换到配置记录页面
2025-05-06 22:17:42 [INFO] 启动视觉方案助手应用程序
2025-05-06 22:17:42 [INFO] 正在初始化数据库...
2025-05-06 22:17:42 [INFO] 数据库初始化完成
2025-05-06 22:17:42 [INFO] 正在创建应用实例...
2025-05-06 22:17:42 [INFO] 已设置应用程序图标
2025-05-06 22:17:42 [INFO] 初始化主窗口
2025-05-06 22:17:42 [INFO] 项目列表已刷新
2025-05-06 22:17:42 [INFO] 主窗口初始化完成
2025-05-06 22:17:42 [INFO] 应用程序界面已显示
2025-05-06 22:17:44 [INFO] 切换到配置记录页面
2025-05-06 22:26:50 [INFO] 启动视觉方案助手应用程序
2025-05-06 22:26:50 [INFO] 正在初始化数据库...
2025-05-06 22:26:50 [INFO] 数据库初始化完成
2025-05-06 22:26:50 [INFO] 正在创建应用实例...
2025-05-06 22:26:50 [INFO] 已设置应用程序图标
2025-05-06 22:26:50 [INFO] 初始化主窗口
2025-05-06 22:26:50 [INFO] 项目列表已刷新
2025-05-06 22:26:50 [INFO] 主窗口初始化完成
2025-05-06 22:26:50 [INFO] 应用程序界面已显示
2025-05-06 22:26:53 [INFO] 切换到配置记录页面
2025-05-06 22:32:19 [INFO] 启动视觉方案助手应用程序
2025-05-06 22:32:19 [INFO] 正在初始化数据库...
2025-05-06 22:32:19 [INFO] 数据库初始化完成
2025-05-06 22:32:19 [INFO] 正在创建应用实例...
2025-05-06 22:32:19 [INFO] 已设置应用程序图标
2025-05-06 22:32:19 [INFO] 初始化主窗口
2025-05-06 22:32:19 [INFO] 项目列表已刷新
2025-05-06 22:32:19 [INFO] 主窗口初始化完成
2025-05-06 22:32:19 [INFO] 应用程序界面已显示
2025-05-06 22:32:21 [INFO] 尝试访问开发中的缺陷分析功能
2025-05-06 22:32:22 [INFO] 切换到配置记录页面
2025-05-06 22:37:44 [INFO] 启动视觉方案助手应用程序
2025-05-06 22:37:44 [INFO] 正在初始化数据库...
2025-05-06 22:37:44 [INFO] 数据库初始化完成
2025-05-06 22:37:44 [INFO] 正在创建应用实例...
2025-05-06 22:37:44 [INFO] 已设置应用程序图标
2025-05-06 22:37:44 [INFO] 初始化主窗口
2025-05-06 22:37:44 [INFO] 项目列表已刷新
2025-05-06 22:37:44 [INFO] 主窗口初始化完成
2025-05-06 22:37:44 [INFO] 应用程序界面已显示
2025-05-06 22:37:46 [INFO] 切换到配置记录页面
2025-05-06 22:45:58 [INFO] 启动视觉方案助手应用程序
2025-05-06 22:45:58 [INFO] 正在初始化数据库...
2025-05-06 22:45:58 [INFO] 数据库初始化完成
2025-05-06 22:45:58 [INFO] 正在创建应用实例...
2025-05-06 22:45:58 [INFO] 已设置应用程序图标
2025-05-06 22:45:58 [INFO] 初始化主窗口
2025-05-06 22:45:58 [INFO] 项目列表已刷新
2025-05-06 22:45:58 [INFO] 主窗口初始化完成
2025-05-06 22:45:58 [INFO] 应用程序界面已显示
2025-05-06 22:45:59 [INFO] 切换到配置记录页面
2025-05-06 22:47:06 [INFO] 启动视觉方案助手应用程序
2025-05-06 22:47:06 [INFO] 正在初始化数据库...
2025-05-06 22:47:06 [INFO] 数据库初始化完成
2025-05-06 22:47:06 [INFO] 正在创建应用实例...
2025-05-06 22:47:06 [INFO] 已设置应用程序图标
2025-05-06 22:47:06 [INFO] 初始化主窗口
2025-05-06 22:47:06 [INFO] 项目列表已刷新
2025-05-06 22:47:06 [INFO] 主窗口初始化完成
2025-05-06 22:47:06 [INFO] 应用程序界面已显示
2025-05-06 22:47:08 [INFO] 切换到配置记录页面
2025-05-06 23:00:03 [INFO] 启动视觉方案助手应用程序
2025-05-06 23:00:03 [INFO] 正在初始化数据库...
2025-05-06 23:00:03 [INFO] 数据库初始化完成
2025-05-06 23:00:03 [INFO] 正在创建应用实例...
2025-05-06 23:00:03 [INFO] 已设置应用程序图标
2025-05-06 23:00:03 [INFO] 初始化主窗口
2025-05-06 23:00:03 [INFO] 项目列表已刷新
2025-05-06 23:00:03 [INFO] 主窗口初始化完成
2025-05-06 23:00:03 [INFO] 应用程序界面已显示
2025-05-06 23:00:04 [INFO] 切换到POC制作页面
2025-05-06 23:00:06 [INFO] 尝试访问开发中的缺陷分析功能
2025-05-06 23:00:09 [INFO] 切换到配置记录页面
2025-05-06 23:00:23 [INFO] 切换到POC制作页面
2025-05-06 23:00:42 [INFO] 切换到首页
2025-05-06 23:00:44 [INFO] 切换到POC制作页面
2025-05-06 23:00:45 [INFO] 尝试访问开发中的缺陷分析功能
2025-05-06 23:00:47 [INFO] 尝试访问开发中的集成分析功能
2025-05-06 23:00:48 [INFO] 尝试访问开发中的功能拓展功能
