2025-04-30 00:13:00 [INFO] 启动视觉方案助手应用程序
2025-04-30 00:13:00 [INFO] 正在初始化数据库...
2025-04-30 00:13:00 [INFO] 数据库初始化完成
2025-04-30 00:13:00 [INFO] 正在创建应用实例...
2025-04-30 00:13:00 [INFO] 已设置应用程序图标
2025-04-30 00:13:00 [INFO] 初始化主窗口
2025-04-30 00:13:00 [INFO] 项目列表已刷新
2025-04-30 00:13:00 [INFO] 主窗口初始化完成
2025-04-30 00:13:00 [INFO] 应用程序界面已显示
2025-04-30 00:13:03 [INFO] 切换到POC制作页面
2025-04-30 00:19:19 [INFO] 启动视觉方案助手应用程序
2025-04-30 00:19:19 [INFO] 正在初始化数据库...
2025-04-30 00:19:19 [INFO] 数据库初始化完成
2025-04-30 00:19:19 [INFO] 正在创建应用实例...
2025-04-30 00:19:19 [INFO] 已设置应用程序图标
2025-04-30 00:19:19 [INFO] 初始化主窗口
2025-04-30 00:19:19 [INFO] 项目列表已刷新
2025-04-30 00:19:19 [INFO] 主窗口初始化完成
2025-04-30 00:19:20 [INFO] 应用程序界面已显示
2025-04-30 00:19:21 [INFO] 切换到POC制作页面
2025-04-30 00:21:26 [INFO] 启动视觉方案助手应用程序
2025-04-30 00:21:26 [INFO] 正在初始化数据库...
2025-04-30 00:21:26 [INFO] 数据库初始化完成
2025-04-30 00:21:26 [INFO] 正在创建应用实例...
2025-04-30 00:21:26 [INFO] 已设置应用程序图标
2025-04-30 00:21:26 [INFO] 初始化主窗口
2025-04-30 00:21:26 [INFO] 项目列表已刷新
2025-04-30 00:21:26 [INFO] 主窗口初始化完成
2025-04-30 00:21:26 [INFO] 应用程序界面已显示
2025-04-30 00:21:29 [INFO] 切换到POC制作页面
2025-04-30 00:27:01 [INFO] 启动视觉方案助手应用程序
2025-04-30 00:27:01 [INFO] 正在初始化数据库...
2025-04-30 00:27:01 [INFO] 数据库初始化完成
2025-04-30 00:27:01 [INFO] 正在创建应用实例...
2025-04-30 00:27:01 [INFO] 已设置应用程序图标
2025-04-30 00:27:01 [INFO] 初始化主窗口
2025-04-30 00:27:01 [INFO] 项目列表已刷新
2025-04-30 00:27:01 [INFO] 主窗口初始化完成
2025-04-30 00:27:01 [INFO] 应用程序界面已显示
2025-04-30 00:27:04 [INFO] 切换到POC制作页面
2025-04-30 00:29:25 [INFO] 启动视觉方案助手应用程序
2025-04-30 00:29:25 [INFO] 正在初始化数据库...
2025-04-30 00:29:25 [INFO] 数据库初始化完成
2025-04-30 00:29:25 [INFO] 正在创建应用实例...
2025-04-30 00:29:25 [INFO] 已设置应用程序图标
2025-04-30 00:29:25 [INFO] 初始化主窗口
2025-04-30 00:29:25 [INFO] 项目列表已刷新
2025-04-30 00:29:25 [INFO] 主窗口初始化完成
2025-04-30 00:29:25 [INFO] 应用程序界面已显示
2025-04-30 00:29:27 [INFO] 切换到POC制作页面
2025-04-30 00:39:42 [INFO] 启动视觉方案助手应用程序
2025-04-30 00:39:42 [INFO] 正在初始化数据库...
2025-04-30 00:39:42 [INFO] 数据库初始化完成
2025-04-30 00:39:42 [INFO] 正在创建应用实例...
2025-04-30 00:39:42 [INFO] 已设置应用程序图标
2025-04-30 00:39:42 [INFO] 初始化主窗口
2025-04-30 00:39:42 [INFO] 项目列表已刷新
2025-04-30 00:39:42 [INFO] 主窗口初始化完成
2025-04-30 00:39:42 [INFO] 应用程序界面已显示
2025-04-30 00:39:47 [INFO] 切换到POC制作页面
2025-04-30 01:10:35 [INFO] 启动视觉方案助手应用程序
2025-04-30 01:10:35 [INFO] 正在初始化数据库...
2025-04-30 01:10:35 [INFO] 数据库初始化完成
2025-04-30 01:10:35 [INFO] 正在创建应用实例...
2025-04-30 01:10:35 [INFO] 已设置应用程序图标
2025-04-30 01:10:35 [INFO] 初始化主窗口
2025-04-30 01:10:35 [INFO] 项目列表已刷新
2025-04-30 01:10:35 [INFO] 主窗口初始化完成
2025-04-30 01:10:35 [INFO] 应用程序界面已显示
2025-04-30 01:10:37 [INFO] 切换到POC制作页面
2025-04-30 01:15:04 [INFO] 启动视觉方案助手应用程序
2025-04-30 01:15:04 [INFO] 正在初始化数据库...
2025-04-30 01:15:04 [INFO] 数据库初始化完成
2025-04-30 01:15:04 [INFO] 正在创建应用实例...
2025-04-30 01:15:04 [INFO] 已设置应用程序图标
2025-04-30 01:15:04 [INFO] 初始化主窗口
2025-04-30 01:15:04 [INFO] 项目列表已刷新
2025-04-30 01:15:04 [ERROR] 程序运行出错: 'MainWindow' object has no attribute 'poc_layout'
2025-04-30 01:15:46 [INFO] 启动视觉方案助手应用程序
2025-04-30 01:15:46 [INFO] 正在初始化数据库...
2025-04-30 01:15:46 [INFO] 数据库初始化完成
2025-04-30 01:15:46 [INFO] 正在创建应用实例...
2025-04-30 01:15:46 [INFO] 已设置应用程序图标
2025-04-30 01:15:46 [INFO] 初始化主窗口
2025-04-30 01:15:46 [INFO] 项目列表已刷新
2025-04-30 01:15:46 [INFO] 主窗口初始化完成
2025-04-30 01:15:46 [INFO] 应用程序界面已显示
2025-04-30 01:15:49 [INFO] 切换到POC制作页面
2025-04-30 01:20:48 [INFO] 启动视觉方案助手应用程序
2025-04-30 01:20:48 [INFO] 正在初始化数据库...
2025-04-30 01:20:48 [INFO] 数据库初始化完成
2025-04-30 01:20:48 [INFO] 正在创建应用实例...
2025-04-30 01:20:48 [INFO] 已设置应用程序图标
2025-04-30 01:20:48 [INFO] 初始化主窗口
2025-04-30 01:20:48 [INFO] 项目列表已刷新
2025-04-30 01:20:48 [INFO] 主窗口初始化完成
2025-04-30 01:20:48 [INFO] 应用程序界面已显示
2025-04-30 01:20:55 [INFO] 切换到POC制作页面
2025-04-30 01:31:46 [INFO] 启动视觉方案助手应用程序
2025-04-30 01:31:46 [INFO] 正在初始化数据库...
2025-04-30 01:31:46 [INFO] 数据库初始化完成
2025-04-30 01:31:46 [INFO] 正在创建应用实例...
2025-04-30 01:31:46 [INFO] 已设置应用程序图标
2025-04-30 01:31:46 [INFO] 初始化主窗口
2025-04-30 01:31:46 [INFO] 项目列表已刷新
2025-04-30 01:31:46 [INFO] 主窗口初始化完成
2025-04-30 01:31:46 [INFO] 应用程序界面已显示
2025-04-30 01:31:48 [INFO] 切换到POC制作页面
2025-04-30 01:36:43 [INFO] 启动视觉方案助手应用程序
2025-04-30 01:36:43 [INFO] 正在初始化数据库...
2025-04-30 01:36:43 [INFO] 数据库初始化完成
2025-04-30 01:36:43 [INFO] 正在创建应用实例...
2025-04-30 01:36:43 [INFO] 已设置应用程序图标
2025-04-30 01:36:43 [INFO] 初始化主窗口
2025-04-30 01:36:43 [INFO] 项目列表已刷新
2025-04-30 01:36:43 [INFO] 主窗口初始化完成
2025-04-30 01:36:43 [INFO] 应用程序界面已显示
2025-04-30 01:36:44 [INFO] 切换到POC制作页面
2025-04-30 01:45:37 [INFO] 启动视觉方案助手应用程序
2025-04-30 01:45:37 [INFO] 正在初始化数据库...
2025-04-30 01:45:37 [INFO] 数据库初始化完成
2025-04-30 01:45:37 [INFO] 正在创建应用实例...
2025-04-30 01:45:37 [INFO] 已设置应用程序图标
2025-04-30 01:45:37 [INFO] 初始化主窗口
2025-04-30 01:45:37 [INFO] 项目列表已刷新
2025-04-30 01:45:37 [INFO] 主窗口初始化完成
2025-04-30 01:45:37 [INFO] 应用程序界面已显示
2025-04-30 01:45:45 [INFO] 切换到POC制作页面
2025-04-30 01:49:47 [INFO] 启动视觉方案助手应用程序
2025-04-30 01:49:47 [INFO] 正在初始化数据库...
2025-04-30 01:49:47 [INFO] 数据库初始化完成
2025-04-30 01:49:47 [INFO] 正在创建应用实例...
2025-04-30 01:49:47 [INFO] 已设置应用程序图标
2025-04-30 01:49:47 [INFO] 初始化主窗口
2025-04-30 01:49:47 [INFO] 项目列表已刷新
2025-04-30 01:49:47 [INFO] 主窗口初始化完成
2025-04-30 01:49:47 [INFO] 应用程序界面已显示
2025-04-30 01:49:50 [INFO] 切换到POC制作页面
2025-04-30 01:57:13 [INFO] 启动视觉方案助手应用程序
2025-04-30 01:57:13 [INFO] 正在初始化数据库...
2025-04-30 01:57:13 [INFO] 数据库初始化完成
2025-04-30 01:57:13 [INFO] 正在创建应用实例...
2025-04-30 01:57:13 [INFO] 已设置应用程序图标
2025-04-30 01:57:13 [INFO] 初始化主窗口
2025-04-30 01:57:13 [INFO] 项目列表已刷新
2025-04-30 01:57:13 [INFO] 主窗口初始化完成
2025-04-30 01:57:13 [INFO] 应用程序界面已显示
2025-04-30 01:57:14 [INFO] 切换到POC制作页面
2025-04-30 02:00:34 [INFO] 启动视觉方案助手应用程序
2025-04-30 02:00:34 [INFO] 正在初始化数据库...
2025-04-30 02:00:34 [INFO] 数据库初始化完成
2025-04-30 02:00:34 [INFO] 正在创建应用实例...
2025-04-30 02:00:34 [INFO] 已设置应用程序图标
2025-04-30 02:00:34 [INFO] 初始化主窗口
2025-04-30 02:00:34 [INFO] 项目列表已刷新
2025-04-30 02:00:34 [INFO] 主窗口初始化完成
2025-04-30 02:00:34 [INFO] 应用程序界面已显示
2025-04-30 02:00:37 [INFO] 切换到POC制作页面
2025-04-30 02:03:42 [INFO] 启动视觉方案助手应用程序
2025-04-30 02:03:42 [INFO] 正在初始化数据库...
2025-04-30 02:03:42 [INFO] 数据库初始化完成
2025-04-30 02:03:42 [INFO] 正在创建应用实例...
2025-04-30 02:03:42 [INFO] 已设置应用程序图标
2025-04-30 02:03:42 [INFO] 初始化主窗口
2025-04-30 02:03:42 [INFO] 项目列表已刷新
2025-04-30 02:03:42 [INFO] 主窗口初始化完成
2025-04-30 02:03:42 [INFO] 应用程序界面已显示
2025-04-30 02:03:43 [INFO] 切换到POC制作页面
2025-04-30 02:09:12 [INFO] 启动视觉方案助手应用程序
2025-04-30 02:09:12 [INFO] 正在初始化数据库...
2025-04-30 02:09:12 [INFO] 数据库初始化完成
2025-04-30 02:09:12 [INFO] 正在创建应用实例...
2025-04-30 02:09:12 [INFO] 已设置应用程序图标
2025-04-30 02:09:12 [INFO] 初始化主窗口
2025-04-30 02:09:12 [INFO] 项目列表已刷新
2025-04-30 02:09:12 [INFO] 主窗口初始化完成
2025-04-30 02:09:12 [INFO] 应用程序界面已显示
2025-04-30 02:09:15 [INFO] 切换到POC制作页面
2025-04-30 02:15:06 [INFO] 启动视觉方案助手应用程序
2025-04-30 02:15:06 [INFO] 正在初始化数据库...
2025-04-30 02:15:06 [INFO] 数据库初始化完成
2025-04-30 02:15:06 [INFO] 正在创建应用实例...
2025-04-30 02:15:06 [INFO] 已设置应用程序图标
2025-04-30 02:15:06 [INFO] 初始化主窗口
2025-04-30 02:15:06 [INFO] 项目列表已刷新
2025-04-30 02:15:06 [INFO] 主窗口初始化完成
2025-04-30 02:15:06 [INFO] 应用程序界面已显示
2025-04-30 02:15:08 [INFO] 切换到POC制作页面
2025-04-30 02:16:40 [INFO] 启动视觉方案助手应用程序
2025-04-30 02:16:40 [INFO] 正在初始化数据库...
2025-04-30 02:16:40 [INFO] 数据库初始化完成
2025-04-30 02:16:40 [INFO] 正在创建应用实例...
2025-04-30 02:16:40 [INFO] 已设置应用程序图标
2025-04-30 02:16:40 [INFO] 初始化主窗口
2025-04-30 02:16:40 [INFO] 项目列表已刷新
2025-04-30 02:16:40 [INFO] 主窗口初始化完成
2025-04-30 02:16:40 [INFO] 应用程序界面已显示
2025-04-30 02:18:31 [INFO] 启动视觉方案助手应用程序
2025-04-30 02:18:31 [INFO] 正在初始化数据库...
2025-04-30 02:18:31 [INFO] 数据库初始化完成
2025-04-30 02:18:31 [INFO] 正在创建应用实例...
2025-04-30 02:18:31 [INFO] 已设置应用程序图标
2025-04-30 02:18:31 [INFO] 初始化主窗口
2025-04-30 02:18:31 [INFO] 项目列表已刷新
2025-04-30 02:18:31 [INFO] 主窗口初始化完成
2025-04-30 02:18:31 [INFO] 应用程序界面已显示
2025-04-30 02:18:35 [INFO] 切换到POC制作页面
2025-04-30 02:18:38 [INFO] 尝试访问开发中的缺陷分析功能
2025-04-30 02:24:10 [INFO] 启动视觉方案助手应用程序
2025-04-30 02:24:10 [INFO] 正在初始化数据库...
2025-04-30 02:24:10 [INFO] 数据库初始化完成
2025-04-30 02:24:10 [INFO] 正在创建应用实例...
2025-04-30 02:24:10 [INFO] 已设置应用程序图标
2025-04-30 02:24:10 [INFO] 初始化主窗口
2025-04-30 02:24:10 [INFO] 项目列表已刷新
2025-04-30 02:24:10 [INFO] 主窗口初始化完成
2025-04-30 02:24:10 [INFO] 应用程序界面已显示
2025-04-30 02:24:11 [INFO] 切换到POC制作页面
2025-04-30 02:37:56 [INFO] 启动视觉方案助手应用程序
2025-04-30 02:37:56 [INFO] 正在初始化数据库...
2025-04-30 02:37:56 [INFO] 数据库初始化完成
2025-04-30 02:37:56 [INFO] 正在创建应用实例...
2025-04-30 02:37:56 [INFO] 已设置应用程序图标
2025-04-30 02:37:56 [INFO] 初始化主窗口
2025-04-30 02:37:56 [INFO] 项目列表已刷新
2025-04-30 02:37:56 [INFO] 主窗口初始化完成
2025-04-30 02:37:56 [INFO] 应用程序界面已显示
2025-04-30 02:37:58 [INFO] 切换到POC制作页面
2025-04-30 02:38:25 [INFO] 启动视觉方案助手应用程序
2025-04-30 02:38:25 [INFO] 正在初始化数据库...
2025-04-30 02:38:25 [INFO] 数据库初始化完成
2025-04-30 02:38:25 [INFO] 正在创建应用实例...
2025-04-30 02:38:25 [INFO] 已设置应用程序图标
2025-04-30 02:38:25 [INFO] 初始化主窗口
2025-04-30 02:38:25 [INFO] 项目列表已刷新
2025-04-30 02:38:25 [INFO] 主窗口初始化完成
2025-04-30 02:38:25 [INFO] 应用程序界面已显示
2025-04-30 02:38:28 [INFO] 切换到POC制作页面
2025-04-30 02:40:55 [INFO] 启动视觉方案助手应用程序
2025-04-30 02:40:55 [INFO] 正在初始化数据库...
2025-04-30 02:40:55 [INFO] 数据库初始化完成
2025-04-30 02:40:55 [INFO] 正在创建应用实例...
2025-04-30 02:40:55 [INFO] 已设置应用程序图标
2025-04-30 02:40:55 [INFO] 初始化主窗口
2025-04-30 02:40:55 [INFO] 项目列表已刷新
2025-04-30 02:40:55 [INFO] 主窗口初始化完成
2025-04-30 02:40:55 [INFO] 应用程序界面已显示
2025-04-30 02:40:57 [INFO] 切换到POC制作页面
2025-04-30 02:47:29 [INFO] 启动视觉方案助手应用程序
2025-04-30 02:47:29 [INFO] 正在初始化数据库...
2025-04-30 02:47:29 [INFO] 数据库初始化完成
2025-04-30 02:47:29 [INFO] 正在创建应用实例...
2025-04-30 02:47:29 [INFO] 已设置应用程序图标
2025-04-30 02:47:29 [INFO] 初始化主窗口
2025-04-30 02:47:29 [INFO] 项目列表已刷新
2025-04-30 02:47:29 [INFO] 主窗口初始化完成
2025-04-30 02:47:29 [INFO] 应用程序界面已显示
2025-04-30 02:47:31 [INFO] 切换到POC制作页面
2025-04-30 03:00:49 [INFO] 启动视觉方案助手应用程序
2025-04-30 03:00:49 [INFO] 正在初始化数据库...
2025-04-30 03:00:49 [INFO] 数据库初始化完成
2025-04-30 03:00:49 [INFO] 正在创建应用实例...
2025-04-30 03:00:49 [INFO] 已设置应用程序图标
2025-04-30 03:00:49 [INFO] 初始化主窗口
2025-04-30 03:00:49 [INFO] 项目列表已刷新
2025-04-30 03:00:49 [INFO] 主窗口初始化完成
2025-04-30 03:00:49 [INFO] 应用程序界面已显示
2025-04-30 03:00:52 [INFO] 切换到POC制作页面
2025-04-30 03:03:17 [INFO] 启动视觉方案助手应用程序
2025-04-30 03:03:17 [INFO] 正在初始化数据库...
2025-04-30 03:03:17 [INFO] 数据库初始化完成
2025-04-30 03:03:17 [INFO] 正在创建应用实例...
2025-04-30 03:03:17 [INFO] 已设置应用程序图标
2025-04-30 03:03:17 [INFO] 初始化主窗口
2025-04-30 03:03:17 [INFO] 项目列表已刷新
2025-04-30 03:03:17 [INFO] 主窗口初始化完成
2025-04-30 03:03:17 [INFO] 应用程序界面已显示
2025-04-30 03:03:19 [INFO] 切换到POC制作页面
2025-04-30 03:10:53 [INFO] 启动视觉方案助手应用程序
2025-04-30 03:10:53 [INFO] 正在初始化数据库...
2025-04-30 03:10:53 [INFO] 数据库初始化完成
2025-04-30 03:10:53 [INFO] 正在创建应用实例...
2025-04-30 03:10:53 [INFO] 已设置应用程序图标
2025-04-30 03:10:53 [INFO] 初始化主窗口
2025-04-30 03:10:53 [INFO] 项目列表已刷新
2025-04-30 03:10:53 [INFO] 主窗口初始化完成
2025-04-30 03:10:53 [INFO] 应用程序界面已显示
2025-04-30 03:10:55 [INFO] 切换到POC制作页面
2025-04-30 03:12:04 [INFO] 启动视觉方案助手应用程序
2025-04-30 03:12:04 [INFO] 正在初始化数据库...
2025-04-30 03:12:04 [INFO] 数据库初始化完成
2025-04-30 03:12:04 [INFO] 正在创建应用实例...
2025-04-30 03:12:04 [INFO] 已设置应用程序图标
2025-04-30 03:12:04 [INFO] 初始化主窗口
2025-04-30 03:12:04 [INFO] 项目列表已刷新
2025-04-30 03:12:04 [INFO] 主窗口初始化完成
2025-04-30 03:12:04 [INFO] 应用程序界面已显示
2025-04-30 03:12:05 [INFO] 切换到POC制作页面
2025-04-30 03:19:25 [INFO] 启动视觉方案助手应用程序
2025-04-30 03:19:25 [INFO] 正在初始化数据库...
2025-04-30 03:19:25 [INFO] 数据库初始化完成
2025-04-30 03:19:25 [INFO] 正在创建应用实例...
2025-04-30 03:19:25 [INFO] 已设置应用程序图标
2025-04-30 03:19:25 [INFO] 初始化主窗口
2025-04-30 03:19:25 [INFO] 项目列表已刷新
2025-04-30 03:19:25 [INFO] 主窗口初始化完成
2025-04-30 03:19:25 [INFO] 应用程序界面已显示
2025-04-30 03:19:27 [INFO] 切换到POC制作页面
2025-04-30 03:25:19 [INFO] 启动视觉方案助手应用程序
2025-04-30 03:25:19 [INFO] 正在初始化数据库...
2025-04-30 03:25:19 [INFO] 数据库初始化完成
2025-04-30 03:25:19 [INFO] 正在创建应用实例...
2025-04-30 03:25:19 [INFO] 已设置应用程序图标
2025-04-30 03:25:19 [INFO] 初始化主窗口
2025-04-30 03:25:19 [INFO] 项目列表已刷新
2025-04-30 03:25:19 [INFO] 主窗口初始化完成
2025-04-30 03:25:19 [INFO] 应用程序界面已显示
2025-04-30 03:25:23 [INFO] 切换到POC制作页面
2025-04-30 03:30:16 [INFO] 启动视觉方案助手应用程序
2025-04-30 03:30:16 [INFO] 正在初始化数据库...
2025-04-30 03:30:16 [INFO] 数据库初始化完成
2025-04-30 03:30:16 [INFO] 正在创建应用实例...
2025-04-30 03:30:16 [INFO] 已设置应用程序图标
2025-04-30 03:30:16 [INFO] 初始化主窗口
2025-04-30 03:30:16 [INFO] 项目列表已刷新
2025-04-30 03:30:16 [INFO] 主窗口初始化完成
2025-04-30 03:30:16 [INFO] 应用程序界面已显示
2025-04-30 03:30:18 [INFO] 切换到POC制作页面
2025-04-30 03:33:55 [INFO] 启动视觉方案助手应用程序
2025-04-30 03:33:55 [INFO] 正在初始化数据库...
2025-04-30 03:33:55 [INFO] 数据库初始化完成
2025-04-30 03:33:55 [INFO] 正在创建应用实例...
2025-04-30 03:33:56 [INFO] 已设置应用程序图标
2025-04-30 03:33:56 [INFO] 初始化主窗口
2025-04-30 03:33:56 [INFO] 项目列表已刷新
2025-04-30 03:33:56 [INFO] 主窗口初始化完成
2025-04-30 03:33:56 [INFO] 应用程序界面已显示
2025-04-30 03:33:57 [INFO] 切换到POC制作页面
2025-04-30 03:34:06 [INFO] 启动视觉方案助手应用程序
2025-04-30 03:34:06 [INFO] 正在初始化数据库...
2025-04-30 03:34:06 [INFO] 数据库初始化完成
2025-04-30 03:34:06 [INFO] 正在创建应用实例...
2025-04-30 03:34:06 [INFO] 已设置应用程序图标
2025-04-30 03:34:06 [INFO] 初始化主窗口
2025-04-30 03:34:06 [INFO] 项目列表已刷新
2025-04-30 03:34:06 [INFO] 主窗口初始化完成
2025-04-30 03:34:06 [INFO] 应用程序界面已显示
2025-04-30 03:34:09 [INFO] 切换到POC制作页面
2025-04-30 03:36:34 [INFO] 启动视觉方案助手应用程序
2025-04-30 03:36:34 [INFO] 正在初始化数据库...
2025-04-30 03:36:34 [INFO] 数据库初始化完成
2025-04-30 03:36:34 [INFO] 正在创建应用实例...
2025-04-30 03:36:34 [INFO] 已设置应用程序图标
2025-04-30 03:36:34 [INFO] 初始化主窗口
2025-04-30 03:36:35 [INFO] 项目列表已刷新
2025-04-30 03:36:35 [INFO] 主窗口初始化完成
2025-04-30 03:36:35 [INFO] 应用程序界面已显示
2025-04-30 03:36:36 [INFO] 切换到POC制作页面
2025-04-30 03:40:32 [INFO] 启动视觉方案助手应用程序
2025-04-30 03:40:32 [INFO] 正在初始化数据库...
2025-04-30 03:40:32 [INFO] 数据库初始化完成
2025-04-30 03:40:32 [INFO] 正在创建应用实例...
2025-04-30 03:40:32 [INFO] 已设置应用程序图标
2025-04-30 03:40:32 [INFO] 初始化主窗口
2025-04-30 03:40:32 [INFO] 项目列表已刷新
2025-04-30 03:40:32 [INFO] 主窗口初始化完成
2025-04-30 03:40:32 [INFO] 应用程序界面已显示
2025-04-30 03:40:34 [INFO] 切换到POC制作页面
2025-04-30 03:42:47 [INFO] 启动视觉方案助手应用程序
2025-04-30 03:42:47 [INFO] 正在初始化数据库...
2025-04-30 03:42:47 [INFO] 数据库初始化完成
2025-04-30 03:42:47 [INFO] 正在创建应用实例...
2025-04-30 03:42:47 [INFO] 已设置应用程序图标
2025-04-30 03:42:47 [INFO] 初始化主窗口
2025-04-30 03:42:47 [INFO] 项目列表已刷新
2025-04-30 03:42:47 [INFO] 主窗口初始化完成
2025-04-30 03:42:47 [INFO] 应用程序界面已显示
2025-04-30 03:42:49 [INFO] 切换到POC制作页面
2025-04-30 03:50:12 [INFO] 启动视觉方案助手应用程序
2025-04-30 03:50:12 [INFO] 正在初始化数据库...
2025-04-30 03:50:12 [INFO] 数据库初始化完成
2025-04-30 03:50:12 [INFO] 正在创建应用实例...
2025-04-30 03:50:12 [INFO] 已设置应用程序图标
2025-04-30 03:50:12 [INFO] 初始化主窗口
2025-04-30 03:50:12 [INFO] 项目列表已刷新
2025-04-30 03:50:12 [INFO] 主窗口初始化完成
2025-04-30 03:50:12 [INFO] 应用程序界面已显示
2025-04-30 03:50:15 [INFO] 切换到POC制作页面
2025-04-30 03:57:35 [INFO] 启动视觉方案助手应用程序
2025-04-30 03:57:35 [INFO] 正在初始化数据库...
2025-04-30 03:57:35 [INFO] 数据库初始化完成
2025-04-30 03:57:35 [INFO] 正在创建应用实例...
2025-04-30 03:57:35 [INFO] 已设置应用程序图标
2025-04-30 03:57:35 [INFO] 初始化主窗口
2025-04-30 03:57:35 [INFO] 项目列表已刷新
2025-04-30 03:57:35 [INFO] 主窗口初始化完成
2025-04-30 03:57:35 [INFO] 应用程序界面已显示
2025-04-30 03:57:37 [INFO] 切换到POC制作页面
2025-04-30 04:02:22 [INFO] 启动视觉方案助手应用程序
2025-04-30 04:02:22 [INFO] 正在初始化数据库...
2025-04-30 04:02:22 [INFO] 数据库初始化完成
2025-04-30 04:02:22 [INFO] 正在创建应用实例...
2025-04-30 04:02:22 [INFO] 已设置应用程序图标
2025-04-30 04:02:22 [INFO] 初始化主窗口
2025-04-30 04:02:22 [INFO] 项目列表已刷新
2025-04-30 04:02:22 [INFO] 主窗口初始化完成
2025-04-30 04:02:22 [INFO] 应用程序界面已显示
2025-04-30 04:02:24 [INFO] 切换到POC制作页面
2025-04-30 04:05:56 [INFO] 启动视觉方案助手应用程序
2025-04-30 04:05:56 [INFO] 正在初始化数据库...
2025-04-30 04:05:56 [INFO] 数据库初始化完成
2025-04-30 04:05:56 [INFO] 正在创建应用实例...
2025-04-30 04:05:56 [INFO] 已设置应用程序图标
2025-04-30 04:05:56 [INFO] 初始化主窗口
2025-04-30 04:05:56 [INFO] 项目列表已刷新
2025-04-30 04:05:56 [INFO] 主窗口初始化完成
2025-04-30 04:05:56 [INFO] 应用程序界面已显示
2025-04-30 04:05:57 [INFO] 切换到POC制作页面
2025-04-30 04:08:38 [INFO] 启动视觉方案助手应用程序
2025-04-30 04:08:38 [INFO] 正在初始化数据库...
2025-04-30 04:08:38 [INFO] 数据库初始化完成
2025-04-30 04:08:38 [INFO] 正在创建应用实例...
2025-04-30 04:08:38 [INFO] 已设置应用程序图标
2025-04-30 04:08:38 [INFO] 初始化主窗口
2025-04-30 04:08:38 [INFO] 项目列表已刷新
2025-04-30 04:08:38 [INFO] 主窗口初始化完成
2025-04-30 04:08:38 [INFO] 应用程序界面已显示
2025-04-30 04:08:40 [INFO] 切换到POC制作页面
2025-04-30 04:11:23 [INFO] 启动视觉方案助手应用程序
2025-04-30 04:11:23 [INFO] 正在初始化数据库...
2025-04-30 04:11:23 [INFO] 数据库初始化完成
2025-04-30 04:11:23 [INFO] 正在创建应用实例...
2025-04-30 04:11:23 [INFO] 已设置应用程序图标
2025-04-30 04:11:23 [INFO] 初始化主窗口
2025-04-30 04:11:23 [INFO] 项目列表已刷新
2025-04-30 04:11:23 [INFO] 主窗口初始化完成
2025-04-30 04:11:23 [INFO] 应用程序界面已显示
2025-04-30 04:11:24 [INFO] 切换到POC制作页面
2025-04-30 04:17:57 [INFO] 启动视觉方案助手应用程序
2025-04-30 04:17:57 [INFO] 正在初始化数据库...
2025-04-30 04:17:57 [INFO] 数据库初始化完成
2025-04-30 04:17:57 [INFO] 正在创建应用实例...
2025-04-30 04:17:57 [INFO] 已设置应用程序图标
2025-04-30 04:17:57 [INFO] 初始化主窗口
2025-04-30 04:17:57 [INFO] 项目列表已刷新
2025-04-30 04:17:57 [INFO] 主窗口初始化完成
2025-04-30 04:17:57 [INFO] 应用程序界面已显示
2025-04-30 04:17:59 [INFO] 切换到POC制作页面
2025-04-30 04:21:41 [INFO] 启动视觉方案助手应用程序
2025-04-30 04:21:41 [INFO] 正在初始化数据库...
2025-04-30 04:21:41 [INFO] 数据库初始化完成
2025-04-30 04:21:41 [INFO] 正在创建应用实例...
2025-04-30 04:21:41 [INFO] 已设置应用程序图标
2025-04-30 04:21:41 [INFO] 初始化主窗口
2025-04-30 04:21:41 [INFO] 项目列表已刷新
2025-04-30 04:21:41 [INFO] 主窗口初始化完成
2025-04-30 04:21:41 [INFO] 应用程序界面已显示
2025-04-30 04:21:42 [INFO] 切换到POC制作页面
2025-04-30 04:25:46 [INFO] 启动视觉方案助手应用程序
2025-04-30 04:25:46 [INFO] 正在初始化数据库...
2025-04-30 04:25:46 [INFO] 数据库初始化完成
2025-04-30 04:25:46 [INFO] 正在创建应用实例...
2025-04-30 04:25:46 [INFO] 已设置应用程序图标
2025-04-30 04:25:46 [INFO] 初始化主窗口
2025-04-30 04:25:46 [INFO] 项目列表已刷新
2025-04-30 04:25:46 [INFO] 主窗口初始化完成
2025-04-30 04:25:46 [INFO] 应用程序界面已显示
2025-04-30 04:25:47 [INFO] 切换到POC制作页面
2025-04-30 04:29:41 [INFO] 启动视觉方案助手应用程序
2025-04-30 04:29:41 [INFO] 正在初始化数据库...
2025-04-30 04:29:41 [INFO] 数据库初始化完成
2025-04-30 04:29:41 [INFO] 正在创建应用实例...
2025-04-30 04:29:41 [INFO] 已设置应用程序图标
2025-04-30 04:29:41 [INFO] 初始化主窗口
2025-04-30 04:29:41 [INFO] 项目列表已刷新
2025-04-30 04:29:41 [INFO] 主窗口初始化完成
2025-04-30 04:29:41 [INFO] 应用程序界面已显示
2025-04-30 04:29:43 [INFO] 切换到POC制作页面
2025-04-30 04:33:39 [INFO] 启动视觉方案助手应用程序
2025-04-30 04:33:39 [INFO] 正在初始化数据库...
2025-04-30 04:33:39 [INFO] 数据库初始化完成
2025-04-30 04:33:39 [INFO] 正在创建应用实例...
2025-04-30 04:33:39 [INFO] 已设置应用程序图标
2025-04-30 04:33:39 [INFO] 初始化主窗口
2025-04-30 04:33:39 [INFO] 项目列表已刷新
2025-04-30 04:33:39 [INFO] 主窗口初始化完成
2025-04-30 04:33:39 [INFO] 应用程序界面已显示
2025-04-30 04:33:41 [INFO] 切换到POC制作页面
2025-04-30 04:38:25 [INFO] 启动视觉方案助手应用程序
2025-04-30 04:38:25 [INFO] 正在初始化数据库...
2025-04-30 04:38:25 [INFO] 数据库初始化完成
2025-04-30 04:38:25 [INFO] 正在创建应用实例...
2025-04-30 04:38:25 [INFO] 已设置应用程序图标
2025-04-30 04:38:25 [INFO] 初始化主窗口
2025-04-30 04:38:25 [INFO] 项目列表已刷新
2025-04-30 04:38:25 [INFO] 主窗口初始化完成
2025-04-30 04:38:25 [INFO] 应用程序界面已显示
2025-04-30 04:38:26 [INFO] 切换到POC制作页面
2025-04-30 04:43:07 [INFO] 启动视觉方案助手应用程序
2025-04-30 04:43:07 [INFO] 正在初始化数据库...
2025-04-30 04:43:07 [INFO] 数据库初始化完成
2025-04-30 04:43:07 [INFO] 正在创建应用实例...
2025-04-30 04:43:07 [INFO] 已设置应用程序图标
2025-04-30 04:43:07 [INFO] 初始化主窗口
2025-04-30 04:43:07 [INFO] 项目列表已刷新
2025-04-30 04:43:07 [INFO] 主窗口初始化完成
2025-04-30 04:43:07 [INFO] 应用程序界面已显示
2025-04-30 04:43:08 [INFO] 切换到POC制作页面
2025-04-30 04:48:35 [INFO] 启动视觉方案助手应用程序
2025-04-30 04:48:35 [INFO] 正在初始化数据库...
2025-04-30 04:48:35 [INFO] 数据库初始化完成
2025-04-30 04:48:35 [INFO] 正在创建应用实例...
2025-04-30 04:48:35 [INFO] 已设置应用程序图标
2025-04-30 04:48:35 [INFO] 初始化主窗口
2025-04-30 04:48:35 [INFO] 项目列表已刷新
2025-04-30 04:48:35 [INFO] 主窗口初始化完成
2025-04-30 04:48:35 [INFO] 应用程序界面已显示
2025-04-30 04:48:37 [INFO] 切换到POC制作页面
2025-04-30 04:56:32 [INFO] 启动视觉方案助手应用程序
2025-04-30 04:56:32 [INFO] 正在初始化数据库...
2025-04-30 04:56:32 [INFO] 数据库初始化完成
2025-04-30 04:56:32 [INFO] 正在创建应用实例...
2025-04-30 04:56:32 [INFO] 已设置应用程序图标
2025-04-30 04:56:32 [INFO] 初始化主窗口
2025-04-30 04:56:32 [INFO] 项目列表已刷新
2025-04-30 04:56:32 [INFO] 主窗口初始化完成
2025-04-30 04:56:32 [INFO] 应用程序界面已显示
2025-04-30 04:56:33 [INFO] 切换到POC制作页面
2025-04-30 05:04:54 [INFO] 启动视觉方案助手应用程序
2025-04-30 05:04:54 [INFO] 正在初始化数据库...
2025-04-30 05:04:54 [INFO] 数据库初始化完成
2025-04-30 05:04:54 [INFO] 正在创建应用实例...
2025-04-30 05:04:54 [INFO] 已设置应用程序图标
2025-04-30 05:04:54 [INFO] 初始化主窗口
2025-04-30 05:04:54 [INFO] 项目列表已刷新
2025-04-30 05:04:54 [INFO] 主窗口初始化完成
2025-04-30 05:04:54 [INFO] 应用程序界面已显示
2025-04-30 05:04:56 [INFO] 切换到POC制作页面
2025-04-30 05:20:44 [INFO] 启动视觉方案助手应用程序
2025-04-30 05:20:44 [INFO] 正在初始化数据库...
2025-04-30 05:20:44 [INFO] 数据库初始化完成
2025-04-30 05:20:44 [INFO] 正在创建应用实例...
2025-04-30 05:20:44 [INFO] 已设置应用程序图标
2025-04-30 05:20:44 [INFO] 初始化主窗口
2025-04-30 05:20:44 [INFO] 项目列表已刷新
2025-04-30 05:20:44 [INFO] 主窗口初始化完成
2025-04-30 05:20:44 [INFO] 应用程序界面已显示
2025-04-30 05:20:46 [INFO] 切换到POC制作页面
2025-04-30 05:24:34 [INFO] 启动视觉方案助手应用程序
2025-04-30 05:24:34 [INFO] 正在初始化数据库...
2025-04-30 05:24:34 [INFO] 数据库初始化完成
2025-04-30 05:24:34 [INFO] 正在创建应用实例...
2025-04-30 05:24:34 [INFO] 已设置应用程序图标
2025-04-30 05:24:34 [INFO] 初始化主窗口
2025-04-30 05:24:34 [INFO] 项目列表已刷新
2025-04-30 05:24:34 [INFO] 主窗口初始化完成
2025-04-30 05:24:34 [INFO] 应用程序界面已显示
2025-04-30 05:24:36 [INFO] 切换到POC制作页面
2025-04-30 05:32:26 [INFO] 启动视觉方案助手应用程序
2025-04-30 05:32:26 [INFO] 正在初始化数据库...
2025-04-30 05:32:26 [INFO] 数据库初始化完成
2025-04-30 05:32:26 [INFO] 正在创建应用实例...
2025-04-30 05:32:26 [INFO] 已设置应用程序图标
2025-04-30 05:32:26 [INFO] 初始化主窗口
2025-04-30 05:32:26 [INFO] 项目列表已刷新
2025-04-30 05:32:26 [INFO] 主窗口初始化完成
2025-04-30 05:32:26 [INFO] 应用程序界面已显示
2025-04-30 05:32:40 [INFO] 项目列表已刷新
2025-04-30 05:32:56 [INFO] 切换到POC制作页面
2025-04-30 05:33:04 [INFO] 尝试访问开发中的缺陷分析功能
2025-04-30 05:33:06 [INFO] 切换到配置记录页面
2025-04-30 05:33:10 [INFO] 切换到集成分析页面
2025-04-30 05:33:11 [INFO] 切换到功能拓展页面
2025-04-30 05:33:12 [INFO] 切换到集成分析页面
2025-04-30 05:33:13 [INFO] 切换到配置记录页面
2025-04-30 05:33:14 [INFO] 尝试访问开发中的缺陷分析功能
2025-04-30 05:33:16 [INFO] 切换到POC制作页面
2025-04-30 05:39:02 [INFO] 切换到配置记录页面
2025-04-30 05:40:03 [INFO] 切换到首页
2025-04-30 05:40:05 [INFO] 切换到设置页面
2025-04-30 07:50:43 [INFO] 启动视觉方案助手应用程序
2025-04-30 07:50:43 [INFO] 正在初始化数据库...
2025-04-30 07:50:43 [INFO] 数据库初始化完成
2025-04-30 07:50:43 [INFO] 正在创建应用实例...
2025-04-30 07:50:43 [INFO] 已设置应用程序图标
2025-04-30 07:50:43 [INFO] 初始化主窗口
2025-04-30 07:50:43 [INFO] 项目列表已刷新
2025-04-30 07:50:43 [INFO] 主窗口初始化完成
2025-04-30 07:50:43 [INFO] 应用程序界面已显示
2025-04-30 08:00:58 [INFO] 切换到POC制作页面
2025-04-30 11:01:10 [INFO] 启动视觉方案助手应用程序
2025-04-30 11:01:10 [INFO] 正在初始化数据库...
2025-04-30 11:01:10 [INFO] 数据库初始化完成
2025-04-30 11:01:10 [INFO] 正在创建应用实例...
2025-04-30 11:01:10 [INFO] 已设置应用程序图标
2025-04-30 11:01:10 [INFO] 初始化主窗口
2025-04-30 11:01:10 [INFO] 项目列表已刷新
2025-04-30 11:01:10 [INFO] 主窗口初始化完成
2025-04-30 11:01:10 [INFO] 应用程序界面已显示
2025-04-30 11:02:30 [INFO] 项目创建成功: /home/unitx/桌面/workflows/盖茨优_皮带气孔检测_V1.0_20250430
2025-04-30 11:02:31 [INFO] 项目列表已刷新
2025-04-30 11:33:52 [INFO] 切换到POC制作页面
2025-04-30 11:40:37 [INFO] 启动视觉方案助手应用程序
2025-04-30 11:40:37 [INFO] 正在初始化数据库...
2025-04-30 11:40:37 [INFO] 数据库初始化完成
2025-04-30 11:40:37 [INFO] 正在创建应用实例...
2025-04-30 11:40:37 [INFO] 已设置应用程序图标
2025-04-30 11:40:37 [INFO] 初始化主窗口
2025-04-30 11:40:37 [INFO] 项目列表已刷新
2025-04-30 11:40:37 [INFO] 主窗口初始化完成
2025-04-30 11:40:37 [INFO] 应用程序界面已显示
2025-04-30 11:40:41 [INFO] 切换到POC制作页面
2025-04-30 14:32:14 [INFO] 启动视觉方案助手应用程序
2025-04-30 14:32:14 [INFO] 正在初始化数据库...
2025-04-30 14:32:14 [INFO] 数据库初始化完成
2025-04-30 14:32:14 [INFO] 正在创建应用实例...
2025-04-30 14:32:14 [INFO] 已设置应用程序图标
2025-04-30 14:32:14 [INFO] 初始化主窗口
2025-04-30 14:32:14 [INFO] 项目列表已刷新
2025-04-30 14:32:14 [INFO] 主窗口初始化完成
2025-04-30 14:32:14 [INFO] 应用程序界面已显示
2025-04-30 14:32:56 [INFO] 切换到POC制作页面
2025-04-30 15:17:50 [INFO] 启动视觉方案助手应用程序
2025-04-30 15:17:50 [INFO] 正在初始化数据库...
2025-04-30 15:17:50 [INFO] 数据库初始化完成
2025-04-30 15:17:50 [INFO] 正在创建应用实例...
2025-04-30 15:17:50 [INFO] 已设置应用程序图标
2025-04-30 15:17:50 [INFO] 初始化主窗口
2025-04-30 15:17:50 [INFO] 项目列表已刷新
2025-04-30 15:17:50 [INFO] 主窗口初始化完成
2025-04-30 15:17:50 [INFO] 应用程序界面已显示
2025-04-30 15:17:52 [INFO] 切换到POC制作页面
2025-04-30 15:22:12 [INFO] 启动视觉方案助手应用程序
2025-04-30 15:22:12 [INFO] 正在初始化数据库...
2025-04-30 15:22:12 [INFO] 数据库初始化完成
2025-04-30 15:22:12 [INFO] 正在创建应用实例...
2025-04-30 15:22:13 [INFO] 已设置应用程序图标
2025-04-30 15:22:13 [INFO] 初始化主窗口
2025-04-30 15:22:13 [INFO] 项目列表已刷新
2025-04-30 15:22:13 [INFO] 主窗口初始化完成
2025-04-30 15:22:13 [INFO] 应用程序界面已显示
2025-04-30 15:22:14 [INFO] 切换到POC制作页面
2025-04-30 15:22:35 [INFO] 启动视觉方案助手应用程序
2025-04-30 15:22:35 [INFO] 正在初始化数据库...
2025-04-30 15:22:35 [INFO] 数据库初始化完成
2025-04-30 15:22:35 [INFO] 正在创建应用实例...
2025-04-30 15:22:35 [INFO] 已设置应用程序图标
2025-04-30 15:22:35 [INFO] 初始化主窗口
2025-04-30 15:22:35 [INFO] 项目列表已刷新
2025-04-30 15:22:35 [INFO] 主窗口初始化完成
2025-04-30 15:22:35 [INFO] 应用程序界面已显示
2025-04-30 15:22:37 [INFO] 切换到POC制作页面
2025-04-30 15:23:25 [INFO] 启动视觉方案助手应用程序
2025-04-30 15:23:25 [INFO] 正在初始化数据库...
2025-04-30 15:23:25 [INFO] 数据库初始化完成
2025-04-30 15:23:25 [INFO] 正在创建应用实例...
2025-04-30 15:23:25 [INFO] 已设置应用程序图标
2025-04-30 15:23:25 [INFO] 初始化主窗口
2025-04-30 15:23:25 [INFO] 项目列表已刷新
2025-04-30 15:23:25 [INFO] 主窗口初始化完成
2025-04-30 15:23:25 [INFO] 应用程序界面已显示
2025-04-30 15:23:27 [INFO] 切换到POC制作页面
2025-04-30 15:23:39 [INFO] 启动视觉方案助手应用程序
2025-04-30 15:23:39 [INFO] 正在初始化数据库...
2025-04-30 15:23:39 [INFO] 数据库初始化完成
2025-04-30 15:23:39 [INFO] 正在创建应用实例...
2025-04-30 15:23:39 [INFO] 已设置应用程序图标
2025-04-30 15:23:39 [INFO] 初始化主窗口
2025-04-30 15:23:39 [INFO] 项目列表已刷新
2025-04-30 15:23:39 [INFO] 主窗口初始化完成
2025-04-30 15:23:39 [INFO] 应用程序界面已显示
2025-04-30 15:23:45 [INFO] 切换到POC制作页面
2025-04-30 15:23:56 [INFO] 启动视觉方案助手应用程序
2025-04-30 15:23:56 [INFO] 正在初始化数据库...
2025-04-30 15:23:56 [INFO] 数据库初始化完成
2025-04-30 15:23:56 [INFO] 正在创建应用实例...
2025-04-30 15:23:56 [INFO] 已设置应用程序图标
2025-04-30 15:23:56 [INFO] 初始化主窗口
2025-04-30 15:23:56 [INFO] 项目列表已刷新
2025-04-30 15:23:56 [INFO] 主窗口初始化完成
2025-04-30 15:23:56 [INFO] 应用程序界面已显示
2025-04-30 15:23:57 [INFO] 启动视觉方案助手应用程序
2025-04-30 15:23:57 [INFO] 正在初始化数据库...
2025-04-30 15:23:57 [INFO] 数据库初始化完成
2025-04-30 15:23:57 [INFO] 正在创建应用实例...
2025-04-30 15:23:57 [INFO] 已设置应用程序图标
2025-04-30 15:23:57 [INFO] 初始化主窗口
2025-04-30 15:23:57 [INFO] 项目列表已刷新
2025-04-30 15:23:57 [INFO] 主窗口初始化完成
2025-04-30 15:23:57 [INFO] 应用程序界面已显示
2025-04-30 15:24:03 [INFO] 启动视觉方案助手应用程序
2025-04-30 15:24:03 [INFO] 正在初始化数据库...
2025-04-30 15:24:03 [INFO] 数据库初始化完成
2025-04-30 15:24:03 [INFO] 正在创建应用实例...
2025-04-30 15:24:03 [INFO] 已设置应用程序图标
2025-04-30 15:24:03 [INFO] 初始化主窗口
2025-04-30 15:24:03 [INFO] 项目列表已刷新
2025-04-30 15:24:03 [INFO] 主窗口初始化完成
2025-04-30 15:24:03 [INFO] 应用程序界面已显示
2025-04-30 15:24:04 [INFO] 切换到POC制作页面
2025-04-30 17:39:54 [INFO] 启动视觉方案助手应用程序
2025-04-30 17:39:54 [INFO] 正在初始化数据库...
2025-04-30 17:39:54 [INFO] 数据库初始化完成
2025-04-30 17:39:54 [INFO] 正在创建应用实例...
2025-04-30 17:39:54 [INFO] 已设置应用程序图标
2025-04-30 17:39:54 [INFO] 初始化主窗口
2025-04-30 17:39:54 [INFO] 项目列表已刷新
2025-04-30 17:39:54 [INFO] 主窗口初始化完成
2025-04-30 17:39:54 [INFO] 应用程序界面已显示
2025-04-30 17:39:56 [INFO] 切换到POC制作页面
2025-04-30 19:29:07 [INFO] 启动视觉方案助手应用程序
2025-04-30 19:29:07 [INFO] 正在初始化数据库...
2025-04-30 19:29:07 [INFO] 数据库初始化完成
2025-04-30 19:29:07 [INFO] 正在创建应用实例...
2025-04-30 19:29:07 [INFO] 已设置应用程序图标
2025-04-30 19:29:07 [INFO] 初始化主窗口
2025-04-30 19:29:07 [INFO] 项目列表已刷新
2025-04-30 19:29:07 [INFO] 主窗口初始化完成
2025-04-30 19:29:07 [INFO] 应用程序界面已显示
2025-04-30 19:29:15 [INFO] 切换到POC制作页面
2025-04-30 19:29:28 [INFO] 切换到首页
2025-04-30 19:29:51 [INFO] 项目创建成功: /home/unitx/桌面/workflows/测试_测试_1_20250430
2025-04-30 19:29:53 [INFO] 项目列表已刷新
2025-04-30 19:29:55 [INFO] 切换到POC制作页面
2025-04-30 19:43:39 [INFO] 启动视觉方案助手应用程序
2025-04-30 19:43:39 [INFO] 正在初始化数据库...
2025-04-30 19:43:39 [INFO] 数据库初始化完成
2025-04-30 19:43:39 [INFO] 正在创建应用实例...
2025-04-30 19:43:39 [INFO] 已设置应用程序图标
2025-04-30 19:43:39 [INFO] 初始化主窗口
2025-04-30 19:43:39 [INFO] 项目列表已刷新
2025-04-30 19:43:39 [INFO] 主窗口初始化完成
2025-04-30 19:43:39 [INFO] 应用程序界面已显示
2025-04-30 19:43:41 [INFO] 切换到POC制作页面
2025-04-30 19:43:44 [INFO] 尝试访问开发中的缺陷分析功能
2025-04-30 19:46:30 [INFO] 启动视觉方案助手应用程序
2025-04-30 19:46:30 [INFO] 正在初始化数据库...
2025-04-30 19:46:30 [INFO] 数据库初始化完成
2025-04-30 19:46:30 [INFO] 正在创建应用实例...
2025-04-30 19:46:30 [INFO] 已设置应用程序图标
2025-04-30 19:46:30 [INFO] 初始化主窗口
2025-04-30 19:46:30 [INFO] 项目列表已刷新
2025-04-30 19:46:30 [INFO] 主窗口初始化完成
2025-04-30 19:46:30 [INFO] 应用程序界面已显示
2025-04-30 19:46:32 [INFO] 切换到设置页面
2025-04-30 19:46:35 [INFO] 切换到POC制作页面
2025-04-30 19:50:08 [INFO] 初始化主窗口
2025-04-30 19:50:08 [INFO] 项目列表已刷新
2025-04-30 19:50:08 [INFO] 主窗口初始化完成
2025-04-30 19:56:20 [INFO] 启动视觉方案助手应用程序
2025-04-30 19:56:20 [INFO] 正在初始化数据库...
2025-04-30 19:56:20 [INFO] 数据库初始化完成
2025-04-30 19:56:20 [INFO] 正在创建应用实例...
2025-04-30 19:56:20 [INFO] 已设置应用程序图标
2025-04-30 19:56:20 [INFO] 初始化主窗口
2025-04-30 19:56:20 [INFO] 项目列表已刷新
2025-04-30 19:56:20 [INFO] 主窗口初始化完成
2025-04-30 19:56:20 [INFO] 应用程序界面已显示
2025-04-30 19:56:21 [INFO] 切换到POC制作页面
2025-04-30 20:04:25 [INFO] 启动视觉方案助手应用程序
2025-04-30 20:04:25 [INFO] 正在初始化数据库...
2025-04-30 20:04:25 [INFO] 数据库初始化完成
2025-04-30 20:04:25 [INFO] 正在创建应用实例...
2025-04-30 20:04:25 [INFO] 已设置应用程序图标
2025-04-30 20:04:25 [INFO] 初始化主窗口
2025-04-30 20:04:25 [INFO] 项目列表已刷新
2025-04-30 20:04:25 [INFO] 主窗口初始化完成
2025-04-30 20:04:25 [INFO] 应用程序界面已显示
2025-04-30 20:04:28 [INFO] 切换到POC制作页面
2025-04-30 20:06:27 [INFO] 启动视觉方案助手应用程序
2025-04-30 20:06:27 [INFO] 正在初始化数据库...
2025-04-30 20:06:27 [INFO] 数据库初始化完成
2025-04-30 20:06:27 [INFO] 正在创建应用实例...
2025-04-30 20:06:27 [INFO] 已设置应用程序图标
2025-04-30 20:06:27 [INFO] 初始化主窗口
2025-04-30 20:06:27 [INFO] 项目列表已刷新
2025-04-30 20:06:27 [INFO] 主窗口初始化完成
2025-04-30 20:06:27 [INFO] 应用程序界面已显示
2025-04-30 20:06:28 [INFO] 切换到POC制作页面
2025-04-30 20:07:57 [INFO] 启动视觉方案助手应用程序
2025-04-30 20:07:57 [INFO] 正在初始化数据库...
2025-04-30 20:07:57 [INFO] 数据库初始化完成
2025-04-30 20:07:57 [INFO] 正在创建应用实例...
2025-04-30 20:07:58 [INFO] 已设置应用程序图标
2025-04-30 20:07:58 [INFO] 初始化主窗口
2025-04-30 20:07:58 [INFO] 项目列表已刷新
2025-04-30 20:07:58 [INFO] 主窗口初始化完成
2025-04-30 20:07:58 [INFO] 应用程序界面已显示
2025-04-30 20:08:00 [INFO] 切换到POC制作页面
2025-04-30 20:11:52 [INFO] 启动视觉方案助手应用程序
2025-04-30 20:11:52 [INFO] 正在初始化数据库...
2025-04-30 20:11:52 [INFO] 数据库初始化完成
2025-04-30 20:11:52 [INFO] 正在创建应用实例...
2025-04-30 20:11:52 [INFO] 已设置应用程序图标
2025-04-30 20:11:52 [INFO] 初始化主窗口
2025-04-30 20:11:52 [INFO] 项目列表已刷新
2025-04-30 20:11:52 [INFO] 主窗口初始化完成
2025-04-30 20:11:52 [INFO] 应用程序界面已显示
2025-04-30 20:11:53 [INFO] 切换到POC制作页面
2025-04-30 20:15:29 [INFO] 启动视觉方案助手应用程序
2025-04-30 20:15:29 [INFO] 正在初始化数据库...
2025-04-30 20:15:29 [INFO] 数据库初始化完成
2025-04-30 20:15:29 [INFO] 正在创建应用实例...
2025-04-30 20:15:29 [INFO] 已设置应用程序图标
2025-04-30 20:15:29 [INFO] 初始化主窗口
2025-04-30 20:15:29 [INFO] 项目列表已刷新
2025-04-30 20:15:29 [INFO] 主窗口初始化完成
2025-04-30 20:15:29 [INFO] 应用程序界面已显示
2025-04-30 20:15:32 [INFO] 切换到设置页面
2025-04-30 20:15:33 [INFO] 切换到首页
2025-04-30 20:15:34 [INFO] 切换到POC制作页面
2025-04-30 20:22:15 [INFO] 启动视觉方案助手应用程序
2025-04-30 20:22:15 [INFO] 正在初始化数据库...
2025-04-30 20:22:15 [INFO] 数据库初始化完成
2025-04-30 20:22:15 [INFO] 正在创建应用实例...
2025-04-30 20:22:15 [INFO] 已设置应用程序图标
2025-04-30 20:22:15 [INFO] 初始化主窗口
2025-04-30 20:22:15 [INFO] 项目列表已刷新
2025-04-30 20:22:15 [INFO] 主窗口初始化完成
2025-04-30 20:22:15 [INFO] 应用程序界面已显示
2025-04-30 20:22:17 [INFO] 切换到POC制作页面
2025-04-30 20:24:04 [INFO] 启动视觉方案助手应用程序
2025-04-30 20:24:04 [INFO] 正在初始化数据库...
2025-04-30 20:24:04 [INFO] 数据库初始化完成
2025-04-30 20:24:04 [INFO] 正在创建应用实例...
2025-04-30 20:24:04 [INFO] 已设置应用程序图标
2025-04-30 20:24:04 [INFO] 初始化主窗口
2025-04-30 20:24:04 [INFO] 项目列表已刷新
2025-04-30 20:24:04 [INFO] 主窗口初始化完成
2025-04-30 20:24:04 [INFO] 应用程序界面已显示
2025-04-30 20:24:06 [INFO] 切换到POC制作页面
2025-04-30 20:29:41 [INFO] 启动视觉方案助手应用程序
2025-04-30 20:29:41 [INFO] 正在初始化数据库...
2025-04-30 20:29:41 [INFO] 数据库初始化完成
2025-04-30 20:29:41 [INFO] 正在创建应用实例...
2025-04-30 20:29:41 [INFO] 已设置应用程序图标
2025-04-30 20:29:41 [INFO] 初始化主窗口
2025-04-30 20:29:41 [INFO] 项目列表已刷新
2025-04-30 20:29:41 [INFO] 主窗口初始化完成
2025-04-30 20:29:41 [INFO] 应用程序界面已显示
2025-04-30 20:29:43 [INFO] 切换到POC制作页面
2025-04-30 20:52:40 [INFO] 启动视觉方案助手应用程序
2025-04-30 20:52:40 [INFO] 正在初始化数据库...
2025-04-30 20:52:40 [INFO] 数据库初始化完成
2025-04-30 20:52:40 [INFO] 正在创建应用实例...
2025-04-30 20:52:40 [INFO] 已设置应用程序图标
2025-04-30 20:52:40 [INFO] 初始化主窗口
2025-04-30 20:52:40 [INFO] 项目列表已刷新
2025-04-30 20:52:40 [INFO] 主窗口初始化完成
2025-04-30 20:52:40 [INFO] 应用程序界面已显示
2025-04-30 20:52:43 [INFO] 切换到POC制作页面
2025-04-30 20:55:31 [INFO] 启动视觉方案助手应用程序
2025-04-30 20:55:31 [INFO] 正在初始化数据库...
2025-04-30 20:55:31 [INFO] 数据库初始化完成
2025-04-30 20:55:31 [INFO] 正在创建应用实例...
2025-04-30 20:55:31 [INFO] 已设置应用程序图标
2025-04-30 20:55:31 [INFO] 初始化主窗口
2025-04-30 20:55:31 [INFO] 项目列表已刷新
2025-04-30 20:55:31 [INFO] 主窗口初始化完成
2025-04-30 20:55:31 [INFO] 应用程序界面已显示
2025-04-30 20:55:32 [INFO] 切换到POC制作页面
2025-04-30 20:58:51 [INFO] 启动视觉方案助手应用程序
2025-04-30 20:58:51 [INFO] 正在初始化数据库...
2025-04-30 20:58:51 [INFO] 数据库初始化完成
2025-04-30 20:58:51 [INFO] 正在创建应用实例...
2025-04-30 20:58:51 [INFO] 已设置应用程序图标
2025-04-30 20:58:51 [INFO] 初始化主窗口
2025-04-30 20:58:51 [INFO] 项目列表已刷新
2025-04-30 20:58:51 [INFO] 主窗口初始化完成
2025-04-30 20:58:51 [INFO] 应用程序界面已显示
2025-04-30 20:58:52 [INFO] 切换到POC制作页面
2025-04-30 20:59:44 [INFO] 启动视觉方案助手应用程序
2025-04-30 20:59:44 [INFO] 正在初始化数据库...
2025-04-30 20:59:44 [INFO] 数据库初始化完成
2025-04-30 20:59:44 [INFO] 正在创建应用实例...
2025-04-30 20:59:44 [INFO] 已设置应用程序图标
2025-04-30 20:59:44 [INFO] 初始化主窗口
2025-04-30 20:59:44 [INFO] 项目列表已刷新
2025-04-30 20:59:44 [INFO] 主窗口初始化完成
2025-04-30 20:59:44 [INFO] 应用程序界面已显示
2025-04-30 20:59:46 [INFO] 切换到POC制作页面
