2025-04-29 11:50:42 [INFO] 启动视觉方案助手应用程序
2025-04-29 11:50:42 [INFO] 正在初始化数据库...
2025-04-29 11:50:42 [INFO] 数据库初始化完成
2025-04-29 11:50:42 [INFO] 正在创建应用实例...
2025-04-29 11:50:42 [INFO] 初始化主窗口
2025-04-29 11:50:43 [INFO] 主窗口初始化完成
2025-04-29 11:50:43 [INFO] 应用程序界面已显示
2025-04-29 11:50:56 [INFO] 切换到POC制作页面
2025-04-29 11:50:59 [INFO] 尝试访问开发中的缺陷分析功能
2025-04-29 11:51:02 [INFO] 切换到配置记录页面
2025-04-29 11:51:07 [INFO] 切换到集成分析页面
2025-04-29 11:51:09 [INFO] 切换到功能拓展页面
2025-04-29 11:51:35 [INFO] 切换到集成分析页面
2025-04-29 11:51:37 [INFO] 切换到POC制作页面
2025-04-29 11:51:38 [INFO] 尝试访问开发中的缺陷分析功能
2025-04-29 11:51:40 [INFO] 切换到配置记录页面
2025-04-29 11:51:43 [INFO] 切换到集成分析页面
2025-04-29 11:51:45 [INFO] 切换到功能拓展页面
2025-04-29 12:47:42 [INFO] 启动视觉方案助手应用程序
2025-04-29 12:47:42 [INFO] 正在初始化数据库...
2025-04-29 12:47:42 [INFO] 数据库初始化完成
2025-04-29 12:47:42 [INFO] 正在创建应用实例...
2025-04-29 12:47:42 [INFO] 初始化主窗口
2025-04-29 12:47:42 [INFO] 主窗口初始化完成
2025-04-29 12:47:42 [INFO] 应用程序界面已显示
2025-04-29 12:48:18 [INFO] 切换到POC制作页面
2025-04-29 12:48:21 [INFO] 尝试访问开发中的缺陷分析功能
2025-04-29 12:48:23 [INFO] 切换到配置记录页面
2025-04-29 12:48:26 [INFO] 切换到集成分析页面
2025-04-29 12:48:36 [INFO] 切换到功能拓展页面
2025-04-29 12:48:57 [INFO] 切换到POC制作页面
2025-04-29 12:48:58 [INFO] 尝试访问开发中的缺陷分析功能
2025-04-29 12:49:01 [INFO] 切换到配置记录页面
2025-04-29 12:49:03 [INFO] 切换到集成分析页面
2025-04-29 12:49:04 [INFO] 切换到功能拓展页面
2025-04-29 12:49:09 [INFO] 切换到POC制作页面
2025-04-29 13:19:53 [INFO] 启动视觉方案助手应用程序
2025-04-29 13:19:53 [INFO] 正在初始化数据库...
2025-04-29 13:19:53 [INFO] 数据库初始化完成
2025-04-29 13:19:53 [INFO] 正在创建应用实例...
2025-04-29 13:19:53 [INFO] 已设置应用程序图标
2025-04-29 13:19:53 [INFO] 初始化主窗口
2025-04-29 13:19:53 [INFO] 主窗口初始化完成
2025-04-29 13:19:53 [INFO] 应用程序界面已显示
2025-04-29 13:20:01 [INFO] 切换到POC制作页面
2025-04-29 13:20:04 [INFO] 尝试访问开发中的缺陷分析功能
2025-04-29 13:20:08 [INFO] 尝试访问开发中的缺陷分析功能
2025-04-29 13:20:10 [INFO] 切换到配置记录页面
2025-04-29 13:20:11 [INFO] 切换到集成分析页面
2025-04-29 13:20:12 [INFO] 切换到功能拓展页面
2025-04-29 13:21:49 [INFO] 启动视觉方案助手应用程序
2025-04-29 13:21:49 [INFO] 正在初始化数据库...
2025-04-29 13:21:49 [INFO] 数据库初始化完成
2025-04-29 13:21:49 [INFO] 正在创建应用实例...
2025-04-29 13:21:49 [INFO] 已设置应用程序图标
2025-04-29 13:21:49 [INFO] 初始化主窗口
2025-04-29 13:21:49 [INFO] 主窗口初始化完成
2025-04-29 13:21:49 [INFO] 应用程序界面已显示
2025-04-29 13:22:05 [INFO] 切换到POC制作页面
2025-04-29 13:22:07 [INFO] 尝试访问开发中的缺陷分析功能
2025-04-29 13:22:11 [INFO] 切换到配置记录页面
2025-04-29 13:22:12 [INFO] 切换到集成分析页面
2025-04-29 13:22:12 [INFO] 切换到集成分析页面
2025-04-29 13:22:13 [INFO] 切换到集成分析页面
2025-04-29 13:25:34 [INFO] 启动视觉方案助手应用程序
2025-04-29 13:25:34 [INFO] 正在初始化数据库...
2025-04-29 13:25:34 [INFO] 数据库初始化完成
2025-04-29 13:25:34 [INFO] 正在创建应用实例...
2025-04-29 13:25:34 [INFO] 已设置应用程序图标
2025-04-29 13:25:34 [INFO] 初始化主窗口
2025-04-29 13:25:34 [INFO] 主窗口初始化完成
2025-04-29 13:25:34 [INFO] 应用程序界面已显示
2025-04-29 13:25:59 [INFO] 启动视觉方案助手应用程序
2025-04-29 13:25:59 [INFO] 正在初始化数据库...
2025-04-29 13:25:59 [INFO] 数据库初始化完成
2025-04-29 13:25:59 [INFO] 正在创建应用实例...
2025-04-29 13:25:59 [INFO] 已设置应用程序图标
2025-04-29 13:25:59 [INFO] 初始化主窗口
2025-04-29 13:25:59 [INFO] 主窗口初始化完成
2025-04-29 13:25:59 [INFO] 应用程序界面已显示
2025-04-29 13:26:12 [INFO] 启动视觉方案助手应用程序
2025-04-29 13:26:12 [INFO] 正在初始化数据库...
2025-04-29 13:26:12 [INFO] 数据库初始化完成
2025-04-29 13:26:12 [INFO] 正在创建应用实例...
2025-04-29 13:26:12 [INFO] 已设置应用程序图标
2025-04-29 13:26:12 [INFO] 初始化主窗口
2025-04-29 13:26:12 [INFO] 主窗口初始化完成
2025-04-29 13:26:12 [INFO] 应用程序界面已显示
2025-04-29 13:29:31 [INFO] 启动视觉方案助手应用程序
2025-04-29 13:29:31 [INFO] 正在初始化数据库...
2025-04-29 13:29:31 [INFO] 数据库初始化完成
2025-04-29 13:29:31 [INFO] 正在创建应用实例...
2025-04-29 13:29:31 [INFO] 已设置应用程序图标
2025-04-29 13:29:31 [INFO] 初始化主窗口
2025-04-29 13:29:31 [INFO] 主窗口初始化完成
2025-04-29 13:29:31 [INFO] 应用程序界面已显示
2025-04-29 13:29:33 [INFO] 切换到设置页面
2025-04-29 13:29:51 [INFO] 已选择项目文件夹: /home/unitx/桌面/workflows
2025-04-29 13:29:53 [INFO] 设置已保存
2025-04-29 13:29:55 [INFO] 设置已保存
2025-04-29 13:30:06 [INFO] 切换到首页
2025-04-29 13:30:08 [INFO] 切换到设置页面
2025-04-29 13:30:12 [INFO] 切换到首页
2025-04-29 13:30:43 [INFO] 切换到设置页面
2025-04-29 13:30:44 [INFO] 设置已保存
2025-04-29 13:30:53 [INFO] 切换到首页
2025-04-29 13:31:02 [INFO] 切换到设置页面
2025-04-29 13:33:14 [INFO] 启动视觉方案助手应用程序
2025-04-29 13:33:14 [INFO] 正在初始化数据库...
2025-04-29 13:33:14 [INFO] 数据库初始化完成
2025-04-29 13:33:14 [INFO] 正在创建应用实例...
2025-04-29 13:33:14 [INFO] 已设置应用程序图标
2025-04-29 13:33:14 [INFO] 初始化主窗口
2025-04-29 13:33:14 [INFO] 主窗口初始化完成
2025-04-29 13:33:14 [INFO] 应用程序界面已显示
2025-04-29 13:33:16 [INFO] 切换到设置页面
2025-04-29 13:33:22 [INFO] 已选择项目文件夹: /home/unitx/桌面/workflows
2025-04-29 13:33:25 [INFO] 设置已保存
2025-04-29 13:33:42 [INFO] 切换到首页
2025-04-29 13:47:31 [INFO] 启动视觉方案助手应用程序
2025-04-29 13:47:31 [INFO] 正在初始化数据库...
2025-04-29 13:47:31 [INFO] 数据库初始化完成
2025-04-29 13:47:31 [INFO] 正在创建应用实例...
2025-04-29 13:47:31 [INFO] 已设置应用程序图标
2025-04-29 13:47:31 [INFO] 初始化主窗口
2025-04-29 13:47:31 [INFO] 主窗口初始化完成
2025-04-29 13:47:31 [INFO] 应用程序界面已显示
2025-04-29 13:47:36 [INFO] 切换到设置页面
2025-04-29 13:47:38 [INFO] 切换到首页
2025-04-29 13:49:20 [INFO] 项目创建成功: /home/unitx/桌面/workflows/华为_手机中框检测_V1_20250429_134920
2025-04-29 13:49:23 [INFO] 刷新项目列表
2025-04-29 13:50:02 [INFO] 切换到POC制作页面
2025-04-29 13:50:03 [INFO] 切换到首页
2025-04-29 13:56:31 [INFO] 启动视觉方案助手应用程序
2025-04-29 13:56:31 [INFO] 正在初始化数据库...
2025-04-29 13:56:31 [INFO] 数据库初始化完成
2025-04-29 13:56:31 [INFO] 正在创建应用实例...
2025-04-29 13:56:31 [INFO] 已设置应用程序图标
2025-04-29 13:56:31 [INFO] 初始化主窗口
2025-04-29 13:56:31 [INFO] 主窗口初始化完成
2025-04-29 13:56:32 [INFO] 应用程序界面已显示
2025-04-29 13:56:34 [INFO] 切换到设置页面
2025-04-29 13:56:36 [INFO] 切换到首页
2025-04-29 13:57:33 [INFO] 项目创建成功: /home/unitx/桌面/workflows/华为_手机外观检测_V2_20250429
2025-04-29 13:57:35 [INFO] 刷新项目列表
2025-04-29 14:22:45 [INFO] 启动视觉方案助手应用程序
2025-04-29 14:22:45 [INFO] 正在初始化数据库...
2025-04-29 14:22:45 [INFO] 数据库初始化完成
2025-04-29 14:22:45 [INFO] 正在创建应用实例...
2025-04-29 14:22:45 [INFO] 已设置应用程序图标
2025-04-29 14:22:45 [INFO] 初始化主窗口
2025-04-29 14:22:45 [ERROR] 刷新项目列表失败: name 'SettingsPage' is not defined
2025-04-29 14:26:32 [INFO] 启动视觉方案助手应用程序
2025-04-29 14:26:32 [INFO] 正在初始化数据库...
2025-04-29 14:26:32 [INFO] 数据库初始化完成
2025-04-29 14:26:32 [INFO] 正在创建应用实例...
2025-04-29 14:26:32 [INFO] 已设置应用程序图标
2025-04-29 14:26:32 [INFO] 初始化主窗口
2025-04-29 14:26:32 [INFO] 项目列表已刷新
2025-04-29 14:26:32 [INFO] 主窗口初始化完成
2025-04-29 14:26:32 [INFO] 应用程序界面已显示
2025-04-29 14:26:44 [INFO] 项目列表已刷新
2025-04-29 14:27:11 [INFO] 项目创建成功: /home/unitx/桌面/workflows/测试_测试_1_20250429
2025-04-29 14:27:12 [INFO] 项目列表已刷新
2025-04-29 14:27:27 [INFO] 切换到POC制作页面
2025-04-29 14:27:29 [INFO] 尝试访问开发中的缺陷分析功能
2025-04-29 14:27:30 [INFO] 切换到配置记录页面
2025-04-29 14:27:31 [INFO] 切换到集成分析页面
2025-04-29 14:27:32 [INFO] 切换到功能拓展页面
2025-04-29 14:27:33 [INFO] 切换到首页
2025-04-29 14:28:10 [INFO] 启动视觉方案助手应用程序
2025-04-29 14:28:10 [INFO] 正在初始化数据库...
2025-04-29 14:28:10 [INFO] 数据库初始化完成
2025-04-29 14:28:10 [INFO] 正在创建应用实例...
2025-04-29 14:28:10 [INFO] 已设置应用程序图标
2025-04-29 14:28:10 [INFO] 初始化主窗口
2025-04-29 14:28:10 [INFO] 项目列表已刷新
2025-04-29 14:28:10 [INFO] 主窗口初始化完成
2025-04-29 14:28:10 [INFO] 应用程序界面已显示
2025-04-29 14:30:57 [INFO] 启动视觉方案助手应用程序
2025-04-29 14:30:57 [INFO] 正在初始化数据库...
2025-04-29 14:30:57 [INFO] 数据库初始化完成
2025-04-29 14:30:57 [INFO] 正在创建应用实例...
2025-04-29 14:30:57 [INFO] 已设置应用程序图标
2025-04-29 14:30:57 [INFO] 初始化主窗口
2025-04-29 14:30:57 [INFO] 项目列表已刷新
2025-04-29 14:30:57 [INFO] 主窗口初始化完成
2025-04-29 14:30:57 [INFO] 应用程序界面已显示
2025-04-29 14:31:14 [INFO] 项目列表已刷新
2025-04-29 14:49:06 [INFO] 启动视觉方案助手应用程序
2025-04-29 14:49:06 [INFO] 正在初始化数据库...
2025-04-29 14:49:06 [INFO] 数据库初始化完成
2025-04-29 14:49:06 [INFO] 正在创建应用实例...
2025-04-29 14:49:06 [INFO] 已设置应用程序图标
2025-04-29 14:49:06 [INFO] 初始化主窗口
2025-04-29 14:49:06 [INFO] 项目列表已刷新
2025-04-29 14:49:06 [INFO] 主窗口初始化完成
2025-04-29 14:49:06 [INFO] 应用程序界面已显示
2025-04-29 14:51:08 [INFO] 启动视觉方案助手应用程序
2025-04-29 14:51:08 [INFO] 正在初始化数据库...
2025-04-29 14:51:08 [INFO] 数据库初始化完成
2025-04-29 14:51:08 [INFO] 正在创建应用实例...
2025-04-29 14:51:08 [INFO] 已设置应用程序图标
2025-04-29 14:51:08 [INFO] 初始化主窗口
2025-04-29 14:51:08 [INFO] 项目列表已刷新
2025-04-29 14:51:08 [INFO] 主窗口初始化完成
2025-04-29 14:51:08 [INFO] 应用程序界面已显示
2025-04-29 14:53:12 [INFO] 初始化主窗口
2025-04-29 14:53:12 [INFO] 项目列表已刷新
2025-04-29 14:53:12 [INFO] 主窗口初始化完成
2025-04-29 14:55:00 [INFO] 初始化主窗口
2025-04-29 14:55:00 [INFO] 项目列表已刷新
2025-04-29 14:55:00 [INFO] 主窗口初始化完成
2025-04-29 14:57:16 [INFO] 启动视觉方案助手应用程序
2025-04-29 14:57:16 [INFO] 正在初始化数据库...
2025-04-29 14:57:16 [INFO] 数据库初始化完成
2025-04-29 14:57:16 [INFO] 正在创建应用实例...
2025-04-29 14:57:16 [INFO] 已设置应用程序图标
2025-04-29 14:57:16 [INFO] 初始化主窗口
2025-04-29 14:57:16 [INFO] 项目列表已刷新
2025-04-29 14:57:16 [INFO] 主窗口初始化完成
2025-04-29 14:57:16 [INFO] 应用程序界面已显示
2025-04-29 14:57:46 [INFO] 项目列表已刷新
2025-04-29 14:58:33 [INFO] 启动视觉方案助手应用程序
2025-04-29 14:58:33 [INFO] 正在初始化数据库...
2025-04-29 14:58:33 [INFO] 数据库初始化完成
2025-04-29 14:58:33 [INFO] 正在创建应用实例...
2025-04-29 14:58:33 [INFO] 已设置应用程序图标
2025-04-29 14:58:33 [INFO] 初始化主窗口
2025-04-29 14:58:33 [INFO] 项目列表已刷新
2025-04-29 14:58:33 [INFO] 主窗口初始化完成
2025-04-29 14:58:33 [INFO] 应用程序界面已显示
2025-04-29 15:01:17 [INFO] 初始化主窗口
2025-04-29 15:01:17 [INFO] 项目列表已刷新
2025-04-29 15:01:17 [INFO] 主窗口初始化完成
2025-04-29 15:04:35 [INFO] 初始化主窗口
2025-04-29 15:04:35 [INFO] 项目列表已刷新
2025-04-29 15:04:35 [INFO] 主窗口初始化完成
2025-04-29 15:07:09 [INFO] 初始化主窗口
2025-04-29 15:07:09 [INFO] 项目列表已刷新
2025-04-29 15:07:09 [INFO] 主窗口初始化完成
2025-04-29 15:09:08 [INFO] 初始化主窗口
2025-04-29 15:09:09 [INFO] 项目列表已刷新
2025-04-29 15:09:09 [INFO] 主窗口初始化完成
2025-04-29 15:09:24 [INFO] 切换到POC制作页面
2025-04-29 15:47:35 [INFO] 启动视觉方案助手应用程序
2025-04-29 15:47:35 [INFO] 正在初始化数据库...
2025-04-29 15:47:35 [INFO] 数据库初始化完成
2025-04-29 15:47:35 [INFO] 正在创建应用实例...
2025-04-29 15:47:35 [INFO] 已设置应用程序图标
2025-04-29 15:47:35 [INFO] 初始化主窗口
2025-04-29 15:47:35 [INFO] 项目列表已刷新
2025-04-29 15:47:35 [INFO] 主窗口初始化完成
2025-04-29 15:47:35 [INFO] 应用程序界面已显示
2025-04-29 18:49:13 [INFO] 启动视觉方案助手应用程序
2025-04-29 18:49:13 [INFO] 正在初始化数据库...
2025-04-29 18:49:13 [INFO] 数据库初始化完成
2025-04-29 18:49:13 [INFO] 正在创建应用实例...
2025-04-29 18:49:13 [INFO] 已设置应用程序图标
2025-04-29 18:49:13 [INFO] 初始化主窗口
2025-04-29 18:49:13 [INFO] 项目列表已刷新
2025-04-29 18:49:13 [INFO] 主窗口初始化完成
2025-04-29 18:49:13 [INFO] 应用程序界面已显示
2025-04-29 18:49:23 [INFO] 项目列表已刷新
2025-04-29 18:50:58 [INFO] 项目创建成功: /home/unitx/桌面/workflows/福尔达_汽车限位器外观检测_V1_20250429
2025-04-29 18:50:59 [INFO] 项目列表已刷新
2025-04-29 18:51:54 [INFO] 切换到POC制作页面
2025-04-29 18:51:59 [INFO] 切换到设置页面
2025-04-29 18:52:13 [INFO] 切换到首页
2025-04-29 18:52:16 [INFO] 切换到设置页面
2025-04-29 18:52:23 [INFO] 切换到POC制作页面
2025-04-29 18:52:25 [INFO] 切换到首页
2025-04-29 18:52:26 [INFO] 切换到设置页面
2025-04-29 18:52:33 [INFO] 切换到首页
2025-04-29 18:52:34 [INFO] 切换到设置页面
2025-04-29 18:52:50 [INFO] 切换到首页
2025-04-29 18:52:51 [INFO] 切换到POC制作页面
2025-04-29 18:52:52 [INFO] 切换到设置页面
2025-04-29 18:57:38 [INFO] 启动视觉方案助手应用程序
2025-04-29 18:57:38 [INFO] 正在初始化数据库...
2025-04-29 18:57:38 [INFO] 数据库初始化完成
2025-04-29 18:57:38 [INFO] 正在创建应用实例...
2025-04-29 18:57:38 [INFO] 已设置应用程序图标
2025-04-29 18:57:38 [INFO] 初始化主窗口
2025-04-29 18:57:38 [INFO] 项目列表已刷新
2025-04-29 18:57:38 [INFO] 主窗口初始化完成
2025-04-29 18:57:38 [INFO] 应用程序界面已显示
2025-04-29 18:57:40 [INFO] 切换到POC制作页面
2025-04-29 18:57:42 [INFO] 尝试访问开发中的缺陷分析功能
2025-04-29 18:57:45 [INFO] 切换到配置记录页面
2025-04-29 18:57:47 [INFO] 切换到集成分析页面
2025-04-29 18:57:47 [INFO] 切换到功能拓展页面
2025-04-29 18:57:49 [INFO] 切换到首页
2025-04-29 18:57:49 [INFO] 切换到设置页面
2025-04-29 18:59:19 [INFO] 初始化主窗口
2025-04-29 18:59:19 [INFO] 项目列表已刷新
2025-04-29 18:59:19 [INFO] 主窗口初始化完成
2025-04-29 18:59:22 [INFO] 切换到POC制作页面
2025-04-29 18:59:23 [INFO] 切换到设置页面
2025-04-29 18:59:25 [INFO] 切换到首页
2025-04-29 18:59:26 [INFO] 切换到配置记录页面
2025-04-29 18:59:27 [INFO] 切换到设置页面
2025-04-29 18:59:30 [INFO] 切换到配置记录页面
2025-04-29 18:59:31 [INFO] 切换到集成分析页面
2025-04-29 18:59:31 [INFO] 切换到功能拓展页面
2025-04-29 18:59:32 [INFO] 切换到设置页面
2025-04-29 18:59:33 [INFO] 切换到配置记录页面
2025-04-29 18:59:36 [INFO] 切换到设置页面
2025-04-29 18:59:38 [INFO] 切换到首页
2025-04-29 18:59:39 [INFO] 切换到功能拓展页面
2025-04-29 18:59:40 [INFO] 切换到设置页面
2025-04-29 18:59:41 [INFO] 切换到集成分析页面
2025-04-29 18:59:42 [INFO] 切换到设置页面
2025-04-29 18:59:43 [INFO] 切换到首页
2025-04-29 18:59:45 [INFO] 切换到集成分析页面
2025-04-29 18:59:46 [INFO] 切换到设置页面
2025-04-29 18:59:50 [INFO] 切换到首页
2025-04-29 18:59:53 [INFO] 切换到POC制作页面
2025-04-29 18:59:54 [INFO] 切换到首页
2025-04-29 19:00:37 [INFO] 切换到POC制作页面
2025-04-29 19:00:52 [INFO] 切换到首页
2025-04-29 19:00:53 [INFO] 切换到功能拓展页面
2025-04-29 19:00:55 [INFO] 切换到集成分析页面
2025-04-29 19:00:55 [INFO] 切换到配置记录页面
2025-04-29 19:00:56 [INFO] 尝试访问开发中的缺陷分析功能
2025-04-29 19:00:58 [INFO] 切换到首页
2025-04-29 19:01:01 [INFO] 切换到POC制作页面
2025-04-29 19:01:31 [INFO] 启动视觉方案助手应用程序
2025-04-29 19:01:31 [INFO] 正在初始化数据库...
2025-04-29 19:01:31 [INFO] 数据库初始化完成
2025-04-29 19:01:31 [INFO] 正在创建应用实例...
2025-04-29 19:01:31 [INFO] 已设置应用程序图标
2025-04-29 19:01:31 [INFO] 初始化主窗口
2025-04-29 19:01:31 [INFO] 项目列表已刷新
2025-04-29 19:01:31 [INFO] 主窗口初始化完成
2025-04-29 19:01:31 [INFO] 应用程序界面已显示
2025-04-29 19:02:59 [INFO] 切换到POC制作页面
2025-04-29 19:24:54 [INFO] 启动视觉方案助手应用程序
2025-04-29 19:24:54 [INFO] 正在初始化数据库...
2025-04-29 19:24:54 [INFO] 数据库初始化完成
2025-04-29 19:24:54 [INFO] 正在创建应用实例...
2025-04-29 19:24:54 [INFO] 已设置应用程序图标
2025-04-29 19:24:54 [INFO] 初始化主窗口
2025-04-29 19:24:54 [INFO] 项目列表已刷新
2025-04-29 19:24:54 [INFO] 主窗口初始化完成
2025-04-29 19:24:54 [INFO] 应用程序界面已显示
2025-04-29 19:24:56 [INFO] 切换到POC制作页面
2025-04-29 19:26:46 [INFO] 启动视觉方案助手应用程序
2025-04-29 19:26:46 [INFO] 正在初始化数据库...
2025-04-29 19:26:46 [INFO] 数据库初始化完成
2025-04-29 19:26:46 [INFO] 正在创建应用实例...
2025-04-29 19:26:46 [INFO] 已设置应用程序图标
2025-04-29 19:26:46 [INFO] 初始化主窗口
2025-04-29 19:26:46 [INFO] 项目列表已刷新
2025-04-29 19:26:47 [INFO] 主窗口初始化完成
2025-04-29 19:26:47 [INFO] 应用程序界面已显示
2025-04-29 19:26:48 [INFO] 切换到POC制作页面
2025-04-29 19:29:22 [INFO] 启动视觉方案助手应用程序
2025-04-29 19:29:22 [INFO] 正在初始化数据库...
2025-04-29 19:29:22 [INFO] 数据库初始化完成
2025-04-29 19:29:22 [INFO] 正在创建应用实例...
2025-04-29 19:29:22 [INFO] 已设置应用程序图标
2025-04-29 19:29:22 [INFO] 初始化主窗口
2025-04-29 19:29:22 [INFO] 项目列表已刷新
2025-04-29 19:29:22 [INFO] 主窗口初始化完成
2025-04-29 19:29:22 [INFO] 应用程序界面已显示
2025-04-29 19:29:24 [INFO] 切换到POC制作页面
2025-04-29 19:34:41 [INFO] 启动视觉方案助手应用程序
2025-04-29 19:34:41 [INFO] 正在初始化数据库...
2025-04-29 19:34:41 [INFO] 数据库初始化完成
2025-04-29 19:34:41 [INFO] 正在创建应用实例...
2025-04-29 19:34:41 [INFO] 已设置应用程序图标
2025-04-29 19:34:41 [INFO] 初始化主窗口
2025-04-29 19:34:41 [INFO] 项目列表已刷新
2025-04-29 19:34:41 [INFO] 主窗口初始化完成
2025-04-29 19:34:41 [INFO] 应用程序界面已显示
2025-04-29 19:34:43 [INFO] 切换到POC制作页面
2025-04-29 19:39:41 [INFO] 切换到POC制作页面
2025-04-29 19:39:42 [INFO] 启动视觉方案助手应用程序
2025-04-29 19:39:42 [INFO] 正在初始化数据库...
2025-04-29 19:39:42 [INFO] 数据库初始化完成
2025-04-29 19:39:42 [INFO] 正在创建应用实例...
2025-04-29 19:39:42 [INFO] 已设置应用程序图标
2025-04-29 19:39:42 [INFO] 初始化主窗口
2025-04-29 19:39:42 [INFO] 项目列表已刷新
2025-04-29 19:39:42 [INFO] 主窗口初始化完成
2025-04-29 19:39:42 [INFO] 应用程序界面已显示
2025-04-29 19:42:08 [INFO] 启动视觉方案助手应用程序
2025-04-29 19:42:08 [INFO] 正在初始化数据库...
2025-04-29 19:42:08 [INFO] 数据库初始化完成
2025-04-29 19:42:08 [INFO] 正在创建应用实例...
2025-04-29 19:42:08 [INFO] 已设置应用程序图标
2025-04-29 19:42:08 [INFO] 初始化主窗口
2025-04-29 19:42:08 [INFO] 项目列表已刷新
2025-04-29 19:42:08 [INFO] 主窗口初始化完成
2025-04-29 19:42:08 [INFO] 应用程序界面已显示
2025-04-29 19:42:10 [INFO] 切换到POC制作页面
2025-04-29 19:45:52 [INFO] 启动视觉方案助手应用程序
2025-04-29 19:45:52 [INFO] 正在初始化数据库...
2025-04-29 19:45:52 [INFO] 数据库初始化完成
2025-04-29 19:45:52 [INFO] 正在创建应用实例...
2025-04-29 19:45:52 [INFO] 已设置应用程序图标
2025-04-29 19:45:52 [INFO] 初始化主窗口
2025-04-29 19:45:52 [INFO] 项目列表已刷新
2025-04-29 19:45:52 [INFO] 主窗口初始化完成
2025-04-29 19:45:52 [INFO] 应用程序界面已显示
2025-04-29 19:45:53 [INFO] 切换到POC制作页面
2025-04-29 19:53:55 [INFO] 启动视觉方案助手应用程序
2025-04-29 19:53:55 [INFO] 正在初始化数据库...
2025-04-29 19:53:55 [INFO] 数据库初始化完成
2025-04-29 19:53:55 [INFO] 正在创建应用实例...
2025-04-29 19:53:55 [INFO] 已设置应用程序图标
2025-04-29 19:53:55 [INFO] 初始化主窗口
2025-04-29 19:53:55 [INFO] 项目列表已刷新
2025-04-29 19:53:55 [INFO] 主窗口初始化完成
2025-04-29 19:53:55 [INFO] 应用程序界面已显示
2025-04-29 19:53:58 [INFO] 切换到POC制作页面
2025-04-29 19:54:47 [INFO] 切换到首页
2025-04-29 19:55:30 [INFO] 切换到POC制作页面
2025-04-29 19:55:44 [INFO] 切换到首页
2025-04-29 19:55:56 [INFO] 切换到POC制作页面
2025-04-29 20:03:10 [INFO] 启动视觉方案助手应用程序
2025-04-29 20:03:10 [INFO] 正在初始化数据库...
2025-04-29 20:03:10 [INFO] 数据库初始化完成
2025-04-29 20:03:10 [INFO] 正在创建应用实例...
2025-04-29 20:03:10 [INFO] 已设置应用程序图标
2025-04-29 20:03:10 [INFO] 初始化主窗口
2025-04-29 20:03:10 [INFO] 项目列表已刷新
2025-04-29 20:03:10 [INFO] 主窗口初始化完成
2025-04-29 20:03:10 [INFO] 应用程序界面已显示
2025-04-29 20:03:12 [INFO] 切换到POC制作页面
2025-04-29 20:03:29 [INFO] 切换到首页
2025-04-29 20:03:33 [INFO] 切换到POC制作页面
2025-04-29 20:03:51 [INFO] 切换到首页
2025-04-29 20:04:11 [INFO] 项目创建成功: /home/unitx/桌面/workflows/测试_外观检测_V1_20250429
2025-04-29 20:04:12 [INFO] 项目列表已刷新
2025-04-29 20:04:15 [INFO] 切换到POC制作页面
2025-04-29 20:04:39 [INFO] 切换到首页
2025-04-29 20:04:44 [INFO] 切换到POC制作页面
2025-04-29 20:07:34 [INFO] 启动视觉方案助手应用程序
2025-04-29 20:07:34 [INFO] 正在初始化数据库...
2025-04-29 20:07:34 [INFO] 数据库初始化完成
2025-04-29 20:07:34 [INFO] 正在创建应用实例...
2025-04-29 20:07:34 [INFO] 已设置应用程序图标
2025-04-29 20:07:34 [INFO] 初始化主窗口
2025-04-29 20:07:34 [INFO] 项目列表已刷新
2025-04-29 20:07:34 [INFO] 主窗口初始化完成
2025-04-29 20:07:34 [INFO] 应用程序界面已显示
2025-04-29 20:11:24 [INFO] 启动视觉方案助手应用程序
2025-04-29 20:11:24 [INFO] 正在初始化数据库...
2025-04-29 20:11:24 [INFO] 数据库初始化完成
2025-04-29 20:11:24 [INFO] 正在创建应用实例...
2025-04-29 20:11:24 [INFO] 已设置应用程序图标
2025-04-29 20:11:24 [INFO] 初始化主窗口
2025-04-29 20:11:24 [INFO] 项目列表已刷新
2025-04-29 20:11:24 [INFO] 主窗口初始化完成
2025-04-29 20:11:24 [INFO] 应用程序界面已显示
2025-04-29 20:11:26 [INFO] 切换到POC制作页面
2025-04-29 20:15:53 [INFO] 启动视觉方案助手应用程序
2025-04-29 20:15:53 [INFO] 正在初始化数据库...
2025-04-29 20:15:53 [INFO] 数据库初始化完成
2025-04-29 20:15:53 [INFO] 正在创建应用实例...
2025-04-29 20:15:53 [INFO] 已设置应用程序图标
2025-04-29 20:15:53 [INFO] 初始化主窗口
2025-04-29 20:15:53 [INFO] 项目列表已刷新
2025-04-29 20:15:53 [INFO] 主窗口初始化完成
2025-04-29 20:15:53 [INFO] 应用程序界面已显示
2025-04-29 20:15:55 [INFO] 切换到POC制作页面
2025-04-29 20:16:31 [INFO] 切换到首页
2025-04-29 20:16:38 [INFO] 切换到设置页面
2025-04-29 20:16:40 [INFO] 切换到首页
2025-04-29 20:16:41 [INFO] 切换到POC制作页面
2025-04-29 20:16:41 [INFO] 切换到首页
2025-04-29 20:17:00 [INFO] 切换到POC制作页面
2025-04-29 20:20:38 [INFO] 启动视觉方案助手应用程序
2025-04-29 20:20:38 [INFO] 正在初始化数据库...
2025-04-29 20:20:38 [INFO] 数据库初始化完成
2025-04-29 20:20:38 [INFO] 正在创建应用实例...
2025-04-29 20:20:38 [INFO] 已设置应用程序图标
2025-04-29 20:20:38 [INFO] 初始化主窗口
2025-04-29 20:20:38 [INFO] 项目列表已刷新
2025-04-29 20:20:38 [INFO] 主窗口初始化完成
2025-04-29 20:20:38 [INFO] 应用程序界面已显示
2025-04-29 20:20:41 [INFO] 切换到POC制作页面
2025-04-29 20:24:46 [INFO] 启动视觉方案助手应用程序
2025-04-29 20:24:46 [INFO] 正在初始化数据库...
2025-04-29 20:24:46 [INFO] 数据库初始化完成
2025-04-29 20:24:46 [INFO] 正在创建应用实例...
2025-04-29 20:24:46 [INFO] 已设置应用程序图标
2025-04-29 20:24:46 [INFO] 初始化主窗口
2025-04-29 20:24:46 [INFO] 项目列表已刷新
2025-04-29 20:24:46 [INFO] 主窗口初始化完成
2025-04-29 20:24:46 [INFO] 应用程序界面已显示
2025-04-29 20:24:48 [INFO] 切换到POC制作页面
2025-04-29 20:40:03 [INFO] 启动视觉方案助手应用程序
2025-04-29 20:40:03 [INFO] 正在初始化数据库...
2025-04-29 20:40:03 [INFO] 数据库初始化完成
2025-04-29 20:40:03 [INFO] 正在创建应用实例...
2025-04-29 20:40:03 [INFO] 已设置应用程序图标
2025-04-29 20:40:03 [INFO] 初始化主窗口
2025-04-29 20:40:03 [INFO] 项目列表已刷新
2025-04-29 20:40:03 [INFO] 主窗口初始化完成
2025-04-29 20:40:03 [INFO] 应用程序界面已显示
2025-04-29 20:40:05 [INFO] 切换到POC制作页面
2025-04-29 20:48:58 [INFO] 启动视觉方案助手应用程序
2025-04-29 20:48:58 [INFO] 正在初始化数据库...
2025-04-29 20:48:58 [INFO] 数据库初始化完成
2025-04-29 20:48:58 [INFO] 正在创建应用实例...
2025-04-29 20:48:58 [INFO] 已设置应用程序图标
2025-04-29 20:48:58 [INFO] 初始化主窗口
2025-04-29 20:48:58 [INFO] 项目列表已刷新
2025-04-29 20:48:58 [INFO] 主窗口初始化完成
2025-04-29 20:48:58 [INFO] 应用程序界面已显示
2025-04-29 20:49:00 [INFO] 切换到POC制作页面
2025-04-29 20:49:26 [INFO] 切换到首页
2025-04-29 20:49:28 [INFO] 切换到POC制作页面
2025-04-29 20:50:32 [INFO] 尝试访问开发中的缺陷分析功能
2025-04-29 20:50:35 [INFO] 切换到POC制作页面
2025-04-29 20:50:38 [INFO] 切换到首页
2025-04-29 20:50:45 [INFO] 切换到POC制作页面
2025-04-29 20:57:03 [INFO] 启动视觉方案助手应用程序
2025-04-29 20:57:03 [INFO] 正在初始化数据库...
2025-04-29 20:57:03 [INFO] 数据库初始化完成
2025-04-29 20:57:03 [INFO] 正在创建应用实例...
2025-04-29 20:57:03 [INFO] 已设置应用程序图标
2025-04-29 20:57:03 [INFO] 初始化主窗口
2025-04-29 20:57:03 [INFO] 项目列表已刷新
2025-04-29 20:57:03 [INFO] 主窗口初始化完成
2025-04-29 20:57:03 [INFO] 应用程序界面已显示
2025-04-29 20:57:04 [INFO] 切换到POC制作页面
2025-04-29 21:00:39 [INFO] 启动视觉方案助手应用程序
2025-04-29 21:00:39 [INFO] 正在初始化数据库...
2025-04-29 21:00:39 [INFO] 数据库初始化完成
2025-04-29 21:00:39 [INFO] 正在创建应用实例...
2025-04-29 21:00:39 [INFO] 已设置应用程序图标
2025-04-29 21:00:39 [INFO] 初始化主窗口
2025-04-29 21:00:39 [INFO] 项目列表已刷新
2025-04-29 21:00:39 [INFO] 主窗口初始化完成
2025-04-29 21:00:39 [INFO] 应用程序界面已显示
2025-04-29 21:00:40 [INFO] 切换到POC制作页面
2025-04-29 21:01:29 [INFO] 切换到首页
2025-04-29 21:03:02 [INFO] 切换到POC制作页面
2025-04-29 21:04:20 [INFO] 切换到首页
2025-04-29 21:04:21 [INFO] 切换到POC制作页面
2025-04-29 21:07:57 [INFO] 启动视觉方案助手应用程序
2025-04-29 21:07:57 [INFO] 正在初始化数据库...
2025-04-29 21:07:57 [INFO] 数据库初始化完成
2025-04-29 21:07:57 [INFO] 正在创建应用实例...
2025-04-29 21:07:57 [INFO] 已设置应用程序图标
2025-04-29 21:07:57 [INFO] 初始化主窗口
2025-04-29 21:07:57 [INFO] 项目列表已刷新
2025-04-29 21:07:57 [INFO] 主窗口初始化完成
2025-04-29 21:07:57 [INFO] 应用程序界面已显示
2025-04-29 21:07:59 [INFO] 切换到POC制作页面
2025-04-29 21:17:25 [INFO] 启动视觉方案助手应用程序
2025-04-29 21:17:25 [INFO] 正在初始化数据库...
2025-04-29 21:17:25 [INFO] 数据库初始化完成
2025-04-29 21:17:25 [INFO] 正在创建应用实例...
2025-04-29 21:17:25 [INFO] 已设置应用程序图标
2025-04-29 21:17:25 [INFO] 初始化主窗口
2025-04-29 21:17:25 [INFO] 项目列表已刷新
2025-04-29 21:17:25 [INFO] 主窗口初始化完成
2025-04-29 21:17:25 [INFO] 应用程序界面已显示
2025-04-29 21:17:28 [INFO] 切换到POC制作页面
2025-04-29 21:21:15 [INFO] 启动视觉方案助手应用程序
2025-04-29 21:21:15 [INFO] 正在初始化数据库...
2025-04-29 21:21:15 [INFO] 数据库初始化完成
2025-04-29 21:21:15 [INFO] 正在创建应用实例...
2025-04-29 21:21:15 [INFO] 已设置应用程序图标
2025-04-29 21:21:15 [INFO] 初始化主窗口
2025-04-29 21:21:15 [INFO] 项目列表已刷新
2025-04-29 21:21:15 [INFO] 主窗口初始化完成
2025-04-29 21:21:15 [INFO] 应用程序界面已显示
2025-04-29 21:21:16 [INFO] 切换到POC制作页面
2025-04-29 21:25:22 [INFO] 启动视觉方案助手应用程序
2025-04-29 21:25:22 [INFO] 正在初始化数据库...
2025-04-29 21:25:22 [INFO] 数据库初始化完成
2025-04-29 21:25:22 [INFO] 正在创建应用实例...
2025-04-29 21:25:22 [INFO] 已设置应用程序图标
2025-04-29 21:25:22 [INFO] 初始化主窗口
2025-04-29 21:25:22 [INFO] 项目列表已刷新
2025-04-29 21:25:22 [INFO] 主窗口初始化完成
2025-04-29 21:25:22 [INFO] 应用程序界面已显示
2025-04-29 21:25:24 [INFO] 切换到POC制作页面
2025-04-29 21:27:26 [INFO] 启动视觉方案助手应用程序
2025-04-29 21:27:26 [INFO] 正在初始化数据库...
2025-04-29 21:27:26 [INFO] 数据库初始化完成
2025-04-29 21:27:26 [INFO] 正在创建应用实例...
2025-04-29 21:27:26 [INFO] 已设置应用程序图标
2025-04-29 21:27:26 [INFO] 初始化主窗口
2025-04-29 21:27:26 [INFO] 项目列表已刷新
2025-04-29 21:27:26 [INFO] 主窗口初始化完成
2025-04-29 21:27:26 [INFO] 应用程序界面已显示
2025-04-29 21:27:28 [INFO] 切换到POC制作页面
2025-04-29 21:27:34 [INFO] 启动视觉方案助手应用程序
2025-04-29 21:27:34 [INFO] 正在初始化数据库...
2025-04-29 21:27:34 [INFO] 数据库初始化完成
2025-04-29 21:27:34 [INFO] 正在创建应用实例...
2025-04-29 21:27:34 [INFO] 已设置应用程序图标
2025-04-29 21:27:34 [INFO] 初始化主窗口
2025-04-29 21:27:34 [INFO] 项目列表已刷新
2025-04-29 21:27:34 [INFO] 主窗口初始化完成
2025-04-29 21:27:34 [INFO] 应用程序界面已显示
2025-04-29 21:32:10 [INFO] 启动视觉方案助手应用程序
2025-04-29 21:32:10 [INFO] 正在初始化数据库...
2025-04-29 21:32:10 [INFO] 数据库初始化完成
2025-04-29 21:32:10 [INFO] 正在创建应用实例...
2025-04-29 21:32:10 [INFO] 已设置应用程序图标
2025-04-29 21:32:10 [INFO] 初始化主窗口
2025-04-29 21:32:10 [INFO] 项目列表已刷新
2025-04-29 21:32:10 [INFO] 主窗口初始化完成
2025-04-29 21:32:10 [INFO] 应用程序界面已显示
2025-04-29 21:32:14 [INFO] 切换到POC制作页面
2025-04-29 21:33:03 [INFO] 启动视觉方案助手应用程序
2025-04-29 21:33:03 [INFO] 正在初始化数据库...
2025-04-29 21:33:03 [INFO] 数据库初始化完成
2025-04-29 21:33:03 [INFO] 正在创建应用实例...
2025-04-29 21:33:03 [INFO] 已设置应用程序图标
2025-04-29 21:33:03 [INFO] 初始化主窗口
2025-04-29 21:33:03 [INFO] 项目列表已刷新
2025-04-29 21:33:03 [INFO] 主窗口初始化完成
2025-04-29 21:33:03 [INFO] 应用程序界面已显示
2025-04-29 21:33:05 [INFO] 切换到POC制作页面
2025-04-29 21:37:30 [INFO] 启动视觉方案助手应用程序
2025-04-29 21:37:30 [INFO] 正在初始化数据库...
2025-04-29 21:37:30 [INFO] 数据库初始化完成
2025-04-29 21:37:30 [INFO] 正在创建应用实例...
2025-04-29 21:37:30 [INFO] 已设置应用程序图标
2025-04-29 21:37:30 [INFO] 初始化主窗口
2025-04-29 21:37:30 [INFO] 项目列表已刷新
2025-04-29 21:37:30 [INFO] 主窗口初始化完成
2025-04-29 21:37:30 [INFO] 应用程序界面已显示
2025-04-29 21:37:31 [INFO] 切换到POC制作页面
2025-04-29 21:41:33 [INFO] 启动视觉方案助手应用程序
2025-04-29 21:41:33 [INFO] 正在初始化数据库...
2025-04-29 21:41:33 [INFO] 数据库初始化完成
2025-04-29 21:41:33 [INFO] 正在创建应用实例...
2025-04-29 21:41:33 [INFO] 已设置应用程序图标
2025-04-29 21:41:33 [INFO] 初始化主窗口
2025-04-29 21:41:33 [INFO] 项目列表已刷新
2025-04-29 21:41:33 [INFO] 主窗口初始化完成
2025-04-29 21:41:33 [INFO] 应用程序界面已显示
2025-04-29 21:41:35 [INFO] 切换到POC制作页面
2025-04-29 21:43:37 [INFO] 启动视觉方案助手应用程序
2025-04-29 21:43:37 [INFO] 正在初始化数据库...
2025-04-29 21:43:37 [INFO] 数据库初始化完成
2025-04-29 21:43:37 [INFO] 正在创建应用实例...
2025-04-29 21:43:37 [INFO] 已设置应用程序图标
2025-04-29 21:43:37 [INFO] 初始化主窗口
2025-04-29 21:43:37 [INFO] 项目列表已刷新
2025-04-29 21:43:37 [INFO] 主窗口初始化完成
2025-04-29 21:43:37 [INFO] 应用程序界面已显示
2025-04-29 21:43:39 [INFO] 切换到POC制作页面
2025-04-29 21:46:23 [INFO] 启动视觉方案助手应用程序
2025-04-29 21:46:23 [INFO] 正在初始化数据库...
2025-04-29 21:46:23 [INFO] 数据库初始化完成
2025-04-29 21:46:23 [INFO] 正在创建应用实例...
2025-04-29 21:46:23 [INFO] 已设置应用程序图标
2025-04-29 21:46:23 [INFO] 初始化主窗口
2025-04-29 21:46:23 [INFO] 项目列表已刷新
2025-04-29 21:46:23 [INFO] 主窗口初始化完成
2025-04-29 21:46:23 [INFO] 应用程序界面已显示
2025-04-29 21:46:24 [INFO] 切换到POC制作页面
2025-04-29 21:58:10 [INFO] 启动视觉方案助手应用程序
2025-04-29 21:58:10 [INFO] 正在初始化数据库...
2025-04-29 21:58:10 [INFO] 数据库初始化完成
2025-04-29 21:58:10 [INFO] 正在创建应用实例...
2025-04-29 21:58:10 [INFO] 已设置应用程序图标
2025-04-29 21:58:10 [INFO] 初始化主窗口
2025-04-29 21:58:10 [INFO] 项目列表已刷新
2025-04-29 21:58:10 [INFO] 主窗口初始化完成
2025-04-29 21:58:10 [INFO] 应用程序界面已显示
2025-04-29 21:58:11 [INFO] 切换到POC制作页面
2025-04-29 22:01:58 [INFO] 启动视觉方案助手应用程序
2025-04-29 22:01:58 [INFO] 正在初始化数据库...
2025-04-29 22:01:58 [INFO] 数据库初始化完成
2025-04-29 22:01:58 [INFO] 正在创建应用实例...
2025-04-29 22:01:58 [INFO] 已设置应用程序图标
2025-04-29 22:01:58 [INFO] 初始化主窗口
2025-04-29 22:01:58 [INFO] 项目列表已刷新
2025-04-29 22:01:58 [INFO] 主窗口初始化完成
2025-04-29 22:01:58 [INFO] 应用程序界面已显示
2025-04-29 22:01:59 [INFO] 切换到POC制作页面
2025-04-29 22:13:17 [INFO] 启动视觉方案助手应用程序
2025-04-29 22:13:17 [INFO] 正在初始化数据库...
2025-04-29 22:13:17 [INFO] 数据库初始化完成
2025-04-29 22:13:17 [INFO] 正在创建应用实例...
2025-04-29 22:13:17 [INFO] 已设置应用程序图标
2025-04-29 22:13:17 [INFO] 初始化主窗口
2025-04-29 22:13:17 [INFO] 项目列表已刷新
2025-04-29 22:13:17 [INFO] 主窗口初始化完成
2025-04-29 22:13:17 [INFO] 应用程序界面已显示
2025-04-29 22:13:19 [INFO] 切换到POC制作页面
2025-04-29 22:16:11 [INFO] 启动视觉方案助手应用程序
2025-04-29 22:16:11 [INFO] 正在初始化数据库...
2025-04-29 22:16:11 [INFO] 数据库初始化完成
2025-04-29 22:16:11 [INFO] 正在创建应用实例...
2025-04-29 22:16:11 [INFO] 已设置应用程序图标
2025-04-29 22:16:11 [INFO] 初始化主窗口
2025-04-29 22:16:11 [INFO] 项目列表已刷新
2025-04-29 22:16:11 [INFO] 主窗口初始化完成
2025-04-29 22:16:11 [INFO] 应用程序界面已显示
2025-04-29 22:16:16 [INFO] 启动视觉方案助手应用程序
2025-04-29 22:16:16 [INFO] 正在初始化数据库...
2025-04-29 22:16:16 [INFO] 数据库初始化完成
2025-04-29 22:16:16 [INFO] 正在创建应用实例...
2025-04-29 22:16:16 [INFO] 已设置应用程序图标
2025-04-29 22:16:16 [INFO] 初始化主窗口
2025-04-29 22:16:16 [INFO] 项目列表已刷新
2025-04-29 22:16:16 [INFO] 主窗口初始化完成
2025-04-29 22:16:16 [INFO] 应用程序界面已显示
2025-04-29 22:16:18 [INFO] 切换到设置页面
2025-04-29 22:21:41 [INFO] 启动视觉方案助手应用程序
2025-04-29 22:21:41 [INFO] 正在初始化数据库...
2025-04-29 22:21:41 [INFO] 数据库初始化完成
2025-04-29 22:21:41 [INFO] 正在创建应用实例...
2025-04-29 22:21:41 [INFO] 已设置应用程序图标
2025-04-29 22:21:41 [INFO] 初始化主窗口
2025-04-29 22:21:41 [INFO] 项目列表已刷新
2025-04-29 22:21:41 [INFO] 主窗口初始化完成
2025-04-29 22:21:41 [INFO] 应用程序界面已显示
2025-04-29 22:21:43 [INFO] 切换到POC制作页面
2025-04-29 22:21:57 [INFO] 启动视觉方案助手应用程序
2025-04-29 22:21:57 [INFO] 正在初始化数据库...
2025-04-29 22:21:57 [INFO] 数据库初始化完成
2025-04-29 22:21:57 [INFO] 正在创建应用实例...
2025-04-29 22:21:57 [INFO] 已设置应用程序图标
2025-04-29 22:21:57 [INFO] 初始化主窗口
2025-04-29 22:21:57 [INFO] 项目列表已刷新
2025-04-29 22:21:57 [INFO] 主窗口初始化完成
2025-04-29 22:21:57 [INFO] 应用程序界面已显示
2025-04-29 22:21:58 [INFO] 切换到设置页面
2025-04-29 22:22:05 [INFO] 已选择项目文件夹: /home/unitx/桌面
2025-04-29 22:22:08 [INFO] 设置已保存
2025-04-29 22:22:10 [INFO] 切换到POC制作页面
2025-04-29 22:22:15 [INFO] 切换到首页
2025-04-29 22:22:17 [INFO] 切换到首页
2025-04-29 22:22:17 [INFO] 切换到设置页面
2025-04-29 22:22:21 [INFO] 已选择项目文件夹: /home/unitx/桌面/workflows
2025-04-29 22:22:22 [INFO] 设置已保存
2025-04-29 22:22:26 [INFO] 切换到首页
2025-04-29 22:22:27 [INFO] 切换到POC制作页面
2025-04-29 22:26:48 [INFO] 启动视觉方案助手应用程序
2025-04-29 22:26:48 [INFO] 正在初始化数据库...
2025-04-29 22:26:48 [INFO] 数据库初始化完成
2025-04-29 22:26:48 [INFO] 正在创建应用实例...
2025-04-29 22:26:48 [INFO] 已设置应用程序图标
2025-04-29 22:26:48 [INFO] 初始化主窗口
2025-04-29 22:26:48 [INFO] 项目列表已刷新
2025-04-29 22:26:48 [INFO] 主窗口初始化完成
2025-04-29 22:26:48 [INFO] 应用程序界面已显示
2025-04-29 22:26:49 [INFO] 切换到POC制作页面
2025-04-29 22:35:26 [INFO] 启动视觉方案助手应用程序
2025-04-29 22:35:26 [INFO] 正在初始化数据库...
2025-04-29 22:35:26 [INFO] 数据库初始化完成
2025-04-29 22:35:26 [INFO] 正在创建应用实例...
2025-04-29 22:35:26 [INFO] 已设置应用程序图标
2025-04-29 22:35:26 [INFO] 初始化主窗口
2025-04-29 22:35:26 [INFO] 项目列表已刷新
2025-04-29 22:35:26 [INFO] 主窗口初始化完成
2025-04-29 22:35:26 [INFO] 应用程序界面已显示
2025-04-29 22:35:28 [INFO] 切换到POC制作页面
2025-04-29 22:35:41 [INFO] 尝试访问开发中的缺陷分析功能
2025-04-29 22:35:43 [INFO] 切换到POC制作页面
2025-04-29 22:36:11 [INFO] 启动视觉方案助手应用程序
2025-04-29 22:36:11 [INFO] 正在初始化数据库...
2025-04-29 22:36:11 [INFO] 数据库初始化完成
2025-04-29 22:36:11 [INFO] 正在创建应用实例...
2025-04-29 22:36:11 [INFO] 已设置应用程序图标
2025-04-29 22:36:11 [INFO] 初始化主窗口
2025-04-29 22:36:11 [INFO] 项目列表已刷新
2025-04-29 22:36:11 [INFO] 主窗口初始化完成
2025-04-29 22:36:11 [INFO] 应用程序界面已显示
2025-04-29 22:36:13 [INFO] 切换到POC制作页面
2025-04-29 22:37:20 [INFO] 启动视觉方案助手应用程序
2025-04-29 22:37:20 [INFO] 正在初始化数据库...
2025-04-29 22:37:20 [INFO] 数据库初始化完成
2025-04-29 22:37:20 [INFO] 正在创建应用实例...
2025-04-29 22:37:20 [INFO] 已设置应用程序图标
2025-04-29 22:37:20 [INFO] 初始化主窗口
2025-04-29 22:37:20 [INFO] 项目列表已刷新
2025-04-29 22:37:20 [INFO] 主窗口初始化完成
2025-04-29 22:37:20 [INFO] 应用程序界面已显示
2025-04-29 22:37:22 [INFO] 切换到POC制作页面
2025-04-29 22:39:24 [INFO] 启动视觉方案助手应用程序
2025-04-29 22:39:24 [INFO] 正在初始化数据库...
2025-04-29 22:39:24 [INFO] 数据库初始化完成
2025-04-29 22:39:24 [INFO] 正在创建应用实例...
2025-04-29 22:39:24 [INFO] 已设置应用程序图标
2025-04-29 22:39:24 [INFO] 初始化主窗口
2025-04-29 22:39:24 [INFO] 项目列表已刷新
2025-04-29 22:39:24 [INFO] 主窗口初始化完成
2025-04-29 22:39:24 [INFO] 应用程序界面已显示
2025-04-29 22:39:25 [INFO] 切换到POC制作页面
2025-04-29 22:40:17 [INFO] 启动视觉方案助手应用程序
2025-04-29 22:40:17 [INFO] 正在初始化数据库...
2025-04-29 22:40:17 [INFO] 数据库初始化完成
2025-04-29 22:40:17 [INFO] 正在创建应用实例...
2025-04-29 22:40:17 [INFO] 已设置应用程序图标
2025-04-29 22:40:17 [INFO] 初始化主窗口
2025-04-29 22:40:17 [INFO] 项目列表已刷新
2025-04-29 22:40:17 [INFO] 主窗口初始化完成
2025-04-29 22:40:17 [INFO] 应用程序界面已显示
2025-04-29 22:40:18 [INFO] 切换到POC制作页面
2025-04-29 22:43:26 [INFO] 启动视觉方案助手应用程序
2025-04-29 22:43:26 [INFO] 正在初始化数据库...
2025-04-29 22:43:26 [INFO] 数据库初始化完成
2025-04-29 22:43:26 [INFO] 正在创建应用实例...
2025-04-29 22:43:26 [INFO] 已设置应用程序图标
2025-04-29 22:43:26 [INFO] 初始化主窗口
2025-04-29 22:43:26 [INFO] 项目列表已刷新
2025-04-29 22:43:26 [INFO] 主窗口初始化完成
2025-04-29 22:43:26 [INFO] 应用程序界面已显示
2025-04-29 22:43:27 [INFO] 切换到POC制作页面
2025-04-29 22:52:40 [INFO] 启动视觉方案助手应用程序
2025-04-29 22:52:40 [INFO] 正在初始化数据库...
2025-04-29 22:52:40 [INFO] 数据库初始化完成
2025-04-29 22:52:40 [INFO] 正在创建应用实例...
2025-04-29 22:52:40 [INFO] 已设置应用程序图标
2025-04-29 22:52:40 [INFO] 初始化主窗口
2025-04-29 22:52:40 [INFO] 项目列表已刷新
2025-04-29 22:52:40 [INFO] 主窗口初始化完成
2025-04-29 22:52:40 [INFO] 应用程序界面已显示
2025-04-29 22:52:42 [INFO] 切换到POC制作页面
2025-04-29 22:52:53 [INFO] 启动视觉方案助手应用程序
2025-04-29 22:52:53 [INFO] 正在初始化数据库...
2025-04-29 22:52:53 [INFO] 数据库初始化完成
2025-04-29 22:52:53 [INFO] 正在创建应用实例...
2025-04-29 22:52:53 [INFO] 已设置应用程序图标
2025-04-29 22:52:53 [INFO] 初始化主窗口
2025-04-29 22:52:53 [INFO] 项目列表已刷新
2025-04-29 22:52:53 [INFO] 主窗口初始化完成
2025-04-29 22:52:53 [INFO] 应用程序界面已显示
2025-04-29 22:52:55 [INFO] 切换到POC制作页面
2025-04-29 23:01:01 [INFO] 启动视觉方案助手应用程序
2025-04-29 23:01:01 [INFO] 正在初始化数据库...
2025-04-29 23:01:01 [INFO] 数据库初始化完成
2025-04-29 23:01:01 [INFO] 正在创建应用实例...
2025-04-29 23:01:01 [INFO] 已设置应用程序图标
2025-04-29 23:01:01 [INFO] 初始化主窗口
2025-04-29 23:01:01 [INFO] 项目列表已刷新
2025-04-29 23:01:01 [INFO] 主窗口初始化完成
2025-04-29 23:01:01 [INFO] 应用程序界面已显示
2025-04-29 23:01:02 [INFO] 切换到POC制作页面
2025-04-29 23:04:45 [INFO] 切换到首页
2025-04-29 23:05:01 [INFO] 切换到POC制作页面
2025-04-29 23:11:46 [INFO] 启动视觉方案助手应用程序
2025-04-29 23:11:46 [INFO] 正在初始化数据库...
2025-04-29 23:11:46 [INFO] 数据库初始化完成
2025-04-29 23:11:46 [INFO] 正在创建应用实例...
2025-04-29 23:11:46 [INFO] 已设置应用程序图标
2025-04-29 23:11:46 [INFO] 初始化主窗口
2025-04-29 23:11:46 [INFO] 项目列表已刷新
2025-04-29 23:11:46 [INFO] 主窗口初始化完成
2025-04-29 23:11:46 [INFO] 应用程序界面已显示
2025-04-29 23:11:49 [INFO] 切换到POC制作页面
2025-04-29 23:14:02 [INFO] 切换到首页
2025-04-29 23:14:24 [INFO] 切换到POC制作页面
2025-04-29 23:20:08 [INFO] 启动视觉方案助手应用程序
2025-04-29 23:20:08 [INFO] 正在初始化数据库...
2025-04-29 23:20:08 [INFO] 数据库初始化完成
2025-04-29 23:20:08 [INFO] 正在创建应用实例...
2025-04-29 23:20:08 [INFO] 已设置应用程序图标
2025-04-29 23:20:08 [INFO] 初始化主窗口
2025-04-29 23:20:08 [INFO] 项目列表已刷新
2025-04-29 23:20:08 [INFO] 主窗口初始化完成
2025-04-29 23:20:08 [INFO] 应用程序界面已显示
2025-04-29 23:20:11 [INFO] 切换到POC制作页面
2025-04-29 23:26:49 [INFO] 启动视觉方案助手应用程序
2025-04-29 23:26:49 [INFO] 正在初始化数据库...
2025-04-29 23:26:49 [INFO] 数据库初始化完成
2025-04-29 23:26:49 [INFO] 正在创建应用实例...
2025-04-29 23:26:49 [INFO] 已设置应用程序图标
2025-04-29 23:26:49 [INFO] 初始化主窗口
2025-04-29 23:26:49 [INFO] 项目列表已刷新
2025-04-29 23:26:49 [INFO] 主窗口初始化完成
2025-04-29 23:26:49 [INFO] 应用程序界面已显示
2025-04-29 23:26:51 [INFO] 切换到POC制作页面
2025-04-29 23:40:22 [INFO] 启动视觉方案助手应用程序
2025-04-29 23:40:22 [INFO] 正在初始化数据库...
2025-04-29 23:40:22 [INFO] 数据库初始化完成
2025-04-29 23:40:22 [INFO] 正在创建应用实例...
2025-04-29 23:40:22 [INFO] 已设置应用程序图标
2025-04-29 23:40:22 [INFO] 初始化主窗口
2025-04-29 23:40:22 [INFO] 项目列表已刷新
2025-04-29 23:40:22 [INFO] 主窗口初始化完成
2025-04-29 23:40:22 [INFO] 应用程序界面已显示
2025-04-29 23:40:24 [INFO] 切换到POC制作页面
2025-04-29 23:49:59 [INFO] 启动视觉方案助手应用程序
2025-04-29 23:49:59 [INFO] 正在初始化数据库...
2025-04-29 23:49:59 [INFO] 数据库初始化完成
2025-04-29 23:49:59 [INFO] 正在创建应用实例...
2025-04-29 23:49:59 [INFO] 已设置应用程序图标
2025-04-29 23:49:59 [INFO] 初始化主窗口
2025-04-29 23:49:59 [INFO] 项目列表已刷新
2025-04-29 23:49:59 [INFO] 主窗口初始化完成
2025-04-29 23:49:59 [INFO] 应用程序界面已显示
2025-04-29 23:50:03 [INFO] 切换到POC制作页面
2025-04-29 23:52:59 [INFO] 切换到首页
2025-04-29 23:53:14 [INFO] 切换到POC制作页面
